{"meta": {"format": 3, "version": "7.13.5", "timestamp": "2026-04-25T10:24:52.851485", "branch_coverage": false, "show_contexts": false}, "files": {"testql/__init__.py": {"executed_lines": [3], "summary": {"covered_lines": 1, "num_statements": 1, "percent_covered": 100.0, "percent_covered_display": "100", "missing_lines": 0, "excluded_lines": 0, "percent_statements_covered": 100.0, "percent_statements_covered_display": "100"}, "missing_lines": [], "excluded_lines": [], "functions": {"": {"executed_lines": [3], "summary": {"covered_lines": 1, "num_statements": 1, "percent_covered": 100.0, "percent_covered_display": "100", "missing_lines": 0, "excluded_lines": 0, "percent_statements_covered": 100.0, "percent_statements_covered_display": "100"}, "missing_lines": [], "excluded_lines": [], "start_line": 1}}, "classes": {"": {"executed_lines": [3], "summary": {"covered_lines": 1, "num_statements": 1, "percent_covered": 100.0, "percent_covered_display": "100", "missing_lines": 0, "excluded_lines": 0, "percent_statements_covered": 100.0, "percent_statements_covered_display": "100"}, "missing_lines": [], "excluded_lines": [], "start_line": 1}}}, "testql/__main__.py": {"executed_lines": [], "summary": {"covered_lines": 0, "num_statements": 3, "percent_covered": 0.0, "percent_covered_display": "0", "missing_lines": 3, "excluded_lines": 0, "percent_statements_covered": 0.0, "percent_statements_covered_display": "0"}, "missing_lines": [3, 5, 6], "excluded_lines": [], "functions": {"": {"executed_lines": [], "summary": {"covered_lines": 0, "num_statements": 3, "percent_covered": 0.0, "percent_covered_display": "0", "missing_lines": 3, "excluded_lines": 0, "percent_statements_covered": 0.0, "percent_statements_covered_display": "0"}, "missing_lines": [3, 5, 6], "excluded_lines": [], "start_line": 1}}, "classes": {"": {"executed_lines": [], "summary": {"covered_lines": 0, "num_statements": 3, "percent_covered": 0.0, "percent_covered_display": "0", "missing_lines": 3, "excluded_lines": 0, "percent_statements_covered": 0.0, "percent_statements_covered_display": "0"}, "missing_lines": [3, 5, 6], "excluded_lines": [], "start_line": 1}}}, "testql/_base_fallback.py": {"executed_lines": [5, 7, 8, 9, 10, 11, 12, 16, 17, 18, 19, 20, 21, 22, 23, 25, 26, 27, 28, 29, 30, 31, 32, 34, 35, 36, 37, 38, 39, 40, 41, 42, 44, 45, 46, 48, 49, 50, 52, 53, 54, 55, 59, 62, 63, 65, 66, 68, 69, 71, 72, 74, 75, 77, 78, 80, 82, 83, 84, 85, 87, 88, 89, 93, 96, 97, 98, 100, 101, 102, 103, 105, 106, 108, 109, 111, 112, 114, 115, 117, 118, 120, 121, 125, 128, 129, 130, 131, 132, 133, 134, 136, 137, 141, 142, 146, 148, 149, 150, 151, 152, 154, 161, 162, 172, 179, 184, 194, 203, 219, 220], "summary": {"covered_lines": 111, "num_statements": 146, "percent_covered": 76.02739726027397, "percent_covered_display": "76", "missing_lines": 35, "excluded_lines": 4, "percent_statements_covered": 76.02739726027397, "percent_statements_covered_display": "76"}, "missing_lines": [156, 157, 158, 164, 165, 166, 167, 168, 180, 181, 182, 185, 186, 187, 188, 189, 190, 191, 192, 195, 196, 197, 198, 199, 200, 201, 204, 205, 206, 207, 214, 215, 216, 217, 221], "excluded_lines": [139, 140, 144, 145], "functions": {"ScriptResult.passed": {"executed_lines": [46], "summary": {"covered_lines": 1, "num_statements": 1, "percent_covered": 100.0, "percent_covered_display": "100", "missing_lines": 0, "excluded_lines": 0, "percent_statements_covered": 100.0, "percent_statements_covered_display": "100"}, "missing_lines": [], "excluded_lines": [], "start_line": 45}, "ScriptResult.failed": {"executed_lines": [50], "summary": {"covered_lines": 1, "num_statements": 1, "percent_covered": 100.0, "percent_covered_display": "100", "missing_lines": 0, "excluded_lines": 0, "percent_statements_covered": 100.0, "percent_statements_covered_display": "100"}, "missing_lines": [], "excluded_lines": [], "start_line": 49}, "ScriptResult.summary": {"executed_lines": [53, 54, 55], "summary": {"covered_lines": 3, "num_statements": 3, "percent_covered": 100.0, "percent_covered_display": "100", "missing_lines": 0, "excluded_lines": 0, "percent_statements_covered": 100.0, "percent_statements_covered_display": "100"}, "missing_lines": [], "excluded_lines": [], "start_line": 52}, "VariableStore.__init__": {"executed_lines": [63], "summary": {"covered_lines": 1, "num_statements": 1, "percent_covered": 100.0, "percent_covered_display": "100", "missing_lines": 0, "excluded_lines": 0, "percent_statements_covered": 100.0, "percent_statements_covered_display": "100"}, "missing_lines": [], "excluded_lines": [], "start_line": 62}, "VariableStore.set": {"executed_lines": [66], "summary": {"covered_lines": 1, "num_statements": 1, "percent_covered": 100.0, "percent_covered_display": "100", "missing_lines": 0, "excluded_lines": 0, "percent_statements_covered": 100.0, "percent_statements_covered_display": "100"}, "missing_lines": [], "excluded_lines": [], "start_line": 65}, "VariableStore.get": {"executed_lines": [69], "summary": {"covered_lines": 1, "num_statements": 1, "percent_covered": 100.0, "percent_covered_display": "100", "missing_lines": 0, "excluded_lines": 0, "percent_statements_covered": 100.0, "percent_statements_covered_display": "100"}, "missing_lines": [], "excluded_lines": [], "start_line": 68}, "VariableStore.has": {"executed_lines": [72], "summary": {"covered_lines": 1, "num_statements": 1, "percent_covered": 100.0, "percent_covered_display": "100", "missing_lines": 0, "excluded_lines": 0, "percent_statements_covered": 100.0, "percent_statements_covered_display": "100"}, "missing_lines": [], "excluded_lines": [], "start_line": 71}, "VariableStore.all": {"executed_lines": [75], "summary": {"covered_lines": 1, "num_statements": 1, "percent_covered": 100.0, "percent_covered_display": "100", "missing_lines": 0, "excluded_lines": 0, "percent_statements_covered": 100.0, "percent_statements_covered_display": "100"}, "missing_lines": [], "excluded_lines": [], "start_line": 74}, "VariableStore.clear": {"executed_lines": [78], "summary": {"covered_lines": 1, "num_statements": 1, "percent_covered": 100.0, "percent_covered_display": "100", "missing_lines": 0, "excluded_lines": 0, "percent_statements_covered": 100.0, "percent_statements_covered_display": "100"}, "missing_lines": [], "excluded_lines": [], "start_line": 77}, "VariableStore.interpolate": {"executed_lines": [82, 87, 88, 89], "summary": {"covered_lines": 4, "num_statements": 4, "percent_covered": 100.0, "percent_covered_display": "100", "missing_lines": 0, "excluded_lines": 0, "percent_statements_covered": 100.0, "percent_statements_covered_display": "100"}, "missing_lines": [], "excluded_lines": [], "start_line": 80}, "VariableStore.interpolate._repl": {"executed_lines": [83, 84, 85], "summary": {"covered_lines": 3, "num_statements": 3, "percent_covered": 100.0, "percent_covered_display": "100", "missing_lines": 0, "excluded_lines": 0, "percent_statements_covered": 100.0, "percent_statements_covered_display": "100"}, "missing_lines": [], "excluded_lines": [], "start_line": 82}, "InterpreterOutput.__init__": {"executed_lines": [97, 98], "summary": {"covered_lines": 2, "num_statements": 2, "percent_covered": 100.0, "percent_covered_display": "100", "missing_lines": 0, "excluded_lines": 0, "percent_statements_covered": 100.0, "percent_statements_covered_display": "100"}, "missing_lines": [], "excluded_lines": [], "start_line": 96}, "InterpreterOutput.emit": {"executed_lines": [101, 102, 103], "summary": {"covered_lines": 3, "num_statements": 3, "percent_covered": 100.0, "percent_covered_display": "100", "missing_lines": 0, "excluded_lines": 0, "percent_statements_covered": 100.0, "percent_statements_covered_display": "100"}, "missing_lines": [], "excluded_lines": [], "start_line": 100}, "InterpreterOutput.info": {"executed_lines": [106], "summary": {"covered_lines": 1, "num_statements": 1, "percent_covered": 100.0, "percent_covered_display": "100", "missing_lines": 0, "excluded_lines": 0, "percent_statements_covered": 100.0, "percent_statements_covered_display": "100"}, "missing_lines": [], "excluded_lines": [], "start_line": 105}, "InterpreterOutput.ok": {"executed_lines": [109], "summary": {"covered_lines": 1, "num_statements": 1, "percent_covered": 100.0, "percent_covered_display": "100", "missing_lines": 0, "excluded_lines": 0, "percent_statements_covered": 100.0, "percent_statements_covered_display": "100"}, "missing_lines": [], "excluded_lines": [], "start_line": 108}, "InterpreterOutput.fail": {"executed_lines": [112], "summary": {"covered_lines": 1, "num_statements": 1, "percent_covered": 100.0, "percent_covered_display": "100", "missing_lines": 0, "excluded_lines": 0, "percent_statements_covered": 100.0, "percent_statements_covered_display": "100"}, "missing_lines": [], "excluded_lines": [], "start_line": 111}, "InterpreterOutput.warn": {"executed_lines": [115], "summary": {"covered_lines": 1, "num_statements": 1, "percent_covered": 100.0, "percent_covered_display": "100", "missing_lines": 0, "excluded_lines": 0, "percent_statements_covered": 100.0, "percent_statements_covered_display": "100"}, "missing_lines": [], "excluded_lines": [], "start_line": 114}, "InterpreterOutput.error": {"executed_lines": [118], "summary": {"covered_lines": 1, "num_statements": 1, "percent_covered": 100.0, "percent_covered_display": "100", "missing_lines": 0, "excluded_lines": 0, "percent_statements_covered": 100.0, "percent_statements_covered_display": "100"}, "missing_lines": [], "excluded_lines": [], "start_line": 117}, "InterpreterOutput.step": {"executed_lines": [121], "summary": {"covered_lines": 1, "num_statements": 1, "percent_covered": 100.0, "percent_covered_display": "100", "missing_lines": 0, "excluded_lines": 0, "percent_statements_covered": 100.0, "percent_statements_covered_display": "100"}, "missing_lines": [], "excluded_lines": [], "start_line": 120}, "BaseInterpreter.__init__": {"executed_lines": [129, 130, 131, 132, 133, 134], "summary": {"covered_lines": 6, "num_statements": 6, "percent_covered": 100.0, "percent_covered_display": "100", "missing_lines": 0, "excluded_lines": 0, "percent_statements_covered": 100.0, "percent_statements_covered_display": "100"}, "missing_lines": [], "excluded_lines": [], "start_line": 128}, "BaseInterpreter.parse": {"executed_lines": [], "summary": {"covered_lines": 0, "num_statements": 0, "percent_covered": 100.0, "percent_covered_display": "100", "missing_lines": 0, "excluded_lines": 1, "percent_statements_covered": 100.0, "percent_statements_covered_display": "100"}, "missing_lines": [], "excluded_lines": [139], "start_line": 137}, "BaseInterpreter.execute": {"executed_lines": [], "summary": {"covered_lines": 0, "num_statements": 0, "percent_covered": 100.0, "percent_covered_display": "100", "missing_lines": 0, "excluded_lines": 1, "percent_statements_covered": 100.0, "percent_statements_covered_display": "100"}, "missing_lines": [], "excluded_lines": [144], "start_line": 142}, "BaseInterpreter.run": {"executed_lines": [148, 149, 150, 151, 152], "summary": {"covered_lines": 5, "num_statements": 5, "percent_covered": 100.0, "percent_covered_display": "100", "missing_lines": 0, "excluded_lines": 0, "percent_statements_covered": 100.0, "percent_statements_covered_display": "100"}, "missing_lines": [], "excluded_lines": [], "start_line": 146}, "BaseInterpreter.run_file": {"executed_lines": [], "summary": {"covered_lines": 0, "num_statements": 3, "percent_covered": 0.0, "percent_covered_display": "0", "missing_lines": 3, "excluded_lines": 0, "percent_statements_covered": 0.0, "percent_statements_covered_display": "0"}, "missing_lines": [156, 157, 158], "excluded_lines": [], "start_line": 154}, "BaseInterpreter.strip_comments": {"executed_lines": [], "summary": {"covered_lines": 0, "num_statements": 5, "percent_covered": 0.0, "percent_covered_display": "0", "missing_lines": 5, "excluded_lines": 0, "percent_statements_covered": 0.0, "percent_statements_covered_display": "0"}, "missing_lines": [164, 165, 166, 167, 168], "excluded_lines": [], "start_line": 162}, "EventBridge.__init__": {"executed_lines": [], "summary": {"covered_lines": 0, "num_statements": 3, "percent_covered": 0.0, "percent_covered_display": "0", "missing_lines": 3, "excluded_lines": 0, "percent_statements_covered": 0.0, "percent_statements_covered_display": "0"}, "missing_lines": [180, 181, 182], "excluded_lines": [], "start_line": 179}, "EventBridge.connect": {"executed_lines": [], "summary": {"covered_lines": 0, "num_statements": 8, "percent_covered": 0.0, "percent_covered_display": "0", "missing_lines": 8, "excluded_lines": 0, "percent_statements_covered": 0.0, "percent_statements_covered_display": "0"}, "missing_lines": [185, 186, 187, 188, 189, 190, 191, 192], "excluded_lines": [], "start_line": 184}, "EventBridge.disconnect": {"executed_lines": [], "summary": {"covered_lines": 0, "num_statements": 7, "percent_covered": 0.0, "percent_covered_display": "0", "missing_lines": 7, "excluded_lines": 0, "percent_statements_covered": 0.0, "percent_statements_covered_display": "0"}, "missing_lines": [195, 196, 197, 198, 199, 200, 201], "excluded_lines": [], "start_line": 194}, "EventBridge.send_event": {"executed_lines": [], "summary": {"covered_lines": 0, "num_statements": 8, "percent_covered": 0.0, "percent_covered_display": "0", "missing_lines": 8, "excluded_lines": 0, "percent_statements_covered": 0.0, "percent_statements_covered_display": "0"}, "missing_lines": [204, 205, 206, 207, 214, 215, 216, 217], "excluded_lines": [], "start_line": 203}, "EventBridge.connected": {"executed_lines": [], "summary": {"covered_lines": 0, "num_statements": 1, "percent_covered": 0.0, "percent_covered_display": "0", "missing_lines": 1, "excluded_lines": 0, "percent_statements_covered": 0.0, "percent_statements_covered_display": "0"}, "missing_lines": [221], "excluded_lines": [], "start_line": 220}, "": {"executed_lines": [5, 7, 8, 9, 10, 11, 12, 16, 17, 18, 19, 20, 21, 22, 23, 25, 26, 27, 28, 29, 30, 31, 32, 34, 35, 36, 37, 38, 39, 40, 41, 42, 44, 45, 48, 49, 52, 59, 62, 65, 68, 71, 74, 77, 80, 93, 96, 100, 105, 108, 111, 114, 117, 120, 125, 128, 136, 137, 141, 142, 146, 154, 161, 162, 172, 179, 184, 194, 203, 219, 220], "summary": {"covered_lines": 71, "num_statements": 71, "percent_covered": 100.0, "percent_covered_display": "100", "missing_lines": 0, "excluded_lines": 2, "percent_statements_covered": 100.0, "percent_statements_covered_display": "100"}, "missing_lines": [], "excluded_lines": [140, 145], "start_line": 1}}, "classes": {"StepStatus": {"executed_lines": [], "summary": {"covered_lines": 0, "num_statements": 0, "percent_covered": 100.0, "percent_covered_display": "100", "missing_lines": 0, "excluded_lines": 0, "percent_statements_covered": 100.0, "percent_statements_covered_display": "100"}, "missing_lines": [], "excluded_lines": [], "start_line": 16}, "StepResult": {"executed_lines": [], "summary": {"covered_lines": 0, "num_statements": 0, "percent_covered": 100.0, "percent_covered_display": "100", "missing_lines": 0, "excluded_lines": 0, "percent_statements_covered": 100.0, "percent_statements_covered_display": "100"}, "missing_lines": [], "excluded_lines": [], "start_line": 26}, "ScriptResult": {"executed_lines": [46, 50, 53, 54, 55], "summary": {"covered_lines": 5, "num_statements": 5, "percent_covered": 100.0, "percent_covered_display": "100", "missing_lines": 0, "excluded_lines": 0, "percent_statements_covered": 100.0, "percent_statements_covered_display": "100"}, "missing_lines": [], "excluded_lines": [], "start_line": 35}, "VariableStore": {"executed_lines": [63, 66, 69, 72, 75, 78, 82, 83, 84, 85, 87, 88, 89], "summary": {"covered_lines": 13, "num_statements": 13, "percent_covered": 100.0, "percent_covered_display": "100", "missing_lines": 0, "excluded_lines": 0, "percent_statements_covered": 100.0, "percent_statements_covered_display": "100"}, "missing_lines": [], "excluded_lines": [], "start_line": 59}, "InterpreterOutput": {"executed_lines": [97, 98, 101, 102, 103, 106, 109, 112, 115, 118, 121], "summary": {"covered_lines": 11, "num_statements": 11, "percent_covered": 100.0, "percent_covered_display": "100", "missing_lines": 0, "excluded_lines": 0, "percent_statements_covered": 100.0, "percent_statements_covered_display": "100"}, "missing_lines": [], "excluded_lines": [], "start_line": 93}, "BaseInterpreter": {"executed_lines": [129, 130, 131, 132, 133, 134, 148, 149, 150, 151, 152], "summary": {"covered_lines": 11, "num_statements": 19, "percent_covered": 57.89473684210526, "percent_covered_display": "58", "missing_lines": 8, "excluded_lines": 2, "percent_statements_covered": 57.89473684210526, "percent_statements_covered_display": "58"}, "missing_lines": [156, 157, 158, 164, 165, 166, 167, 168], "excluded_lines": [139, 144], "start_line": 125}, "EventBridge": {"executed_lines": [], "summary": {"covered_lines": 0, "num_statements": 27, "percent_covered": 0.0, "percent_covered_display": "0", "missing_lines": 27, "excluded_lines": 0, "percent_statements_covered": 0.0, "percent_statements_covered_display": "0"}, "missing_lines": [180, 181, 182, 185, 186, 187, 188, 189, 190, 191, 192, 195, 196, 197, 198, 199, 200, 201, 204, 205, 206, 207, 214, 215, 216, 217, 221], "excluded_lines": [], "start_line": 172}, "": {"executed_lines": [5, 7, 8, 9, 10, 11, 12, 16, 17, 18, 19, 20, 21, 22, 23, 25, 26, 27, 28, 29, 30, 31, 32, 34, 35, 36, 37, 38, 39, 40, 41, 42, 44, 45, 48, 49, 52, 59, 62, 65, 68, 71, 74, 77, 80, 93, 96, 100, 105, 108, 111, 114, 117, 120, 125, 128, 136, 137, 141, 142, 146, 154, 161, 162, 172, 179, 184, 194, 203, 219, 220], "summary": {"covered_lines": 71, "num_statements": 71, "percent_covered": 100.0, "percent_covered_display": "100", "missing_lines": 0, "excluded_lines": 2, "percent_statements_covered": 100.0, "percent_statements_covered_display": "100"}, "missing_lines": [], "excluded_lines": [140, 145], "start_line": 1}}}, "testql/base.py": {"executed_lines": [8, 9, 18, 19, 29], "summary": {"covered_lines": 5, "num_statements": 5, "percent_covered": 100.0, "percent_covered_display": "100", "missing_lines": 0, "excluded_lines": 0, "percent_statements_covered": 100.0, "percent_statements_covered_display": "100"}, "missing_lines": [], "excluded_lines": [], "functions": {"": {"executed_lines": [8, 9, 18, 19, 29], "summary": {"covered_lines": 5, "num_statements": 5, "percent_covered": 100.0, "percent_covered_display": "100", "missing_lines": 0, "excluded_lines": 0, "percent_statements_covered": 100.0, "percent_statements_covered_display": "100"}, "missing_lines": [], "excluded_lines": [], "start_line": 1}}, "classes": {"": {"executed_lines": [8, 9, 18, 19, 29], "summary": {"covered_lines": 5, "num_statements": 5, "percent_covered": 100.0, "percent_covered_display": "100", "missing_lines": 0, "excluded_lines": 0, "percent_statements_covered": 100.0, "percent_statements_covered_display": "100"}, "missing_lines": [], "excluded_lines": [], "start_line": 1}}}, "testql/cli.py": {"executed_lines": [3, 5, 7, 8, 9, 10, 11, 14, 15, 16, 18, 21, 22, 23, 24, 25, 26, 27, 28, 29, 30, 31, 32, 33, 35, 40], "summary": {"covered_lines": 26, "num_statements": 28, "percent_covered": 92.85714285714286, "percent_covered_display": "93", "missing_lines": 2, "excluded_lines": 0, "percent_statements_covered": 92.85714285714286, "percent_statements_covered_display": "93"}, "missing_lines": [37, 41], "excluded_lines": [], "functions": {"cli": {"executed_lines": [18], "summary": {"covered_lines": 1, "num_statements": 1, "percent_covered": 100.0, "percent_covered_display": "100", "missing_lines": 0, "excluded_lines": 0, "percent_statements_covered": 100.0, "percent_statements_covered_display": "100"}, "missing_lines": [], "excluded_lines": [], "start_line": 16}, "main": {"executed_lines": [], "summary": {"covered_lines": 0, "num_statements": 1, "percent_covered": 0.0, "percent_covered_display": "0", "missing_lines": 1, "excluded_lines": 0, "percent_statements_covered": 0.0, "percent_statements_covered_display": "0"}, "missing_lines": [37], "excluded_lines": [], "start_line": 35}, "": {"executed_lines": [3, 5, 7, 8, 9, 10, 11, 14, 15, 16, 21, 22, 23, 24, 25, 26, 27, 28, 29, 30, 31, 32, 33, 35, 40], "summary": {"covered_lines": 25, "num_statements": 26, "percent_covered": 96.15384615384616, "percent_covered_display": "96", "missing_lines": 1, "excluded_lines": 0, "percent_statements_covered": 96.15384615384616, "percent_statements_covered_display": "96"}, "missing_lines": [41], "excluded_lines": [], "start_line": 1}}, "classes": {"": {"executed_lines": [3, 5, 7, 8, 9, 10, 11, 14, 15, 16, 18, 21, 22, 23, 24, 25, 26, 27, 28, 29, 30, 31, 32, 33, 35, 40], "summary": {"covered_lines": 26, "num_statements": 28, "percent_covered": 92.85714285714286, "percent_covered_display": "93", "missing_lines": 2, "excluded_lines": 0, "percent_statements_covered": 92.85714285714286, "percent_statements_covered_display": "93"}, "missing_lines": [37, 41], "excluded_lines": [], "start_line": 1}}}, "testql/commands/__init__.py": {"executed_lines": [3, 4, 5, 6, 7, 8, 9, 10, 12], "summary": {"covered_lines": 9, "num_statements": 9, "percent_covered": 100.0, "percent_covered_display": "100", "missing_lines": 0, "excluded_lines": 0, "percent_statements_covered": 100.0, "percent_statements_covered_display": "100"}, "missing_lines": [], "excluded_lines": [], "functions": {"": {"executed_lines": [3, 4, 5, 6, 7, 8, 9, 10, 12], "summary": {"covered_lines": 9, "num_statements": 9, "percent_covered": 100.0, "percent_covered_display": "100", "missing_lines": 0, "excluded_lines": 0, "percent_statements_covered": 100.0, "percent_statements_covered_display": "100"}, "missing_lines": [], "excluded_lines": [], "start_line": 1}}, "classes": {"": {"executed_lines": [3, 4, 5, 6, 7, 8, 9, 10, 12], "summary": {"covered_lines": 9, "num_statements": 9, "percent_covered": 100.0, "percent_covered_display": "100", "missing_lines": 0, "excluded_lines": 0, "percent_statements_covered": 100.0, "percent_statements_covered_display": "100"}, "missing_lines": [], "excluded_lines": [], "start_line": 1}}}, "testql/commands/echo.py": {"executed_lines": [], "summary": {"covered_lines": 0, "num_statements": 3, "percent_covered": 0.0, "percent_covered_display": "0", "missing_lines": 3, "excluded_lines": 0, "percent_statements_covered": 0.0, "percent_statements_covered_display": "0"}, "missing_lines": [7, 10, 18], "excluded_lines": [], "functions": {"": {"executed_lines": [], "summary": {"covered_lines": 0, "num_statements": 3, "percent_covered": 0.0, "percent_covered_display": "0", "missing_lines": 3, "excluded_lines": 0, "percent_statements_covered": 0.0, "percent_statements_covered_display": "0"}, "missing_lines": [7, 10, 18], "excluded_lines": [], "start_line": 1}}, "classes": {"": {"executed_lines": [], "summary": {"covered_lines": 0, "num_statements": 3, "percent_covered": 0.0, "percent_covered_display": "0", "missing_lines": 3, "excluded_lines": 0, "percent_statements_covered": 0.0, "percent_statements_covered_display": "0"}, "missing_lines": [7, 10, 18], "excluded_lines": [], "start_line": 1}}}, "testql/commands/echo/__init__.py": {"executed_lines": [10, 11, 12, 13, 14, 16], "summary": {"covered_lines": 6, "num_statements": 6, "percent_covered": 100.0, "percent_covered_display": "100", "missing_lines": 0, "excluded_lines": 0, "percent_statements_covered": 100.0, "percent_statements_covered_display": "100"}, "missing_lines": [], "excluded_lines": [], "functions": {"": {"executed_lines": [10, 11, 12, 13, 14, 16], "summary": {"covered_lines": 6, "num_statements": 6, "percent_covered": 100.0, "percent_covered_display": "100", "missing_lines": 0, "excluded_lines": 0, "percent_statements_covered": 100.0, "percent_statements_covered_display": "100"}, "missing_lines": [], "excluded_lines": [], "start_line": 1}}, "classes": {"": {"executed_lines": [10, 11, 12, 13, 14, 16], "summary": {"covered_lines": 6, "num_statements": 6, "percent_covered": 100.0, "percent_covered_display": "100", "missing_lines": 0, "excluded_lines": 0, "percent_statements_covered": 100.0, "percent_statements_covered_display": "100"}, "missing_lines": [], "excluded_lines": [], "start_line": 1}}}, "testql/commands/echo/cli.py": {"executed_lines": [3, 5, 6, 8, 10, 11, 14, 15, 16, 17, 18, 19, 20], "summary": {"covered_lines": 13, "num_statements": 22, "percent_covered": 59.09090909090909, "percent_covered_display": "59", "missing_lines": 9, "excluded_lines": 0, "percent_statements_covered": 59.09090909090909, "percent_statements_covered_display": "59"}, "missing_lines": [22, 24, 30, 31, 33, 35, 36, 37, 39], "excluded_lines": [], "functions": {"echo": {"executed_lines": [], "summary": {"covered_lines": 0, "num_statements": 9, "percent_covered": 0.0, "percent_covered_display": "0", "missing_lines": 9, "excluded_lines": 0, "percent_statements_covered": 0.0, "percent_statements_covered_display": "0"}, "missing_lines": [22, 24, 30, 31, 33, 35, 36, 37, 39], "excluded_lines": [], "start_line": 20}, "": {"executed_lines": [3, 5, 6, 8, 10, 11, 14, 15, 16, 17, 18, 19, 20], "summary": {"covered_lines": 13, "num_statements": 13, "percent_covered": 100.0, "percent_covered_display": "100", "missing_lines": 0, "excluded_lines": 0, "percent_statements_covered": 100.0, "percent_statements_covered_display": "100"}, "missing_lines": [], "excluded_lines": [], "start_line": 1}}, "classes": {"": {"executed_lines": [3, 5, 6, 8, 10, 11, 14, 15, 16, 17, 18, 19, 20], "summary": {"covered_lines": 13, "num_statements": 22, "percent_covered": 59.09090909090909, "percent_covered_display": "59", "missing_lines": 9, "excluded_lines": 0, "percent_statements_covered": 59.09090909090909, "percent_statements_covered_display": "59"}, "missing_lines": [22, 24, 30, 31, 33, 35, 36, 37, 39], "excluded_lines": [], "start_line": 1}}}, "testql/commands/echo/context.py": {"executed_lines": [3, 5, 6, 8, 9, 12, 14, 15, 16, 18, 21, 23, 24, 25, 26, 29, 35, 44, 45, 46, 50, 51, 52, 54], "summary": {"covered_lines": 24, "num_statements": 25, "percent_covered": 96.0, "percent_covered_display": "96", "missing_lines": 1, "excluded_lines": 0, "percent_statements_covered": 96.0, "percent_statements_covered_display": "96"}, "missing_lines": [47], "excluded_lines": [], "functions": {"_find_doql_file": {"executed_lines": [14, 15, 16, 18], "summary": {"covered_lines": 4, "num_statements": 4, "percent_covered": 100.0, "percent_covered_display": "100", "missing_lines": 0, "excluded_lines": 0, "percent_statements_covered": 100.0, "percent_statements_covered_display": "100"}, "missing_lines": [], "excluded_lines": [], "start_line": 12}, "_find_toon_path": {"executed_lines": [23, 24, 25, 26], "summary": {"covered_lines": 4, "num_statements": 4, "percent_covered": 100.0, "percent_covered_display": "100", "missing_lines": 0, "excluded_lines": 0, "percent_statements_covered": 100.0, "percent_statements_covered_display": "100"}, "missing_lines": [], "excluded_lines": [], "start_line": 21}, "generate_context": {"executed_lines": [35, 44, 45, 46, 50, 51, 52, 54], "summary": {"covered_lines": 8, "num_statements": 9, "percent_covered": 88.88888888888889, "percent_covered_display": "89", "missing_lines": 1, "excluded_lines": 0, "percent_statements_covered": 88.88888888888889, "percent_statements_covered_display": "89"}, "missing_lines": [47], "excluded_lines": [], "start_line": 29}, "": {"executed_lines": [3, 5, 6, 8, 9, 12, 21, 29], "summary": {"covered_lines": 8, "num_statements": 8, "percent_covered": 100.0, "percent_covered_display": "100", "missing_lines": 0, "excluded_lines": 0, "percent_statements_covered": 100.0, "percent_statements_covered_display": "100"}, "missing_lines": [], "excluded_lines": [], "start_line": 1}}, "classes": {"": {"executed_lines": [3, 5, 6, 8, 9, 12, 14, 15, 16, 18, 21, 23, 24, 25, 26, 29, 35, 44, 45, 46, 50, 51, 52, 54], "summary": {"covered_lines": 24, "num_statements": 25, "percent_covered": 96.0, "percent_covered_display": "96", "missing_lines": 1, "excluded_lines": 0, "percent_statements_covered": 96.0, "percent_statements_covered_display": "96"}, "missing_lines": [47], "excluded_lines": [], "start_line": 1}}}, "testql/commands/echo/formatters/__init__.py": {"executed_lines": [7, 9], "summary": {"covered_lines": 2, "num_statements": 2, "percent_covered": 100.0, "percent_covered_display": "100", "missing_lines": 0, "excluded_lines": 0, "percent_statements_covered": 100.0, "percent_statements_covered_display": "100"}, "missing_lines": [], "excluded_lines": [], "functions": {"": {"executed_lines": [7, 9], "summary": {"covered_lines": 2, "num_statements": 2, "percent_covered": 100.0, "percent_covered_display": "100", "missing_lines": 0, "excluded_lines": 0, "percent_statements_covered": 100.0, "percent_statements_covered_display": "100"}, "missing_lines": [], "excluded_lines": [], "start_line": 1}}, "classes": {"": {"executed_lines": [7, 9], "summary": {"covered_lines": 2, "num_statements": 2, "percent_covered": 100.0, "percent_covered_display": "100", "missing_lines": 0, "excluded_lines": 0, "percent_statements_covered": 100.0, "percent_statements_covered_display": "100"}, "missing_lines": [], "excluded_lines": [], "start_line": 1}}}, "testql/commands/echo/formatters/text.py": {"executed_lines": [3, 5, 8, 10, 11, 12, 13, 14, 15, 16, 17, 20, 22, 23, 24, 25, 26, 27, 28, 29, 30, 33, 35, 36, 37, 38, 39, 40, 41, 42, 43, 44, 45, 46, 49, 51, 52, 53, 54, 55, 56, 57, 59, 60, 63, 65, 66, 67, 68, 70, 72, 74, 77, 79, 80, 81, 82, 85, 87, 95], "summary": {"covered_lines": 60, "num_statements": 64, "percent_covered": 93.75, "percent_covered_display": "94", "missing_lines": 4, "excluded_lines": 0, "percent_statements_covered": 93.75, "percent_statements_covered_display": "94"}, "missing_lines": [58, 69, 71, 73], "excluded_lines": [], "functions": {"_fmt_interfaces": {"executed_lines": [10, 11, 12, 13, 14, 15, 16, 17], "summary": {"covered_lines": 8, "num_statements": 8, "percent_covered": 100.0, "percent_covered_display": "100", "missing_lines": 0, "excluded_lines": 0, "percent_statements_covered": 100.0, "percent_statements_covered_display": "100"}, "missing_lines": [], "excluded_lines": [], "start_line": 8}, "_fmt_workflows": {"executed_lines": [22, 23, 24, 25, 26, 27, 28, 29, 30], "summary": {"covered_lines": 9, "num_statements": 9, "percent_covered": 100.0, "percent_covered_display": "100", "missing_lines": 0, "excluded_lines": 0, "percent_statements_covered": 100.0, "percent_statements_covered_display": "100"}, "missing_lines": [], "excluded_lines": [], "start_line": 20}, "_fmt_contracts": {"executed_lines": [35, 36, 37, 38, 39, 40, 41, 42, 43, 44, 45, 46], "summary": {"covered_lines": 12, "num_statements": 12, "percent_covered": 100.0, "percent_covered_display": "100", "missing_lines": 0, "excluded_lines": 0, "percent_statements_covered": 100.0, "percent_statements_covered_display": "100"}, "missing_lines": [], "excluded_lines": [], "start_line": 33}, "_fmt_entities": {"executed_lines": [51, 52, 53, 54, 55, 56, 57, 59, 60], "summary": {"covered_lines": 9, "num_statements": 10, "percent_covered": 90.0, "percent_covered_display": "90", "missing_lines": 1, "excluded_lines": 0, "percent_statements_covered": 90.0, "percent_statements_covered_display": "90"}, "missing_lines": [58], "excluded_lines": [], "start_line": 49}, "_fmt_suggestions": {"executed_lines": [65, 66, 67, 68, 70, 72, 74], "summary": {"covered_lines": 7, "num_statements": 10, "percent_covered": 70.0, "percent_covered_display": "70", "missing_lines": 3, "excluded_lines": 0, "percent_statements_covered": 70.0, "percent_statements_covered_display": "70"}, "missing_lines": [69, 71, 73], "excluded_lines": [], "start_line": 63}, "_build_header": {"executed_lines": [79, 80, 81, 82], "summary": {"covered_lines": 4, "num_statements": 4, "percent_covered": 100.0, "percent_covered_display": "100", "missing_lines": 0, "excluded_lines": 0, "percent_statements_covered": 100.0, "percent_statements_covered_display": "100"}, "missing_lines": [], "excluded_lines": [], "start_line": 77}, "format_text_output": {"executed_lines": [87, 95], "summary": {"covered_lines": 2, "num_statements": 2, "percent_covered": 100.0, "percent_covered_display": "100", "missing_lines": 0, "excluded_lines": 0, "percent_statements_covered": 100.0, "percent_statements_covered_display": "100"}, "missing_lines": [], "excluded_lines": [], "start_line": 85}, "": {"executed_lines": [3, 5, 8, 20, 33, 49, 63, 77, 85], "summary": {"covered_lines": 9, "num_statements": 9, "percent_covered": 100.0, "percent_covered_display": "100", "missing_lines": 0, "excluded_lines": 0, "percent_statements_covered": 100.0, "percent_statements_covered_display": "100"}, "missing_lines": [], "excluded_lines": [], "start_line": 1}}, "classes": {"": {"executed_lines": [3, 5, 8, 10, 11, 12, 13, 14, 15, 16, 17, 20, 22, 23, 24, 25, 26, 27, 28, 29, 30, 33, 35, 36, 37, 38, 39, 40, 41, 42, 43, 44, 45, 46, 49, 51, 52, 53, 54, 55, 56, 57, 59, 60, 63, 65, 66, 67, 68, 70, 72, 74, 77, 79, 80, 81, 82, 85, 87, 95], "summary": {"covered_lines": 60, "num_statements": 64, "percent_covered": 93.75, "percent_covered_display": "94", "missing_lines": 4, "excluded_lines": 0, "percent_statements_covered": 93.75, "percent_statements_covered_display": "94"}, "missing_lines": [58, 69, 71, 73], "excluded_lines": [], "start_line": 1}}}, "testql/commands/echo/parsers/__init__.py": {"executed_lines": [7, 8, 10], "summary": {"covered_lines": 3, "num_statements": 3, "percent_covered": 100.0, "percent_covered_display": "100", "missing_lines": 0, "excluded_lines": 0, "percent_statements_covered": 100.0, "percent_statements_covered_display": "100"}, "missing_lines": [], "excluded_lines": [], "functions": {"": {"executed_lines": [7, 8, 10], "summary": {"covered_lines": 3, "num_statements": 3, "percent_covered": 100.0, "percent_covered_display": "100", "missing_lines": 0, "excluded_lines": 0, "percent_statements_covered": 100.0, "percent_statements_covered_display": "100"}, "missing_lines": [], "excluded_lines": [], "start_line": 1}}, "classes": {"": {"executed_lines": [7, 8, 10], "summary": {"covered_lines": 3, "num_statements": 3, "percent_covered": 100.0, "percent_covered_display": "100", "missing_lines": 0, "excluded_lines": 0, "percent_statements_covered": 100.0, "percent_statements_covered_display": "100"}, "missing_lines": [], "excluded_lines": [], "start_line": 1}}}, "testql/commands/echo/parsers/doql.py": {"executed_lines": [3, 5, 6, 7, 11, 14, 16, 17, 18, 19, 20, 21, 24, 26, 27, 30, 32, 33, 34, 35, 36, 37, 38, 39, 40, 41, 42, 43, 44, 47, 49, 50, 51, 52, 53, 54, 57, 59, 60, 61, 62, 63, 64, 65, 66, 67, 68, 69, 70, 71, 72, 73, 76, 78, 79, 82, 84, 85, 86, 87, 90, 92, 93, 94, 95, 100, 101, 104, 106, 107], "summary": {"covered_lines": 70, "num_statements": 70, "percent_covered": 100.0, "percent_covered_display": "100", "missing_lines": 0, "excluded_lines": 0, "percent_statements_covered": 100.0, "percent_statements_covered_display": "100"}, "missing_lines": [], "excluded_lines": [], "functions": {"_parse_kv_block": {"executed_lines": [16, 17, 18, 19, 20, 21], "summary": {"covered_lines": 6, "num_statements": 6, "percent_covered": 100.0, "percent_covered_display": "100", "missing_lines": 0, "excluded_lines": 0, "percent_statements_covered": 100.0, "percent_statements_covered_display": "100"}, "missing_lines": [], "excluded_lines": [], "start_line": 14}, "_parse_app_block": {"executed_lines": [26, 27], "summary": {"covered_lines": 2, "num_statements": 2, "percent_covered": 100.0, "percent_covered_display": "100", "missing_lines": 0, "excluded_lines": 0, "percent_statements_covered": 100.0, "percent_statements_covered_display": "100"}, "missing_lines": [], "excluded_lines": [], "start_line": 24}, "_parse_entities": {"executed_lines": [32, 33, 34, 35, 36, 37, 38, 39, 40, 41, 42, 43, 44], "summary": {"covered_lines": 13, "num_statements": 13, "percent_covered": 100.0, "percent_covered_display": "100", "missing_lines": 0, "excluded_lines": 0, "percent_statements_covered": 100.0, "percent_statements_covered_display": "100"}, "missing_lines": [], "excluded_lines": [], "start_line": 30}, "_parse_interfaces": {"executed_lines": [49, 50, 51, 52, 53, 54], "summary": {"covered_lines": 6, "num_statements": 6, "percent_covered": 100.0, "percent_covered_display": "100", "missing_lines": 0, "excluded_lines": 0, "percent_statements_covered": 100.0, "percent_statements_covered_display": "100"}, "missing_lines": [], "excluded_lines": [], "start_line": 47}, "_parse_workflows": {"executed_lines": [59, 60, 61, 62, 63, 64, 65, 66, 67, 68, 69, 70, 71, 72, 73], "summary": {"covered_lines": 15, "num_statements": 15, "percent_covered": 100.0, "percent_covered_display": "100", "missing_lines": 0, "excluded_lines": 0, "percent_statements_covered": 100.0, "percent_statements_covered_display": "100"}, "missing_lines": [], "excluded_lines": [], "start_line": 57}, "_parse_deploy": {"executed_lines": [78, 79], "summary": {"covered_lines": 2, "num_statements": 2, "percent_covered": 100.0, "percent_covered_display": "100", "missing_lines": 0, "excluded_lines": 0, "percent_statements_covered": 100.0, "percent_statements_covered_display": "100"}, "missing_lines": [], "excluded_lines": [], "start_line": 76}, "_parse_environment": {"executed_lines": [84, 85, 86, 87], "summary": {"covered_lines": 4, "num_statements": 4, "percent_covered": 100.0, "percent_covered_display": "100", "missing_lines": 0, "excluded_lines": 0, "percent_statements_covered": 100.0, "percent_statements_covered_display": "100"}, "missing_lines": [], "excluded_lines": [], "start_line": 82}, "_parse_integrations": {"executed_lines": [92, 93, 94, 95, 100, 101], "summary": {"covered_lines": 6, "num_statements": 6, "percent_covered": 100.0, "percent_covered_display": "100", "missing_lines": 0, "excluded_lines": 0, "percent_statements_covered": 100.0, "percent_statements_covered_display": "100"}, "missing_lines": [], "excluded_lines": [], "start_line": 90}, "parse_doql_less": {"executed_lines": [106, 107], "summary": {"covered_lines": 2, "num_statements": 2, "percent_covered": 100.0, "percent_covered_display": "100", "missing_lines": 0, "excluded_lines": 0, "percent_statements_covered": 100.0, "percent_statements_covered_display": "100"}, "missing_lines": [], "excluded_lines": [], "start_line": 104}, "": {"executed_lines": [3, 5, 6, 7, 11, 14, 24, 30, 47, 57, 76, 82, 90, 104], "summary": {"covered_lines": 14, "num_statements": 14, "percent_covered": 100.0, "percent_covered_display": "100", "missing_lines": 0, "excluded_lines": 0, "percent_statements_covered": 100.0, "percent_statements_covered_display": "100"}, "missing_lines": [], "excluded_lines": [], "start_line": 1}}, "classes": {"": {"executed_lines": [3, 5, 6, 7, 11, 14, 16, 17, 18, 19, 20, 21, 24, 26, 27, 30, 32, 33, 34, 35, 36, 37, 38, 39, 40, 41, 42, 43, 44, 47, 49, 50, 51, 52, 53, 54, 57, 59, 60, 61, 62, 63, 64, 65, 66, 67, 68, 69, 70, 71, 72, 73, 76, 78, 79, 82, 84, 85, 86, 87, 90, 92, 93, 94, 95, 100, 101, 104, 106, 107], "summary": {"covered_lines": 70, "num_statements": 70, "percent_covered": 100.0, "percent_covered_display": "100", "missing_lines": 0, "excluded_lines": 0, "percent_statements_covered": 100.0, "percent_statements_covered_display": "100"}, "missing_lines": [], "excluded_lines": [], "start_line": 1}}}, "testql/commands/echo/parsers/toon.py": {"executed_lines": [3, 5, 6, 8, 12, 15, 17, 18, 23, 30, 32, 38, 40, 49, 50, 51, 54, 55, 58, 59, 61, 64, 66, 68, 69, 70, 71, 73, 74, 76], "summary": {"covered_lines": 30, "num_statements": 30, "percent_covered": 100.0, "percent_covered_display": "100", "missing_lines": 0, "excluded_lines": 0, "percent_statements_covered": 100.0, "percent_statements_covered_display": "100"}, "missing_lines": [], "excluded_lines": [], "functions": {"_extract_endpoint": {"executed_lines": [17, 18, 23], "summary": {"covered_lines": 3, "num_statements": 3, "percent_covered": 100.0, "percent_covered_display": "100", "missing_lines": 0, "excluded_lines": 0, "percent_statements_covered": 100.0, "percent_statements_covered_display": "100"}, "missing_lines": [], "excluded_lines": [], "start_line": 15}, "_extract_assert": {"executed_lines": [32], "summary": {"covered_lines": 1, "num_statements": 1, "percent_covered": 100.0, "percent_covered_display": "100", "missing_lines": 0, "excluded_lines": 0, "percent_statements_covered": 100.0, "percent_statements_covered_display": "100"}, "missing_lines": [], "excluded_lines": [], "start_line": 30}, "_parse_scenario": {"executed_lines": [40, 49, 50, 51, 54, 55, 58, 59, 61], "summary": {"covered_lines": 9, "num_statements": 9, "percent_covered": 100.0, "percent_covered_display": "100", "missing_lines": 0, "excluded_lines": 0, "percent_statements_covered": 100.0, "percent_statements_covered_display": "100"}, "missing_lines": [], "excluded_lines": [], "start_line": 38}, "parse_toon_scenarios": {"executed_lines": [66, 68, 69, 70, 71, 73, 74, 76], "summary": {"covered_lines": 8, "num_statements": 8, "percent_covered": 100.0, "percent_covered_display": "100", "missing_lines": 0, "excluded_lines": 0, "percent_statements_covered": 100.0, "percent_statements_covered_display": "100"}, "missing_lines": [], "excluded_lines": [], "start_line": 64}, "": {"executed_lines": [3, 5, 6, 8, 12, 15, 30, 38, 64], "summary": {"covered_lines": 9, "num_statements": 9, "percent_covered": 100.0, "percent_covered_display": "100", "missing_lines": 0, "excluded_lines": 0, "percent_statements_covered": 100.0, "percent_statements_covered_display": "100"}, "missing_lines": [], "excluded_lines": [], "start_line": 1}}, "classes": {"": {"executed_lines": [3, 5, 6, 8, 12, 15, 17, 18, 23, 30, 32, 38, 40, 49, 50, 51, 54, 55, 58, 59, 61, 64, 66, 68, 69, 70, 71, 73, 74, 76], "summary": {"covered_lines": 30, "num_statements": 30, "percent_covered": 100.0, "percent_covered_display": "100", "missing_lines": 0, "excluded_lines": 0, "percent_statements_covered": 100.0, "percent_statements_covered_display": "100"}, "missing_lines": [], "excluded_lines": [], "start_line": 1}}}, "testql/commands/echo_helpers.py": {"executed_lines": [3, 5, 6, 7, 8, 10, 16, 18, 20, 26, 27, 28, 29, 30, 32, 35, 37, 39, 40, 41, 42, 43, 44, 46, 49, 51, 53, 54, 58, 61, 63, 64, 65, 68], "summary": {"covered_lines": 34, "num_statements": 39, "percent_covered": 87.17948717948718, "percent_covered_display": "87", "missing_lines": 5, "excluded_lines": 2, "percent_statements_covered": 87.17948717948718, "percent_statements_covered_display": "87"}, "missing_lines": [31, 55, 56, 66, 67], "excluded_lines": [12, 13], "functions": {"_collect_toon_directory": {"executed_lines": [18, 20, 26, 27, 28, 29, 30, 32], "summary": {"covered_lines": 8, "num_statements": 9, "percent_covered": 88.88888888888889, "percent_covered_display": "89", "missing_lines": 1, "excluded_lines": 0, "percent_statements_covered": 88.88888888888889, "percent_statements_covered_display": "89"}, "missing_lines": [31], "excluded_lines": [], "start_line": 16}, "collect_toon_data": {"executed_lines": [37, 39, 40, 41, 42, 43, 44, 46], "summary": {"covered_lines": 8, "num_statements": 8, "percent_covered": 100.0, "percent_covered_display": "100", "missing_lines": 0, "excluded_lines": 0, "percent_statements_covered": 100.0, "percent_statements_covered_display": "100"}, "missing_lines": [], "excluded_lines": [], "start_line": 35}, "collect_doql_data": {"executed_lines": [51, 53, 54, 58], "summary": {"covered_lines": 4, "num_statements": 6, "percent_covered": 66.66666666666667, "percent_covered_display": "67", "missing_lines": 2, "excluded_lines": 0, "percent_statements_covered": 66.66666666666667, "percent_statements_covered_display": "67"}, "missing_lines": [55, 56], "excluded_lines": [], "start_line": 49}, "render_echo": {"executed_lines": [63, 64, 65, 68], "summary": {"covered_lines": 4, "num_statements": 6, "percent_covered": 66.66666666666667, "percent_covered_display": "67", "missing_lines": 2, "excluded_lines": 0, "percent_statements_covered": 66.66666666666667, "percent_statements_covered_display": "67"}, "missing_lines": [66, 67], "excluded_lines": [], "start_line": 61}, "": {"executed_lines": [3, 5, 6, 7, 8, 10, 16, 35, 49, 61], "summary": {"covered_lines": 10, "num_statements": 10, "percent_covered": 100.0, "percent_covered_display": "100", "missing_lines": 0, "excluded_lines": 2, "percent_statements_covered": 100.0, "percent_statements_covered_display": "100"}, "missing_lines": [], "excluded_lines": [12, 13], "start_line": 1}}, "classes": {"": {"executed_lines": [3, 5, 6, 7, 8, 10, 16, 18, 20, 26, 27, 28, 29, 30, 32, 35, 37, 39, 40, 41, 42, 43, 44, 46, 49, 51, 53, 54, 58, 61, 63, 64, 65, 68], "summary": {"covered_lines": 34, "num_statements": 39, "percent_covered": 87.17948717948718, "percent_covered_display": "87", "missing_lines": 5, "excluded_lines": 2, "percent_statements_covered": 87.17948717948718, "percent_statements_covered_display": "87"}, "missing_lines": [31, 55, 56, 66, 67], "excluded_lines": [12, 13], "start_line": 1}}}, "testql/commands/encoder_routes.py": {"executed_lines": [3, 5, 6, 7, 8, 9, 10, 12, 13, 18, 19, 20, 21, 23, 24, 25, 26, 28, 29, 31, 32, 34, 38, 39, 40, 42, 44, 45, 46, 48, 49, 52, 54, 55, 56, 57, 58, 59, 62, 64, 65, 66, 67, 68, 69, 72, 74, 75, 76, 77, 78, 81, 86, 87, 89, 90, 91, 94, 95, 96, 101, 112, 118, 124, 130, 136, 151, 167, 181, 200, 223, 256, 257, 280, 281, 297, 298, 311, 325, 326, 331, 332, 350, 393, 406, 430, 454, 455, 468, 469], "summary": {"covered_lines": 90, "num_statements": 281, "percent_covered": 32.02846975088968, "percent_covered_display": "32", "missing_lines": 191, "excluded_lines": 2, "percent_statements_covered": 32.02846975088968, "percent_statements_covered_display": "32"}, "missing_lines": [88, 113, 114, 115, 119, 120, 121, 125, 126, 127, 131, 132, 133, 138, 139, 140, 141, 142, 143, 144, 145, 146, 147, 148, 153, 154, 155, 156, 157, 158, 159, 160, 161, 162, 163, 164, 169, 170, 171, 172, 173, 174, 175, 176, 177, 178, 183, 184, 185, 186, 187, 188, 189, 190, 191, 192, 193, 194, 195, 196, 197, 202, 203, 204, 205, 206, 207, 208, 210, 211, 212, 214, 215, 225, 226, 227, 229, 230, 231, 232, 234, 235, 237, 238, 240, 241, 243, 244, 245, 246, 247, 248, 249, 259, 260, 261, 262, 263, 264, 271, 272, 273, 274, 275, 276, 277, 283, 284, 285, 286, 287, 288, 289, 300, 301, 302, 303, 304, 306, 307, 308, 313, 319, 320, 321, 322, 328, 334, 335, 336, 337, 338, 340, 341, 342, 344, 345, 347, 354, 360, 361, 362, 364, 365, 366, 368, 369, 370, 372, 373, 374, 375, 376, 377, 379, 380, 381, 383, 385, 386, 387, 389, 390, 395, 396, 398, 399, 400, 401, 403, 414, 415, 416, 437, 438, 439, 441, 450, 451, 457, 458, 459, 460, 465, 471, 472, 473, 474, 475, 476, 477], "excluded_lines": [15, 16], "functions": {"_strip_path_segments": {"executed_lines": [54, 55, 56, 57, 58, 59], "summary": {"covered_lines": 6, "num_statements": 6, "percent_covered": 100.0, "percent_covered_display": "100", "missing_lines": 0, "excluded_lines": 0, "percent_statements_covered": 100.0, "percent_statements_covered_display": "100"}, "missing_lines": [], "excluded_lines": [], "start_line": 52}, "_migrate_legacy_extension": {"executed_lines": [64, 65, 66, 67, 68, 69], "summary": {"covered_lines": 6, "num_statements": 6, "percent_covered": 100.0, "percent_covered_display": "100", "missing_lines": 0, "excluded_lines": 0, "percent_statements_covered": 100.0, "percent_statements_covered_display": "100"}, "missing_lines": [], "excluded_lines": [], "start_line": 62}, "_remap_tests_prefix": {"executed_lines": [74, 75, 76, 77, 78], "summary": {"covered_lines": 5, "num_statements": 5, "percent_covered": 100.0, "percent_covered_display": "100", "missing_lines": 0, "excluded_lines": 0, "percent_statements_covered": 100.0, "percent_statements_covered_display": "100"}, "missing_lines": [], "excluded_lines": [], "start_line": 72}, "_normalize_iql_path": {"executed_lines": [86, 87, 89, 90, 91], "summary": {"covered_lines": 5, "num_statements": 6, "percent_covered": 83.33333333333333, "percent_covered_display": "83", "missing_lines": 1, "excluded_lines": 0, "percent_statements_covered": 83.33333333333333, "percent_statements_covered_display": "83"}, "missing_lines": [88], "excluded_lines": [], "start_line": 81}, "_resolve_iql_path": {"executed_lines": [95, 96], "summary": {"covered_lines": 2, "num_statements": 2, "percent_covered": 100.0, "percent_covered_display": "100", "missing_lines": 0, "excluded_lines": 0, "percent_statements_covered": 100.0, "percent_statements_covered_display": "100"}, "missing_lines": [], "excluded_lines": [], "start_line": 94}, "_assert_bool_prop": {"executed_lines": [], "summary": {"covered_lines": 0, "num_statements": 3, "percent_covered": 0.0, "percent_covered_display": "0", "missing_lines": 3, "excluded_lines": 0, "percent_statements_covered": 0.0, "percent_statements_covered_display": "0"}, "missing_lines": [113, 114, 115], "excluded_lines": [], "start_line": 112}, "_assert_count_prop": {"executed_lines": [], "summary": {"covered_lines": 0, "num_statements": 3, "percent_covered": 0.0, "percent_covered_display": "0", "missing_lines": 3, "excluded_lines": 0, "percent_statements_covered": 0.0, "percent_statements_covered_display": "0"}, "missing_lines": [119, 120, 121], "excluded_lines": [], "start_line": 118}, "_assert_text_prop": {"executed_lines": [], "summary": {"covered_lines": 0, "num_statements": 3, "percent_covered": 0.0, "percent_covered_display": "0", "missing_lines": 3, "excluded_lines": 0, "percent_statements_covered": 0.0, "percent_statements_covered_display": "0"}, "missing_lines": [125, 126, 127], "excluded_lines": [], "start_line": 124}, "_assert_classes_prop": {"executed_lines": [], "summary": {"covered_lines": 0, "num_statements": 3, "percent_covered": 0.0, "percent_covered_display": "0", "missing_lines": 3, "excluded_lines": 0, "percent_statements_covered": 0.0, "percent_statements_covered_display": "0"}, "missing_lines": [131, 132, 133], "excluded_lines": [], "start_line": 130}, "_evaluate_assertion": {"executed_lines": [], "summary": {"covered_lines": 0, "num_statements": 11, "percent_covered": 0.0, "percent_covered_display": "0", "missing_lines": 11, "excluded_lines": 0, "percent_statements_covered": 0.0, "percent_statements_covered_display": "0"}, "missing_lines": [138, 139, 140, 141, 142, 143, 144, 145, 146, 147, 148], "excluded_lines": [], "start_line": 136}, "_format_log_detail": {"executed_lines": [], "summary": {"covered_lines": 0, "num_statements": 12, "percent_covered": 0.0, "percent_covered_display": "0", "missing_lines": 12, "excluded_lines": 0, "percent_statements_covered": 0.0, "percent_statements_covered_display": "0"}, "missing_lines": [153, 154, 155, 156, 157, 158, 159, 160, 161, 162, 163, 164], "excluded_lines": [], "start_line": 151}, "_exec_encoder_cmd": {"executed_lines": [], "summary": {"covered_lines": 0, "num_statements": 10, "percent_covered": 0.0, "percent_covered_display": "0", "missing_lines": 10, "excluded_lines": 0, "percent_statements_covered": 0.0, "percent_statements_covered_display": "0"}, "missing_lines": [169, 170, 171, 172, 173, 174, 175, 176, 177, 178], "excluded_lines": [], "start_line": 167}, "_exec_browser_cmd": {"executed_lines": [], "summary": {"covered_lines": 0, "num_statements": 15, "percent_covered": 0.0, "percent_covered_display": "0", "missing_lines": 15, "excluded_lines": 0, "percent_statements_covered": 0.0, "percent_statements_covered_display": "0"}, "missing_lines": [183, 184, 185, 186, 187, 188, 189, 190, 191, 192, 193, 194, 195, 196, 197], "excluded_lines": [], "start_line": 181}, "_exec_assert_cmd": {"executed_lines": [], "summary": {"covered_lines": 0, "num_statements": 12, "percent_covered": 0.0, "percent_covered_display": "0", "missing_lines": 12, "excluded_lines": 0, "percent_statements_covered": 0.0, "percent_statements_covered_display": "0"}, "missing_lines": [202, 203, 204, 205, 206, 207, 208, 210, 211, 212, 214, 215], "excluded_lines": [], "start_line": 200}, "_execute_iql_line": {"executed_lines": [], "summary": {"covered_lines": 0, "num_statements": 20, "percent_covered": 0.0, "percent_covered_display": "0", "missing_lines": 20, "excluded_lines": 0, "percent_statements_covered": 0.0, "percent_statements_covered_display": "0"}, "missing_lines": [225, 226, 227, 229, 230, 231, 232, 234, 235, 237, 238, 240, 241, 243, 244, 245, 246, 247, 248, 249], "excluded_lines": [], "start_line": 223}, "iql_list_files": {"executed_lines": [], "summary": {"covered_lines": 0, "num_statements": 13, "percent_covered": 0.0, "percent_covered_display": "0", "missing_lines": 13, "excluded_lines": 0, "percent_statements_covered": 0.0, "percent_statements_covered_display": "0"}, "missing_lines": [259, 260, 261, 262, 263, 264, 271, 272, 273, 274, 275, 276, 277], "excluded_lines": [], "start_line": 257}, "iql_read_file": {"executed_lines": [], "summary": {"covered_lines": 0, "num_statements": 7, "percent_covered": 0.0, "percent_covered_display": "0", "missing_lines": 7, "excluded_lines": 0, "percent_statements_covered": 0.0, "percent_statements_covered_display": "0"}, "missing_lines": [283, 284, 285, 286, 287, 288, 289], "excluded_lines": [], "start_line": 281}, "iql_list_tables": {"executed_lines": [], "summary": {"covered_lines": 0, "num_statements": 8, "percent_covered": 0.0, "percent_covered_display": "0", "missing_lines": 8, "excluded_lines": 0, "percent_statements_covered": 0.0, "percent_statements_covered_display": "0"}, "missing_lines": [300, 301, 302, 303, 304, 306, 307, 308], "excluded_lines": [], "start_line": 298}, "_extract_table_names": {"executed_lines": [], "summary": {"covered_lines": 0, "num_statements": 5, "percent_covered": 0.0, "percent_covered_display": "0", "missing_lines": 5, "excluded_lines": 0, "percent_statements_covered": 0.0, "percent_statements_covered_display": "0"}, "missing_lines": [313, 319, 320, 321, 322], "excluded_lines": [], "start_line": 311}, "iql_run_line": {"executed_lines": [], "summary": {"covered_lines": 0, "num_statements": 1, "percent_covered": 0.0, "percent_covered_display": "0", "missing_lines": 1, "excluded_lines": 0, "percent_statements_covered": 0.0, "percent_statements_covered_display": "0"}, "missing_lines": [328], "excluded_lines": [], "start_line": 326}, "iql_run_file": {"executed_lines": [], "summary": {"covered_lines": 0, "num_statements": 11, "percent_covered": 0.0, "percent_covered_display": "0", "missing_lines": 11, "excluded_lines": 0, "percent_statements_covered": 0.0, "percent_statements_covered_display": "0"}, "missing_lines": [334, 335, 336, 337, 338, 340, 341, 342, 344, 345, 347], "excluded_lines": [], "start_line": 332}, "_run_iql_lines": {"executed_lines": [], "summary": {"covered_lines": 0, "num_statements": 25, "percent_covered": 0.0, "percent_covered_display": "0", "missing_lines": 25, "excluded_lines": 0, "percent_statements_covered": 0.0, "percent_statements_covered_display": "0"}, "missing_lines": [354, 360, 361, 362, 364, 365, 366, 368, 369, 370, 372, 373, 374, 375, 376, 377, 379, 380, 381, 383, 385, 386, 387, 389, 390], "excluded_lines": [], "start_line": 350}, "_update_counters": {"executed_lines": [], "summary": {"covered_lines": 0, "num_statements": 7, "percent_covered": 0.0, "percent_covered_display": "0", "missing_lines": 7, "excluded_lines": 0, "percent_statements_covered": 0.0, "percent_statements_covered_display": "0"}, "missing_lines": [395, 396, 398, 399, 400, 401, 403], "excluded_lines": [], "start_line": 393}, "_build_run_summary": {"executed_lines": [], "summary": {"covered_lines": 0, "num_statements": 3, "percent_covered": 0.0, "percent_covered_display": "0", "missing_lines": 3, "excluded_lines": 0, "percent_statements_covered": 0.0, "percent_statements_covered_display": "0"}, "missing_lines": [414, 415, 416], "excluded_lines": [], "start_line": 406}, "_write_run_log": {"executed_lines": [], "summary": {"covered_lines": 0, "num_statements": 6, "percent_covered": 0.0, "percent_covered_display": "0", "missing_lines": 6, "excluded_lines": 0, "percent_statements_covered": 0.0, "percent_statements_covered_display": "0"}, "missing_lines": [437, 438, 439, 441, 450, 451], "excluded_lines": [], "start_line": 430}, "iql_list_logs": {"executed_lines": [], "summary": {"covered_lines": 0, "num_statements": 5, "percent_covered": 0.0, "percent_covered_display": "0", "missing_lines": 5, "excluded_lines": 0, "percent_statements_covered": 0.0, "percent_statements_covered_display": "0"}, "missing_lines": [457, 458, 459, 460, 465], "excluded_lines": [], "start_line": 455}, "iql_read_log": {"executed_lines": [], "summary": {"covered_lines": 0, "num_statements": 7, "percent_covered": 0.0, "percent_covered_display": "0", "missing_lines": 7, "excluded_lines": 0, "percent_statements_covered": 0.0, "percent_statements_covered_display": "0"}, "missing_lines": [471, 472, 473, 474, 475, 476, 477], "excluded_lines": [], "start_line": 469}, "": {"executed_lines": [3, 5, 6, 7, 8, 9, 10, 12, 13, 18, 19, 20, 21, 23, 24, 25, 26, 28, 29, 31, 32, 34, 38, 39, 40, 42, 44, 45, 46, 48, 49, 52, 62, 72, 81, 94, 101, 112, 118, 124, 130, 136, 151, 167, 181, 200, 223, 256, 257, 280, 281, 297, 298, 311, 325, 326, 331, 332, 350, 393, 406, 430, 454, 455, 468, 469], "summary": {"covered_lines": 66, "num_statements": 66, "percent_covered": 100.0, "percent_covered_display": "100", "missing_lines": 0, "excluded_lines": 2, "percent_statements_covered": 100.0, "percent_statements_covered_display": "100"}, "missing_lines": [], "excluded_lines": [15, 16], "start_line": 1}}, "classes": {"": {"executed_lines": [3, 5, 6, 7, 8, 9, 10, 12, 13, 18, 19, 20, 21, 23, 24, 25, 26, 28, 29, 31, 32, 34, 38, 39, 40, 42, 44, 45, 46, 48, 49, 52, 54, 55, 56, 57, 58, 59, 62, 64, 65, 66, 67, 68, 69, 72, 74, 75, 76, 77, 78, 81, 86, 87, 89, 90, 91, 94, 95, 96, 101, 112, 118, 124, 130, 136, 151, 167, 181, 200, 223, 256, 257, 280, 281, 297, 298, 311, 325, 326, 331, 332, 350, 393, 406, 430, 454, 455, 468, 469], "summary": {"covered_lines": 90, "num_statements": 281, "percent_covered": 32.02846975088968, "percent_covered_display": "32", "missing_lines": 191, "excluded_lines": 2, "percent_statements_covered": 32.02846975088968, "percent_statements_covered_display": "32"}, "missing_lines": [88, 113, 114, 115, 119, 120, 121, 125, 126, 127, 131, 132, 133, 138, 139, 140, 141, 142, 143, 144, 145, 146, 147, 148, 153, 154, 155, 156, 157, 158, 159, 160, 161, 162, 163, 164, 169, 170, 171, 172, 173, 174, 175, 176, 177, 178, 183, 184, 185, 186, 187, 188, 189, 190, 191, 192, 193, 194, 195, 196, 197, 202, 203, 204, 205, 206, 207, 208, 210, 211, 212, 214, 215, 225, 226, 227, 229, 230, 231, 232, 234, 235, 237, 238, 240, 241, 243, 244, 245, 246, 247, 248, 249, 259, 260, 261, 262, 263, 264, 271, 272, 273, 274, 275, 276, 277, 283, 284, 285, 286, 287, 288, 289, 300, 301, 302, 303, 304, 306, 307, 308, 313, 319, 320, 321, 322, 328, 334, 335, 336, 337, 338, 340, 341, 342, 344, 345, 347, 354, 360, 361, 362, 364, 365, 366, 368, 369, 370, 372, 373, 374, 375, 376, 377, 379, 380, 381, 383, 385, 386, 387, 389, 390, 395, 396, 398, 399, 400, 401, 403, 414, 415, 416, 437, 438, 439, 441, 450, 451, 457, 458, 459, 460, 465, 471, 472, 473, 474, 475, 476, 477], "excluded_lines": [15, 16], "start_line": 1}}}, "testql/commands/endpoints_cmd.py": {"executed_lines": [3, 5, 6, 8, 11, 12, 13, 14, 15, 16, 17, 53, 67, 81, 94, 102, 103, 104, 105, 106, 107, 108, 109], "summary": {"covered_lines": 23, "num_statements": 82, "percent_covered": 28.048780487804876, "percent_covered_display": "28", "missing_lines": 59, "excluded_lines": 0, "percent_statements_covered": 28.048780487804876, "percent_statements_covered_display": "28"}, "missing_lines": [25, 26, 27, 29, 31, 32, 33, 35, 36, 37, 38, 40, 41, 42, 44, 46, 47, 48, 50, 54, 55, 64, 68, 69, 70, 71, 72, 73, 78, 82, 83, 84, 85, 86, 87, 88, 89, 90, 91, 95, 96, 97, 98, 99, 118, 120, 121, 123, 124, 126, 127, 128, 129, 130, 132, 133, 134, 135, 136], "excluded_lines": [], "functions": {"endpoints": {"executed_lines": [], "summary": {"covered_lines": 0, "num_statements": 19, "percent_covered": 0.0, "percent_covered_display": "0", "missing_lines": 19, "excluded_lines": 0, "percent_statements_covered": 0.0, "percent_statements_covered_display": "0"}, "missing_lines": [25, 26, 27, 29, 31, 32, 33, 35, 36, 37, 38, 40, 41, 42, 44, 46, 47, 48, 50], "excluded_lines": [], "start_line": 17}, "_format_endpoints_json": {"executed_lines": [], "summary": {"covered_lines": 0, "num_statements": 3, "percent_covered": 0.0, "percent_covered_display": "0", "missing_lines": 3, "excluded_lines": 0, "percent_statements_covered": 0.0, "percent_statements_covered_display": "0"}, "missing_lines": [54, 55, 64], "excluded_lines": [], "start_line": 53}, "_format_endpoints_csv": {"executed_lines": [], "summary": {"covered_lines": 0, "num_statements": 7, "percent_covered": 0.0, "percent_covered_display": "0", "missing_lines": 7, "excluded_lines": 0, "percent_statements_covered": 0.0, "percent_statements_covered_display": "0"}, "missing_lines": [68, 69, 70, 71, 72, 73, 78], "excluded_lines": [], "start_line": 67}, "_format_endpoints_table": {"executed_lines": [], "summary": {"covered_lines": 0, "num_statements": 10, "percent_covered": 0.0, "percent_covered_display": "0", "missing_lines": 10, "excluded_lines": 0, "percent_statements_covered": 0.0, "percent_statements_covered_display": "0"}, "missing_lines": [82, 83, 84, 85, 86, 87, 88, 89, 90, 91], "excluded_lines": [], "start_line": 81}, "_format_endpoints": {"executed_lines": [], "summary": {"covered_lines": 0, "num_statements": 5, "percent_covered": 0.0, "percent_covered_display": "0", "missing_lines": 5, "excluded_lines": 0, "percent_statements_covered": 0.0, "percent_statements_covered_display": "0"}, "missing_lines": [95, 96, 97, 98, 99], "excluded_lines": [], "start_line": 94}, "openapi": {"executed_lines": [], "summary": {"covered_lines": 0, "num_statements": 15, "percent_covered": 0.0, "percent_covered_display": "0", "missing_lines": 15, "excluded_lines": 0, "percent_statements_covered": 0.0, "percent_statements_covered_display": "0"}, "missing_lines": [118, 120, 121, 123, 124, 126, 127, 128, 129, 130, 132, 133, 134, 135, 136], "excluded_lines": [], "start_line": 109}, "": {"executed_lines": [3, 5, 6, 8, 11, 12, 13, 14, 15, 16, 17, 53, 67, 81, 94, 102, 103, 104, 105, 106, 107, 108, 109], "summary": {"covered_lines": 23, "num_statements": 23, "percent_covered": 100.0, "percent_covered_display": "100", "missing_lines": 0, "excluded_lines": 0, "percent_statements_covered": 100.0, "percent_statements_covered_display": "100"}, "missing_lines": [], "excluded_lines": [], "start_line": 1}}, "classes": {"": {"executed_lines": [3, 5, 6, 8, 11, 12, 13, 14, 15, 16, 17, 53, 67, 81, 94, 102, 103, 104, 105, 106, 107, 108, 109], "summary": {"covered_lines": 23, "num_statements": 82, "percent_covered": 28.048780487804876, "percent_covered_display": "28", "missing_lines": 59, "excluded_lines": 0, "percent_statements_covered": 28.048780487804876, "percent_statements_covered_display": "28"}, "missing_lines": [25, 26, 27, 29, 31, 32, 33, 35, 36, 37, 38, 40, 41, 42, 44, 46, 47, 48, 50, 54, 55, 64, 68, 69, 70, 71, 72, 73, 78, 82, 83, 84, 85, 86, 87, 88, 89, 90, 91, 95, 96, 97, 98, 99, 118, 120, 121, 123, 124, 126, 127, 128, 129, 130, 132, 133, 134, 135, 136], "excluded_lines": [], "start_line": 1}}}, "testql/commands/generate_cmd.py": {"executed_lines": [3, 5, 6, 8, 11, 14, 15, 16, 17, 23, 24, 25, 26, 27, 28, 30, 32, 34, 35, 36, 37, 39, 40, 41, 42, 43, 45, 46, 56, 57, 58, 59, 62, 63, 64, 66, 67, 69, 70, 72, 73, 74, 76, 79, 80, 81, 83, 85, 86, 87, 89, 90, 91, 92, 94, 95, 97, 98, 100, 103, 104, 107, 115, 116, 117, 151, 152, 153], "summary": {"covered_lines": 68, "num_statements": 109, "percent_covered": 62.38532110091743, "percent_covered_display": "62", "missing_lines": 41, "excluded_lines": 0, "percent_statements_covered": 62.38532110091743, "percent_statements_covered_display": "62"}, "missing_lines": [48, 49, 50, 52, 53, 60, 99, 101, 109, 110, 111, 112, 119, 120, 122, 123, 124, 126, 127, 129, 130, 131, 132, 134, 135, 136, 137, 139, 140, 141, 142, 143, 144, 145, 146, 147, 148, 154, 155, 156, 157], "excluded_lines": [], "functions": {"_is_workspace": {"executed_lines": [14, 15, 16, 17], "summary": {"covered_lines": 4, "num_statements": 4, "percent_covered": 100.0, "percent_covered_display": "100", "missing_lines": 0, "excluded_lines": 0, "percent_statements_covered": 100.0, "percent_statements_covered_display": "100"}, "missing_lines": [], "excluded_lines": [], "start_line": 11}, "generate": {"executed_lines": [30, 32, 34, 35, 36, 37, 39, 40, 41, 42, 43, 45, 46, 56, 57, 58, 59, 62, 63, 64, 66, 67, 69, 70, 72, 73, 74, 76], "summary": {"covered_lines": 28, "num_statements": 34, "percent_covered": 82.3529411764706, "percent_covered_display": "82", "missing_lines": 6, "excluded_lines": 0, "percent_statements_covered": 82.3529411764706, "percent_statements_covered_display": "82"}, "missing_lines": [48, 49, 50, 52, 53, 60], "excluded_lines": [], "start_line": 28}, "analyze": {"executed_lines": [83, 85, 86, 87, 89, 90, 91, 92, 94, 95, 97, 98, 100, 103, 104], "summary": {"covered_lines": 15, "num_statements": 17, "percent_covered": 88.23529411764706, "percent_covered_display": "88", "missing_lines": 2, "excluded_lines": 0, "percent_statements_covered": 88.23529411764706, "percent_statements_covered_display": "88"}, "missing_lines": [99, 101], "excluded_lines": [], "start_line": 81}, "_count_routes_by": {"executed_lines": [], "summary": {"covered_lines": 0, "num_statements": 4, "percent_covered": 0.0, "percent_covered_display": "0", "missing_lines": 4, "excluded_lines": 0, "percent_statements_covered": 0.0, "percent_statements_covered_display": "0"}, "missing_lines": [109, 110, 111, 112], "excluded_lines": [], "start_line": 107}, "_print_routes_section": {"executed_lines": [116, 117], "summary": {"covered_lines": 2, "num_statements": 27, "percent_covered": 7.407407407407407, "percent_covered_display": "7", "missing_lines": 25, "excluded_lines": 0, "percent_statements_covered": 7.407407407407407, "percent_statements_covered_display": "7"}, "missing_lines": [119, 120, 122, 123, 124, 126, 127, 129, 130, 131, 132, 134, 135, 136, 137, 139, 140, 141, 142, 143, 144, 145, 146, 147, 148], "excluded_lines": [], "start_line": 115}, "_print_scenarios_section": {"executed_lines": [152, 153], "summary": {"covered_lines": 2, "num_statements": 6, "percent_covered": 33.333333333333336, "percent_covered_display": "33", "missing_lines": 4, "excluded_lines": 0, "percent_statements_covered": 33.333333333333336, "percent_statements_covered_display": "33"}, "missing_lines": [154, 155, 156, 157], "excluded_lines": [], "start_line": 151}, "": {"executed_lines": [3, 5, 6, 8, 11, 23, 24, 25, 26, 27, 28, 79, 80, 81, 107, 115, 151], "summary": {"covered_lines": 17, "num_statements": 17, "percent_covered": 100.0, "percent_covered_display": "100", "missing_lines": 0, "excluded_lines": 0, "percent_statements_covered": 100.0, "percent_statements_covered_display": "100"}, "missing_lines": [], "excluded_lines": [], "start_line": 1}}, "classes": {"": {"executed_lines": [3, 5, 6, 8, 11, 14, 15, 16, 17, 23, 24, 25, 26, 27, 28, 30, 32, 34, 35, 36, 37, 39, 40, 41, 42, 43, 45, 46, 56, 57, 58, 59, 62, 63, 64, 66, 67, 69, 70, 72, 73, 74, 76, 79, 80, 81, 83, 85, 86, 87, 89, 90, 91, 92, 94, 95, 97, 98, 100, 103, 104, 107, 115, 116, 117, 151, 152, 153], "summary": {"covered_lines": 68, "num_statements": 109, "percent_covered": 62.38532110091743, "percent_covered_display": "62", "missing_lines": 41, "excluded_lines": 0, "percent_statements_covered": 62.38532110091743, "percent_statements_covered_display": "62"}, "missing_lines": [48, 49, 50, 52, 53, 60, 99, 101, 109, 110, 111, 112, 119, 120, 122, 123, 124, 126, 127, 129, 130, 131, 132, 134, 135, 136, 137, 139, 140, 141, 142, 143, 144, 145, 146, 147, 148, 154, 155, 156, 157], "excluded_lines": [], "start_line": 1}}}, "testql/commands/misc_cmds.py": {"executed_lines": [3, 5, 6, 8, 10, 11, 19, 26, 28, 29, 30, 31, 32, 33, 36, 37, 38, 39, 40, 42, 43, 45, 46, 48, 49, 50, 71, 73, 75, 76, 77, 78, 79, 80, 81, 84, 85, 86, 87, 88, 89, 90, 92, 93, 95, 96, 97, 98, 99, 101, 102, 103, 105, 106, 107, 108, 109, 110, 113, 114, 115, 116, 117, 118, 186, 187, 188, 189, 190, 217, 218, 219, 220, 221, 261, 262, 263, 264, 265, 266, 267], "summary": {"covered_lines": 81, "num_statements": 173, "percent_covered": 46.820809248554916, "percent_covered_display": "47", "missing_lines": 92, "excluded_lines": 0, "percent_statements_covered": 46.820809248554916, "percent_statements_covered_display": "47"}, "missing_lines": [120, 122, 123, 124, 125, 126, 127, 129, 130, 131, 132, 134, 136, 137, 139, 140, 141, 142, 143, 144, 145, 146, 148, 149, 151, 152, 153, 154, 159, 163, 164, 166, 167, 168, 169, 170, 172, 173, 174, 176, 177, 178, 179, 180, 181, 183, 192, 194, 195, 197, 198, 200, 201, 202, 203, 205, 207, 208, 209, 210, 212, 213, 214, 223, 225, 227, 229, 230, 245, 246, 247, 248, 249, 250, 252, 253, 254, 256, 257, 258, 275, 277, 278, 280, 281, 283, 284, 286, 288, 289, 290, 292], "excluded_lines": [], "functions": {"_create_templates": {"executed_lines": [28, 29, 30, 31, 32, 33], "summary": {"covered_lines": 6, "num_statements": 6, "percent_covered": 100.0, "percent_covered_display": "100", "missing_lines": 0, "excluded_lines": 0, "percent_statements_covered": 100.0, "percent_statements_covered_display": "100"}, "missing_lines": [], "excluded_lines": [], "start_line": 26}, "init": {"executed_lines": [42, 43, 45, 46, 48, 49, 50, 71, 73, 75, 76, 77, 78, 79, 80, 81], "summary": {"covered_lines": 16, "num_statements": 16, "percent_covered": 100.0, "percent_covered_display": "100", "missing_lines": 0, "excluded_lines": 0, "percent_statements_covered": 100.0, "percent_statements_covered_display": "100"}, "missing_lines": [], "excluded_lines": [], "start_line": 40}, "create": {"executed_lines": [92, 93, 95, 96, 97, 98, 99, 101, 102, 103, 105, 106, 107, 108, 109, 110], "summary": {"covered_lines": 16, "num_statements": 16, "percent_covered": 100.0, "percent_covered_display": "100", "missing_lines": 0, "excluded_lines": 0, "percent_statements_covered": 100.0, "percent_statements_covered_display": "100"}, "missing_lines": [], "excluded_lines": [], "start_line": 90}, "watch": {"executed_lines": [], "summary": {"covered_lines": 0, "num_statements": 24, "percent_covered": 0.0, "percent_covered_display": "0", "missing_lines": 24, "excluded_lines": 0, "percent_statements_covered": 0.0, "percent_statements_covered_display": "0"}, "missing_lines": [120, 122, 123, 124, 125, 126, 127, 129, 130, 131, 132, 134, 136, 137, 172, 173, 174, 176, 177, 178, 179, 180, 181, 183], "excluded_lines": [], "start_line": 118}, "watch.TestHandler.on_modified": {"executed_lines": [], "summary": {"covered_lines": 0, "num_statements": 22, "percent_covered": 0.0, "percent_covered_display": "0", "missing_lines": 22, "excluded_lines": 0, "percent_statements_covered": 0.0, "percent_statements_covered_display": "0"}, "missing_lines": [139, 140, 141, 142, 143, 144, 145, 146, 148, 149, 151, 152, 153, 154, 159, 163, 164, 166, 167, 168, 169, 170], "excluded_lines": [], "start_line": 137}, "from_sumd": {"executed_lines": [], "summary": {"covered_lines": 0, "num_statements": 17, "percent_covered": 0.0, "percent_covered_display": "0", "missing_lines": 17, "excluded_lines": 0, "percent_statements_covered": 0.0, "percent_statements_covered_display": "0"}, "missing_lines": [192, 194, 195, 197, 198, 200, 201, 202, 203, 205, 207, 208, 209, 210, 212, 213, 214], "excluded_lines": [], "start_line": 190}, "report": {"executed_lines": [], "summary": {"covered_lines": 0, "num_statements": 17, "percent_covered": 0.0, "percent_covered_display": "0", "missing_lines": 17, "excluded_lines": 0, "percent_statements_covered": 0.0, "percent_statements_covered_display": "0"}, "missing_lines": [223, 225, 227, 229, 230, 245, 246, 247, 248, 249, 250, 252, 253, 254, 256, 257, 258], "excluded_lines": [], "start_line": 221}, "echo": {"executed_lines": [], "summary": {"covered_lines": 0, "num_statements": 12, "percent_covered": 0.0, "percent_covered_display": "0", "missing_lines": 12, "excluded_lines": 0, "percent_statements_covered": 0.0, "percent_statements_covered_display": "0"}, "missing_lines": [275, 277, 278, 280, 281, 283, 284, 286, 288, 289, 290, 292], "excluded_lines": [], "start_line": 267}, "": {"executed_lines": [3, 5, 6, 8, 10, 11, 19, 26, 36, 37, 38, 39, 40, 84, 85, 86, 87, 88, 89, 90, 113, 114, 115, 116, 117, 118, 186, 187, 188, 189, 190, 217, 218, 219, 220, 221, 261, 262, 263, 264, 265, 266, 267], "summary": {"covered_lines": 43, "num_statements": 43, "percent_covered": 100.0, "percent_covered_display": "100", "missing_lines": 0, "excluded_lines": 0, "percent_statements_covered": 100.0, "percent_statements_covered_display": "100"}, "missing_lines": [], "excluded_lines": [], "start_line": 1}}, "classes": {"watch.TestHandler": {"executed_lines": [], "summary": {"covered_lines": 0, "num_statements": 22, "percent_covered": 0.0, "percent_covered_display": "0", "missing_lines": 22, "excluded_lines": 0, "percent_statements_covered": 0.0, "percent_statements_covered_display": "0"}, "missing_lines": [139, 140, 141, 142, 143, 144, 145, 146, 148, 149, 151, 152, 153, 154, 159, 163, 164, 166, 167, 168, 169, 170], "excluded_lines": [], "start_line": 136}, "": {"executed_lines": [3, 5, 6, 8, 10, 11, 19, 26, 28, 29, 30, 31, 32, 33, 36, 37, 38, 39, 40, 42, 43, 45, 46, 48, 49, 50, 71, 73, 75, 76, 77, 78, 79, 80, 81, 84, 85, 86, 87, 88, 89, 90, 92, 93, 95, 96, 97, 98, 99, 101, 102, 103, 105, 106, 107, 108, 109, 110, 113, 114, 115, 116, 117, 118, 186, 187, 188, 189, 190, 217, 218, 219, 220, 221, 261, 262, 263, 264, 265, 266, 267], "summary": {"covered_lines": 81, "num_statements": 151, "percent_covered": 53.64238410596027, "percent_covered_display": "54", "missing_lines": 70, "excluded_lines": 0, "percent_statements_covered": 53.64238410596027, "percent_statements_covered_display": "54"}, "missing_lines": [120, 122, 123, 124, 125, 126, 127, 129, 130, 131, 132, 134, 136, 137, 172, 173, 174, 176, 177, 178, 179, 180, 181, 183, 192, 194, 195, 197, 198, 200, 201, 202, 203, 205, 207, 208, 209, 210, 212, 213, 214, 223, 225, 227, 229, 230, 245, 246, 247, 248, 249, 250, 252, 253, 254, 256, 257, 258, 275, 277, 278, 280, 281, 283, 284, 286, 288, 289, 290, 292], "excluded_lines": [], "start_line": 1}}}, "testql/commands/run_cmd.py": {"executed_lines": [3, 5, 6, 8, 11, 12, 13, 14, 15, 21, 22], "summary": {"covered_lines": 11, "num_statements": 20, "percent_covered": 55.0, "percent_covered_display": "55", "missing_lines": 9, "excluded_lines": 0, "percent_statements_covered": 55.0, "percent_statements_covered_display": "55"}, "missing_lines": [24, 26, 27, 29, 35, 37, 38, 40, 56], "excluded_lines": [], "functions": {"run": {"executed_lines": [], "summary": {"covered_lines": 0, "num_statements": 9, "percent_covered": 0.0, "percent_covered_display": "0", "missing_lines": 9, "excluded_lines": 0, "percent_statements_covered": 0.0, "percent_statements_covered_display": "0"}, "missing_lines": [24, 26, 27, 29, 35, 37, 38, 40, 56], "excluded_lines": [], "start_line": 22}, "": {"executed_lines": [3, 5, 6, 8, 11, 12, 13, 14, 15, 21, 22], "summary": {"covered_lines": 11, "num_statements": 11, "percent_covered": 100.0, "percent_covered_display": "100", "missing_lines": 0, "excluded_lines": 0, "percent_statements_covered": 100.0, "percent_statements_covered_display": "100"}, "missing_lines": [], "excluded_lines": [], "start_line": 1}}, "classes": {"": {"executed_lines": [3, 5, 6, 8, 11, 12, 13, 14, 15, 21, 22], "summary": {"covered_lines": 11, "num_statements": 20, "percent_covered": 55.0, "percent_covered_display": "55", "missing_lines": 9, "excluded_lines": 0, "percent_statements_covered": 55.0, "percent_statements_covered_display": "55"}, "missing_lines": [24, 26, 27, 29, 35, 37, 38, 40, 56], "excluded_lines": [], "start_line": 1}}}, "testql/commands/suite/__init__.py": {"executed_lines": [6, 8], "summary": {"covered_lines": 2, "num_statements": 2, "percent_covered": 100.0, "percent_covered_display": "100", "missing_lines": 0, "excluded_lines": 0, "percent_statements_covered": 100.0, "percent_statements_covered_display": "100"}, "missing_lines": [], "excluded_lines": [], "functions": {"": {"executed_lines": [6, 8], "summary": {"covered_lines": 2, "num_statements": 2, "percent_covered": 100.0, "percent_covered_display": "100", "missing_lines": 0, "excluded_lines": 0, "percent_statements_covered": 100.0, "percent_statements_covered_display": "100"}, "missing_lines": [], "excluded_lines": [], "start_line": 1}}, "classes": {"": {"executed_lines": [6, 8], "summary": {"covered_lines": 2, "num_statements": 2, "percent_covered": 100.0, "percent_covered_display": "100", "missing_lines": 0, "excluded_lines": 0, "percent_statements_covered": 100.0, "percent_statements_covered_display": "100"}, "missing_lines": [], "excluded_lines": [], "start_line": 1}}}, "testql/commands/suite/cli.py": {"executed_lines": [3, 5, 6, 8, 9, 11, 12, 13, 14, 17, 18, 19, 20, 21, 22, 23, 24, 25, 26, 27, 28, 41, 44, 49, 50, 54, 55, 56, 57, 83, 84, 85, 86, 87, 88, 90, 93, 94, 96, 97, 98, 100], "summary": {"covered_lines": 42, "num_statements": 54, "percent_covered": 77.77777777777777, "percent_covered_display": "78", "missing_lines": 12, "excluded_lines": 0, "percent_statements_covered": 77.77777777777777, "percent_statements_covered_display": "78"}, "missing_lines": [51, 59, 62, 67, 68, 69, 72, 75, 76, 77, 78, 80], "excluded_lines": [], "functions": {"suite": {"executed_lines": [41, 44, 49, 50, 54, 55, 56, 57], "summary": {"covered_lines": 8, "num_statements": 20, "percent_covered": 40.0, "percent_covered_display": "40", "missing_lines": 12, "excluded_lines": 0, "percent_statements_covered": 40.0, "percent_statements_covered_display": "40"}, "missing_lines": [51, 59, 62, 67, 68, 69, 72, 75, 76, 77, 78, 80], "excluded_lines": [], "start_line": 28}, "list_tests": {"executed_lines": [90, 93, 94, 96, 97, 98, 100], "summary": {"covered_lines": 7, "num_statements": 7, "percent_covered": 100.0, "percent_covered_display": "100", "missing_lines": 0, "excluded_lines": 0, "percent_statements_covered": 100.0, "percent_statements_covered_display": "100"}, "missing_lines": [], "excluded_lines": [], "start_line": 88}, "": {"executed_lines": [3, 5, 6, 8, 9, 11, 12, 13, 14, 17, 18, 19, 20, 21, 22, 23, 24, 25, 26, 27, 28, 83, 84, 85, 86, 87, 88], "summary": {"covered_lines": 27, "num_statements": 27, "percent_covered": 100.0, "percent_covered_display": "100", "missing_lines": 0, "excluded_lines": 0, "percent_statements_covered": 100.0, "percent_statements_covered_display": "100"}, "missing_lines": [], "excluded_lines": [], "start_line": 1}}, "classes": {"": {"executed_lines": [3, 5, 6, 8, 9, 11, 12, 13, 14, 17, 18, 19, 20, 21, 22, 23, 24, 25, 26, 27, 28, 41, 44, 49, 50, 54, 55, 56, 57, 83, 84, 85, 86, 87, 88, 90, 93, 94, 96, 97, 98, 100], "summary": {"covered_lines": 42, "num_statements": 54, "percent_covered": 77.77777777777777, "percent_covered_display": "78", "missing_lines": 12, "excluded_lines": 0, "percent_statements_covered": 77.77777777777777, "percent_statements_covered_display": "78"}, "missing_lines": [51, 59, 62, 67, 68, 69, 72, 75, 76, 77, 78, 80], "excluded_lines": [], "start_line": 1}}}, "testql/commands/suite/collection.py": {"executed_lines": [3, 5, 6, 7, 11, 14, 17, 19, 20, 21, 22, 23, 24, 25, 28, 30, 31, 32, 34, 36, 37, 39, 40, 41, 42, 43, 46, 48, 49, 50, 52, 53, 55, 56, 57, 60, 62, 63, 66, 68, 69, 70, 71, 72, 73, 74, 77, 79, 80, 81, 86, 89, 97, 99, 101, 104, 106, 110, 111, 114, 116, 117, 118, 119, 120, 121, 122], "summary": {"covered_lines": 67, "num_statements": 74, "percent_covered": 90.54054054054055, "percent_covered_display": "91", "missing_lines": 7, "excluded_lines": 0, "percent_statements_covered": 90.54054054054055, "percent_statements_covered_display": "91"}, "missing_lines": [82, 83, 84, 85, 98, 100, 102], "excluded_lines": [], "functions": {"_resolve_search_dir_and_pattern":
[...]
, "start_line": 1}}}, "testql/sumd_generator.py": {"executed_lines": [3, 5, 6, 8, 11, 21, 22, 24, 35, 36, 37, 38, 41, 42, 50, 51, 61, 62, 72, 73, 74, 75, 77, 87, 88, 89, 90, 91, 93, 94, 95, 96, 97, 98, 100, 101, 104, 105, 106, 108, 109, 110, 111, 113, 114, 115, 116, 117, 118, 119, 120, 121, 122, 123, 124, 127, 128, 129, 130, 132, 133, 134, 135, 136, 137, 138, 139, 142, 143, 151, 152, 153, 154, 157, 158, 159, 161, 162, 163, 164, 165, 167, 181, 184, 185, 186, 187, 188, 191, 202, 204, 205, 207, 208], "summary": {"covered_lines": 94, "num_statements": 94, "percent_covered": 100.0, "percent_covered_display": "100", "missing_lines": 0, "excluded_lines": 0, "percent_statements_covered": 100.0, "percent_statements_covered_display": "100"}, "missing_lines": [], "excluded_lines": [], "functions": {"generate_sumd": {"executed_lines": [21, 22, 24, 35, 36, 37, 38], "summary": {"covered_lines": 7, "num_statements": 7, "percent_covered": 100.0, "percent_covered_display": "100", "missing_lines": 0, "excluded_lines": 0, "percent_statements_covered": 100.0, "percent_statements_covered_display": "100"}, "missing_lines": [], "excluded_lines": [], "start_line": 11}, "_header_section": {"executed_lines": [42], "summary": {"covered_lines": 1, "num_statements": 1, "percent_covered": 100.0, "percent_covered_display": "100", "missing_lines": 0, "excluded_lines": 0, "percent_statements_covered": 100.0, "percent_statements_covered_display": "100"}, "missing_lines": [], "excluded_lines": [], "start_line": 41}, "_metadata_section": {"executed_lines": [51], "summary": {"covered_lines": 1, "num_statements": 1, "percent_covered": 100.0, "percent_covered_display": "100", "missing_lines": 0, "excluded_lines": 0, "percent_statements_covered": 100.0, "percent_statements_covered_display": "100"}, "missing_lines": [], "excluded_lines": [], "start_line": 50}, "_architecture_section": {"executed_lines": [62], "summary": {"covered_lines": 1, "num_statements": 1, "percent_covered": 100.0, "percent_covered_display": "100", "missing_lines": 0, "excluded_lines": 0, "percent_statements_covered": 100.0, "percent_statements_covered_display": "100"}, "missing_lines": [], "excluded_lines": [], "start_line": 61}, "_doql_declaration_section": {"executed_lines": [73, 74, 75, 77, 87, 88, 89, 90, 91, 93, 94, 95, 96, 97, 98, 100, 101], "summary": {"covered_lines": 17, "num_statements": 17, "percent_covered": 100.0, "percent_covered_display": "100", "missing_lines": 0, "excluded_lines": 0, "percent_statements_covered": 100.0, "percent_statements_covered_display": "100"}, "missing_lines": [], "excluded_lines": [], "start_line": 72}, "_api_contract_section": {"executed_lines": [105, 106, 108, 109, 110, 111, 113, 114, 115, 116, 117, 118, 119, 120, 121, 122, 123, 124], "summary": {"covered_lines": 18, "num_statements": 18, "percent_covered": 100.0, "percent_covered_display": "100", "missing_lines": 0, "excluded_lines": 0, "percent_statements_covered": 100.0, "percent_statements_covered_display": "100"}, "missing_lines": [], "excluded_lines": [], "start_line": 104}, "_workflows_table_section": {"executed_lines": [128, 129, 130, 132, 133, 134, 135, 136, 137, 138, 139], "summary": {"covered_lines": 11, "num_statements": 11, "percent_covered": 100.0, "percent_covered_display": "100", "missing_lines": 0, "excluded_lines": 0, "percent_statements_covered": 100.0, "percent_statements_covered_display": "100"}, "missing_lines": [], "excluded_lines": [], "start_line": 127}, "_configuration_section": {"executed_lines": [143, 151, 152, 153, 154], "summary": {"covered_lines": 5, "num_statements": 5, "percent_covered": 100.0, "percent_covered_display": "100", "missing_lines": 0, "excluded_lines": 0, "percent_statements_covered": 100.0, "percent_statements_covered_display": "100"}, "missing_lines": [], "excluded_lines": [], "start_line": 142}, "_llm_suggestions_section": {"executed_lines": [158, 159, 161, 162, 163, 164, 165, 167, 181], "summary": {"covered_lines": 9, "num_statements": 9, "percent_covered": 100.0, "percent_covered_display": "100", "missing_lines": 0, "excluded_lines": 0, "percent_statements_covered": 100.0, "percent_statements_covered_display": "100"}, "missing_lines": [], "excluded_lines": [], "start_line": 157}, "_workflow_snippet": {"executed_lines": [185, 186, 187, 188], "summary": {"covered_lines": 4, "num_statements": 4, "percent_covered": 100.0, "percent_covered_display": "100", "missing_lines": 0, "excluded_lines": 0, "percent_statements_covered": 100.0, "percent_statements_covered_display": "100"}, "missing_lines": [], "excluded_lines": [], "start_line": 184}, "save_sumd": {"executed_lines": [202, 204, 205, 207, 208], "summary": {"covered_lines": 5, "num_statements": 5, "percent_covered": 100.0, "percent_covered_display": "100", "missing_lines": 0, "excluded_lines": 0, "percent_statements_covered": 100.0, "percent_statements_covered_display": "100"}, "missing_lines": [], "excluded_lines": [], "start_line": 191}, "": {"executed_lines": [3, 5, 6, 8, 11, 41, 50, 61, 72, 104, 127, 142, 157, 184, 191], "summary": {"covered_lines": 15, "num_statements": 15, "percent_covered": 100.0, "percent_covered_display": "100", "missing_lines": 0, "excluded_lines": 0, "percent_statements_covered": 100.0, "percent_statements_covered_display": "100"}, "missing_lines": [], "excluded_lines": [], "start_line": 1}}, "classes": {"": {"executed_lines": [3, 5, 6, 8, 11, 21, 22, 24, 35, 36, 37, 38, 41, 42, 50, 51, 61, 62, 72, 73, 74, 75, 77, 87, 88, 89, 90, 91, 93, 94, 95, 96, 97, 98, 100, 101, 104, 105, 106, 108, 109, 110, 111, 113, 114, 115, 116, 117, 118, 119, 120, 121, 122, 123, 124, 127, 128, 129, 130, 132, 133, 134, 135, 136, 137, 138, 139, 142, 143, 151, 152, 153, 154, 157, 158, 159, 161, 162, 163, 164, 165, 167, 181, 184, 185, 186, 187, 188, 191, 202, 204, 205, 207, 208], "summary": {"covered_lines": 94, "num_statements": 94, "percent_covered": 100.0, "percent_covered_display": "100", "missing_lines": 0, "excluded_lines": 0, "percent_statements_covered": 100.0, "percent_statements_covered_display": "100"}, "missing_lines": [], "excluded_lines": [], "start_line": 1}}}, "testql/sumd_parser.py": {"executed_lines": [3, 5, 6, 7, 8, 11, 12, 14, 15, 16, 17, 18, 21, 22, 24, 25, 26, 29, 30, 32, 33, 34, 37, 38, 40, 41, 42, 43, 44, 47, 49, 50, 51, 52, 53, 54, 55, 56, 59, 61, 62, 63, 64, 65, 66, 67, 68, 69, 70, 75, 76, 77, 80, 83, 85, 86, 88, 90, 93, 96, 99, 102, 105, 107, 109, 111, 114, 115, 117, 118, 119, 122, 123, 124, 127, 128, 129, 132, 133, 134, 137, 138, 139, 140, 142, 144, 146, 148, 150, 153, 154, 155, 156, 159, 160, 161, 164, 165, 166, 168, 170, 172, 174, 177, 178, 179, 180, 182, 189, 190, 191, 192, 193, 195, 196, 197, 198, 199, 206, 207, 208, 210, 211, 213, 215, 218, 219, 221, 222, 223, 224, 226, 228, 229, 230, 231, 232, 234, 236, 238, 239, 240, 241, 244, 245, 246, 249, 250, 251, 253, 254, 256, 257, 258, 259, 260, 261, 262, 263, 266, 267, 268, 269, 271, 274, 276, 277], "summary": {"covered_lines": 167, "num_statements": 168, "percent_covered": 99.4047619047619, "percent_covered_display": "99", "missing_lines": 1, "excluded_lines": 0, "percent_statements_covered": 99.4047619047619, "percent_statements_covered_display": "99"}, "missing_lines": [194], "excluded_lines": [], "functions": {"_parse_block_interfaces": {"executed_lines": [49, 50, 51, 52, 53, 54, 55, 56], "summary": {"covered_lines": 8, "num_statements": 8, "percent_covered": 100.0, "percent_covered_display": "100", "missing_lines": 0, "excluded_lines": 0, "percent_statements_covered": 100.0, "percent_statements_covered_display": "100"}, "missing_lines": [], "excluded_lines": [], "start_line": 47}, "_parse_api_interfaces": {"executed_lines": [61, 62, 63, 64, 65, 66, 67, 68, 69, 70, 75, 76, 77], "summary": {"covered_lines": 13, "num_statements": 13, "percent_covered": 100.0, "percent_covered_display": "100", "missing_lines": 0, "excluded_lines": 0, "percent_statements_covered": 100.0, "percent_statements_covered_display": "100"}, "missing_lines": [], "excluded_lines": [], "start_line": 59}, "SumdParser.parse_file": {"executed_lines": [85, 86], "summary": {"covered_lines": 2, "num_statements": 2, "percent_covered": 100.0, "percent_covered_display": "100", "missing_lines": 0, "excluded_lines": 0, "percent_statements_covered": 100.0, "percent_statements_covered_display": "100"}, "missing_lines": [], "excluded_lines": [], "start_line": 83}, "SumdParser.parse": {"executed_lines": [90, 93, 96, 99, 102, 105, 107], "summary": {"covered_lines": 7, "num_statements": 7, "percent_covered": 100.0, "percent_covered_display": "100", "missing_lines": 0, "excluded_lines": 0, "percent_statements_covered": 100.0, "percent_statements_covered_display": "100"}, "missing_lines": [], "excluded_lines": [], "start_line": 88}, "SumdParser._parse_metadata": {"executed_lines": [111, 114, 115, 117, 118, 119, 122, 123, 124, 127, 128, 129, 132, 133, 134, 137, 138, 139, 140, 142], "summary": {"covered_lines": 20, "num_statements": 20, "percent_covered": 100.0, "percent_covered_display": "100", "missing_lines": 0, "excluded_lines": 0, "percent_statements_covered": 100.0, "percent_statements_covered_display": "100"}, "missing_lines": [], "excluded_lines": [], "start_line": 109}, "SumdParser._parse_interfaces": {"executed_lines": [146], "summary": {"covered_lines": 1, "num_statements": 1, "percent_covered": 100.0, "percent_covered_display": "100", "missing_lines": 0, "excluded_lines": 0, "percent_statements_covered": 100.0, "percent_statements_covered_display": "100"}, "missing_lines": [], "excluded_lines": [], "start_line": 144}, "SumdParser._parse_workflows": {"executed_lines": [150, 153, 154, 155, 156, 159, 160, 161, 164, 165, 166, 168, 170], "summary": {"covered_lines": 13, "num_statements": 13, "percent_covered": 100.0, "percent_covered_display": "100", "missing_lines": 0, "excluded_lines": 0, "percent_statements_covered": 100.0, "percent_statements_covered_display": "100"}, "missing_lines": [], "excluded_lines": [], "start_line": 148}, "SumdParser._parse_testql_scenarios": {"executed_lines": [174, 177, 178, 179, 180, 182, 189, 190, 191, 192, 193, 195, 196, 197, 198, 199, 206, 207, 208, 210, 211, 213], "summary": {"covered_lines": 22, "num_statements": 23, "percent_covered": 95.65217391304348, "percent_covered_display": "96", "missing_lines": 1, "excluded_lines": 0, "percent_statements_covered": 95.65217391304348, "percent_statements_covered_display": "96"}, "missing_lines": [194], "excluded_lines": [], "start_line": 172}, "SumdParser._parse_architecture": {"executed_lines": [218, 219, 221, 222, 223, 224], "summary": {"covered_lines": 6, "num_statements": 6, "percent_covered": 100.0, "percent_covered_display": "100", "missing_lines": 0, "excluded_lines": 0, "percent_statements_covered": 100.0, "percent_statements_covered_display": "100"}, "missing_lines": [], "excluded_lines": [], "start_line": 215}, "SumdParser._extract_section": {"executed_lines": [228, 229, 230, 231, 232], "summary": {"covered_lines": 5, "num_statements": 5, "percent_covered": 100.0, "percent_covered_display": "100", "missing_lines": 0, "excluded_lines": 0, "percent_statements_covered": 100.0, "percent_statements_covered_display": "100"}, "missing_lines": [], "excluded_lines": [], "start_line": 226}, "SumdParser.generate_testql_scenarios": {"executed_lines": [236, 238, 239, 240, 241, 244, 245, 246, 249, 250, 251, 253, 254, 256, 257, 258, 259, 260, 261, 262, 263, 266, 267, 268, 269, 271], "summary": {"covered_lines": 26, "num_statements": 26, "percent_covered": 100.0, "percent_covered_display": "100", "missing_lines": 0, "excluded_lines": 0, "percent_statements_covered": 100.0, "percent_statements_covered_display": "100"}, "missing_lines": [], "excluded_lines": [], "start_line": 234}, "parse_sumd_file": {"executed_lines": [276, 277], "summary": {"covered_lines": 2, "num_statements": 2, "percent_covered": 100.0, "percent_covered_display": "100", "missing_lines": 0, "excluded_lines": 0, "percent_statements_covered": 100.0, "percent_statements_covered_display": "100"}, "missing_lines": [], "excluded_lines": [], "start_line": 274}, "": {"executed_lines": [3, 5, 6, 7, 8, 11, 12, 14, 15, 16, 17, 18, 21, 22, 24, 25, 26, 29, 30, 32, 33, 34, 37, 38, 40, 41, 42, 43, 44, 47, 59, 80, 83, 88, 109, 144, 148, 172, 215, 226, 234, 274], "summary": {"covered_lines": 42, "num_statements": 42, "percent_covered": 100.0, "percent_covered_display": "100", "missing_lines": 0, "excluded_lines": 0, "percent_statements_covered": 100.0, "percent_statements_covered_display": "100"}, "missing_lines": [], "excluded_lines": [], "start_line": 1}}, "classes": {"SumdMetadata": {"executed_lines": [], "summary": {"covered_lines": 0, "num_statements": 0, "percent_covered": 100.0, "percent_covered_display": "100", "missing_lines": 0, "excluded_lines": 0, "percent_statements_covered": 100.0, "percent_statements_covered_display": "100"}, "missing_lines": [], "excluded_lines": [], "start_line": 12}, "SumdInterface": {"executed_lines": [], "summary": {"covered_lines": 0, "num_statements": 0, "percent_covered": 100.0, "percent_covered_display": "100", "missing_lines": 0, "excluded_lines": 0, "percent_statements_covered": 100.0, "percent_statements_covered_display": "100"}, "missing_lines": [], "excluded_lines": [], "start_line": 22}, "SumdWorkflow": {"executed_lines": [], "summary": {"covered_lines": 0, "num_statements": 0, "percent_covered": 100.0, "percent_covered_display": "100", "missing_lines": 0, "excluded_lines": 0, "percent_statements_covered": 100.0, "percent_statements_covered_display": "100"}, "missing_lines": [], "excluded_lines": [], "start_line": 30}, "SumdDocument": {"executed_lines": [], "summary": {"covered_lines": 0, "num_statements": 0, "percent_covered": 100.0, "percent_covered_display": "100", "missing_lines": 0, "excluded_lines": 0, "percent_statements_covered": 100.0, "percent_statements_covered_display": "100"}, "missing_lines": [], "excluded_lines": [], "start_line": 38}, "SumdParser": {"executed_lines": [85, 86, 90, 93, 96, 99, 102, 105, 107, 111, 114, 115, 117, 118, 119, 122, 123, 124, 127, 128, 129, 132, 133, 134, 137, 138, 139, 140, 142, 146, 150, 153, 154, 155, 156, 159, 160, 161, 164, 165, 166, 168, 170, 174, 177, 178, 179, 180, 182, 189, 190, 191, 192, 193, 195, 196, 197, 198, 199, 206, 207, 208, 210, 211, 213, 218, 219, 221, 222, 223, 224, 228, 229, 230, 231, 232, 236, 238, 239, 240, 241, 244, 245, 246, 249, 250, 251, 253, 254, 256, 257, 258, 259, 260, 261, 262, 263, 266, 267, 268, 269, 271], "summary": {"covered_lines": 102, "num_statements": 103, "percent_covered": 99.02912621359224, "percent_covered_display": "99", "missing_lines": 1, "excluded_lines": 0, "percent_statements_covered": 99.02912621359224, "percent_statements_covered_display": "99"}, "missing_lines": [194], "excluded_lines": [], "start_line": 80}, "": {"executed_lines": [3, 5, 6, 7, 8, 11, 12, 14, 15, 16, 17, 18, 21, 22, 24, 25, 26, 29, 30, 32, 33, 34, 37, 38, 40, 41, 42, 43, 44, 47, 49, 50, 51, 52, 53, 54, 55, 56, 59, 61, 62, 63, 64, 65, 66, 67, 68, 69, 70, 75, 76, 77, 80, 83, 88, 109, 144, 148, 172, 215, 226, 234, 274, 276, 277], "summary": {"covered_lines": 65, "num_statements": 65, "percent_covered": 100.0, "percent_covered_display": "100", "missing_lines": 0, "excluded_lines": 0, "percent_statements_covered": 100.0, "percent_statements_covered_display": "100"}, "missing_lines": [], "excluded_lines": [], "start_line": 1}}}, "testql/toon_parser.py": {"executed_lines": [3, 4, 5, 7, 10, 13, 14, 16, 25, 26, 28, 37, 40, 41, 42, 43, 46, 47, 48, 49, 52, 53, 54, 55, 57, 59, 62, 63, 64, 65, 68, 69, 71, 77, 80, 81, 82, 83, 84, 86, 92, 95, 96, 97, 100, 109, 110], "summary": {"covered_lines": 47, "num_statements": 47, "percent_covered": 100.0, "percent_covered_display": "100", "missing_lines": 0, "excluded_lines": 0, "percent_statements_covered": 100.0, "percent_statements_covered_display": "100"}, "missing_lines": [], "excluded_lines": [], "functions": {"ToonParser.__init__": {"executed_lines": [14], "summary": {"covered_lines": 1, "num_statements": 1, "percent_covered": 100.0, "percent_covered_display": "100", "missing_lines": 0, "excluded_lines": 0, "percent_statements_covered": 100.0, "percent_statements_covered_display": "100"}, "missing_lines": [], "excluded_lines": [], "start_line": 13}, "ToonParser.parse_file": {"executed_lines": [25, 26], "summary": {"covered_lines": 2, "num_statements": 2, "percent_covered": 100.0, "percent_covered_display": "100", "missing_lines": 0, "excluded_lines": 0, "percent_statements_covered": 100.0, "percent_statements_covered_display": "100"}, "missing_lines": [], "excluded_lines": [], "start_line": 16}, "ToonParser.parse": {"executed_lines": [37, 40, 41, 42, 43, 46, 47, 48, 49, 52, 53, 54, 55, 57], "summary": {"covered_lines": 14, "num_statements": 14, "percent_covered": 100.0, "percent_covered_display": "100", "missing_lines": 0, "excluded_lines": 0, "percent_statements_covered": 100.0, "percent_statements_covered_display": "100"}, "missing_lines": [], "excluded_lines": [], "start_line": 28}, "ToonParser._parse_api_block": {"executed_lines": [62, 63, 64, 65, 68, 69, 71], "summary": {"covered_lines": 7, "num_statements": 7, "percent_covered": 100.0, "percent_covered_display": "100", "missing_lines": 0, "excluded_lines": 0, "percent_statements_covered": 100.0, "percent_statements_covered_display": "100"}, "missing_lines": [], "excluded_lines": [], "start_line": 59}, "ToonParser._parse_assert_block": {"executed_lines": [80, 81, 82, 83, 84, 86], "summary": {"covered_lines": 6, "num_statements": 6, "percent_covered": 100.0, "percent_covered_display": "100", "missing_lines": 0, "excluded_lines": 0, "percent_statements_covered": 100.0, "percent_statements_covered_display": "100"}, "missing_lines": [], "excluded_lines": [], "start_line": 77}, "ToonParser._parse_log_block": {"executed_lines": [95, 96, 97], "summary": {"covered_lines": 3, "num_statements": 3, "percent_covered": 100.0, "percent_covered_display": "100", "missing_lines": 0, "excluded_lines": 0, "percent_statements_covered": 100.0, "percent_statements_covered_display": "100"}, "missing_lines": [], "excluded_lines": [], "start_line": 92}, "parse_toon_file": {"executed_lines": [109, 110], "summary": {"covered_lines": 2, "num_statements": 2, "percent_covered": 100.0, "percent_covered_display": "100", "missing_lines": 0, "excluded_lines": 0, "percent_statements_covered": 100.0, "percent_statements_covered_display": "100"}, "missing_lines": [], "excluded_lines": [], "start_line": 100}, "": {"executed_lines": [3, 4, 5, 7, 10, 13, 16, 28, 59, 77, 92, 100], "summary": {"covered_lines": 12, "num_statements": 12, "percent_covered": 100.0, "percent_covered_display": "100", "missing_lines": 0, "excluded_lines": 0, "percent_statements_covered": 100.0, "percent_statements_covered_display": "100"}, "missing_lines": [], "excluded_lines": [], "start_line": 1}}, "classes": {"ToonParser": {"executed_lines": [14, 25, 26, 37, 40, 41, 42, 43, 46, 47, 48, 49, 52, 53, 54, 55, 57, 62, 63, 64, 65, 68, 69, 71, 80, 81, 82, 83, 84, 86, 95, 96, 97], "summary": {"covered_lines": 33, "num_statements": 33, "percent_covered": 100.0, "percent_covered_display": "100", "missing_lines": 0, "excluded_lines": 0, "percent_statements_covered": 100.0, "percent_statements_covered_display": "100"}, "missing_lines": [], "excluded_lines": [], "start_line": 10}, "": {"executed_lines": [3, 4, 5, 7, 10, 13, 16, 28, 59, 77, 92, 100, 109, 110], "summary": {"covered_lines": 14, "num_statements": 14, "percent_covered": 100.0, "percent_covered_display": "100", "missing_lines": 0, "excluded_lines": 0, "percent_statements_covered": 100.0, "percent_statements_covered_display": "100"}, "missing_lines": [], "excluded_lines": [], "start_line": 1}}}}, "totals": {"covered_lines": 3360, "num_statements": 5166, "percent_covered": 65.04065040650407, "percent_covered_display": "65", "missing_lines": 1806, "excluded_lines": 16, "percent_statements_covered": 65.04065040650407, "percent_statements_covered_display": "65"}}