{"meta": {"format": 3, "version": "7.13.5", "timestamp": "2026-04-19T13:13:01.172574", "branch_coverage": false, "show_contexts": false}, "files": {"testql/__init__.py": {"executed_lines": [3], "summary": {"covered_lines": 1, "num_statements": 1, "percent_covered": 100.0, "percent_covered_display": "100", "missing_lines": 0, "excluded_lines": 0, "percent_statements_covered": 100.0, "percent_statements_covered_display": "100"}, "missing_lines": [], "excluded_lines": [], "functions": {"": {"executed_lines": [3], "summary": {"covered_lines": 1, "num_statements": 1, "percent_covered": 100.0, "percent_covered_display": "100", "missing_lines": 0, "excluded_lines": 0, "percent_statements_covered": 100.0, "percent_statements_covered_display": "100"}, "missing_lines": [], "excluded_lines": [], "start_line": 1}}, "classes": {"": {"executed_lines": [3], "summary": {"covered_lines": 1, "num_statements": 1, "percent_covered": 100.0, "percent_covered_display": "100", "missing_lines": 0, "excluded_lines": 0, "percent_statements_covered": 100.0, "percent_statements_covered_display": "100"}, "missing_lines": [], "excluded_lines": [], "start_line": 1}}}, "testql/__main__.py": {"executed_lines": [], "summary": {"covered_lines": 0, "num_statements": 3, "percent_covered": 0.0, "percent_covered_display": "0", "missing_lines": 3, "excluded_lines": 0, "percent_statements_covered": 0.0, "percent_statements_covered_display": "0"}, "missing_lines": [3, 5, 6], "excluded_lines": [], "functions": {"": {"executed_lines": [], "summary": {"covered_lines": 0, "num_statements": 3, "percent_covered": 0.0, "percent_covered_display": "0", "missing_lines": 3, "excluded_lines": 0, "percent_statements_covered": 0.0, "percent_statements_covered_display": "0"}, "missing_lines": [3, 5, 6], "excluded_lines": [], "start_line": 1}}, "classes": {"": {"executed_lines": [], "summary": {"covered_lines": 0, "num_statements": 3, "percent_covered": 0.0, "percent_covered_display": "0", "missing_lines": 3, "excluded_lines": 0, "percent_statements_covered": 0.0, "percent_statements_covered_display": "0"}, "missing_lines": [3, 5, 6], "excluded_lines": [], "start_line": 1}}}, "testql/_base_fallback.py": {"executed_lines": [5, 7, 8, 9, 10, 11, 12, 16, 17, 18, 19, 20, 21, 22, 23, 25, 26, 27, 28, 29, 30, 31, 32, 34, 35, 36, 37, 38, 39, 40, 41, 42, 44, 45, 46, 48, 49, 50, 52, 53, 54, 55, 59, 62, 63, 65, 66, 68, 69, 71, 74, 75, 77, 80, 82, 87, 88, 89, 93, 96, 97, 98, 100, 101, 102, 105, 108, 111, 114, 117, 120, 121, 125, 128, 129, 130, 131, 132, 133, 134, 136, 137, 141, 142, 146, 148, 149, 150, 151, 152, 154, 161, 162, 172, 179, 184, 194, 203, 219, 220], "summary": {"covered_lines": 100, "num_statements": 146, "percent_covered": 68.4931506849315, "percent_covered_display": "68", "missing_lines": 46, "excluded_lines": 4, "percent_statements_covered": 68.4931506849315, "percent_statements_covered_display": "68"}, "missing_lines": [72, 78, 83, 84, 85, 103, 106, 109, 112, 115, 118, 156, 157, 158, 164, 165, 166, 167, 168, 180, 181, 182, 185, 186, 187, 188, 189, 190, 191, 192, 195, 196, 197, 198, 199, 200, 201, 204, 205, 206, 207, 214, 215, 216, 217, 221], "excluded_lines": [139, 140, 144, 145], "functions": {"ScriptResult.passed": {"executed_lines": [46], "summary": {"covered_lines": 1, "num_statements": 1, "percent_covered": 100.0, "percent_covered_display": "100", "missing_lines": 0, "excluded_lines": 0, "percent_statements_covered": 100.0, "percent_statements_covered_display": "100"}, "missing_lines": [], "excluded_lines": [], "start_line": 45}, "ScriptResult.failed": {"executed_lines": [50], "summary": {"covered_lines": 1, "num_statements": 1, "percent_covered": 100.0, "percent_covered_display": "100", "missing_lines": 0, "excluded_lines": 0, "percent_statements_covered": 100.0, "percent_statements_covered_display": "100"}, "missing_lines": [], "excluded_lines": [], "start_line": 49}, "ScriptResult.summary": {"executed_lines": [53, 54, 55], "summary": {"covered_lines": 3, "num_statements": 3, "percent_covered": 100.0, "percent_covered_display": "100", "missing_lines": 0, "excluded_lines": 0, "percent_statements_covered": 100.0, "percent_statements_covered_display": "100"}, "missing_lines": [], "excluded_lines": [], "start_line": 52}, "VariableStore.__init__": {"executed_lines": [63], "summary": {"covered_lines": 1, "num_statements": 1, "percent_covered": 100.0, "percent_covered_display": "100", "missing_lines": 0, "excluded_lines": 0, "percent_statements_covered": 100.0, "percent_statements_covered_display": "100"}, "missing_lines": [], "excluded_lines": [], "start_line": 62}, "VariableStore.set": {"executed_lines": [66], "summary": {"covered_lines": 1, "num_statements": 1, "percent_covered": 100.0, "percent_covered_display": "100", "missing_lines": 0, "excluded_lines": 0, "percent_statements_covered": 100.0, "percent_statements_covered_display": "100"}, "missing_lines": [], "excluded_lines": [], "start_line": 65}, "VariableStore.get": {"executed_lines": [69], "summary": {"covered_lines": 1, "num_statements": 1, "percent_covered": 100.0, "percent_covered_display": "100", "missing_lines": 0, "excluded_lines": 0, "percent_statements_covered": 100.0, "percent_statements_covered_display": "100"}, "missing_lines": [], "excluded_lines": [], "start_line": 68}, "VariableStore.has": {"executed_lines": [], "summary": {"covered_lines": 0, "num_statements": 1, "percent_covered": 0.0, "percent_covered_display": "0", "missing_lines": 1, "excluded_lines": 0, "percent_statements_covered": 0.0, "percent_statements_covered_display": "0"}, "missing_lines": [72], "excluded_lines": [], "start_line": 71}, "VariableStore.all": {"executed_lines": [75], "summary": {"covered_lines": 1, "num_statements": 1, "percent_covered": 100.0, "percent_covered_display": "100", "missing_lines": 0, "excluded_lines": 0, "percent_statements_covered": 100.0, "percent_statements_covered_display": "100"}, "missing_lines": [], "excluded_lines": [], "start_line": 74}, "VariableStore.clear": {"executed_lines": [], "summary": {"covered_lines": 0, "num_statements": 1, "percent_covered": 0.0, "percent_covered_display": "0", "missing_lines": 1, "excluded_lines": 0, "percent_statements_covered": 0.0, "percent_statements_covered_display": "0"}, "missing_lines": [78], "excluded_lines": [], "start_line": 77}, "VariableStore.interpolate": {"executed_lines": [82, 87, 88, 89], "summary": {"covered_lines": 4, "num_statements": 4, "percent_covered": 100.0, "percent_covered_display": "100", "missing_lines": 0, "excluded_lines": 0, "percent_statements_covered": 100.0, "percent_statements_covered_display": "100"}, "missing_lines": [], "excluded_lines": [], "start_line": 80}, "VariableStore.interpolate._repl": {"executed_lines": [], "summary": {"covered_lines": 0, "num_statements": 3, "percent_covered": 0.0, "percent_covered_display": "0", "missing_lines": 3, "excluded_lines": 0, "percent_statements_covered": 0.0, "percent_statements_covered_display": "0"}, "missing_lines": [83, 84, 85], "excluded_lines": [], "start_line": 82}, "InterpreterOutput.__init__": {"executed_lines": [97, 98], "summary": {"covered_lines": 2, "num_statements": 2, "percent_covered": 100.0, "percent_covered_display": "100", "missing_lines": 0, "excluded_lines": 0, "percent_statements_covered": 100.0, "percent_statements_covered_display": "100"}, "missing_lines": [], "excluded_lines": [], "start_line": 96}, "InterpreterOutput.emit": {"executed_lines": [101, 102], "summary": {"covered_lines": 2, "num_statements": 3, "percent_covered": 66.66666666666667, "percent_covered_display": "67", "missing_lines": 1, "excluded_lines": 0, "percent_statements_covered": 66.66666666666667, "percent_statements_covered_display": "67"}, "missing_lines": [103], "excluded_lines": [], "start_line": 100}, "InterpreterOutput.info": {"executed_lines": [], "summary": {"covered_lines": 0, "num_statements": 1, "percent_covered": 0.0, "percent_covered_display": "0", "missing_lines": 1, "excluded_lines": 0, "percent_statements_covered": 0.0, "percent_statements_covered_display": "0"}, "missing_lines": [106], "excluded_lines": [], "start_line": 105}, "InterpreterOutput.ok": {"executed_lines": [], "summary": {"covered_lines": 0, "num_statements": 1, "percent_covered": 0.0, "percent_covered_display": "0", "missing_lines": 1, "excluded_lines": 0, "percent_statements_covered": 0.0, "percent_statements_covered_display": "0"}, "missing_lines": [109], "excluded_lines": [], "start_line": 108}, "InterpreterOutput.fail": {"executed_lines": [], "summary": {"covered_lines": 0, "num_statements": 1, "percent_covered": 0.0, "percent_covered_display": "0", "missing_lines": 1, "excluded_lines": 0, "percent_statements_covered": 0.0, "percent_statements_covered_display": "0"}, "missing_lines": [112], "excluded_lines": [], "start_line": 111}, "InterpreterOutput.warn": {"executed_lines": [], "summary": {"covered_lines": 0, "num_statements": 1, "percent_covered": 0.0, "percent_covered_display": "0", "missing_lines": 1, "excluded_lines": 0, "percent_statements_covered": 0.0, "percent_statements_covered_display": "0"}, "missing_lines": [115], "excluded_lines": [], "start_line": 114}, "InterpreterOutput.error": {"executed_lines": [], "summary": {"covered_lines": 0, "num_statements": 1, "percent_covered": 0.0, "percent_covered_display": "0", "missing_lines": 1, "excluded_lines": 0, "percent_statements_covered": 0.0, "percent_statements_covered_display": "0"}, "missing_lines": [118], "excluded_lines": [], "start_line": 117}, "InterpreterOutput.step": {"executed_lines": [121], "summary": {"covered_lines": 1, "num_statements": 1, "percent_covered": 100.0, "percent_covered_display": "100", "missing_lines": 0, "excluded_lines": 0, "percent_statements_covered": 100.0, "percent_statements_covered_display": "100"}, "missing_lines": [], "excluded_lines": [], "start_line": 120}, "BaseInterpreter.__init__": {"executed_lines": [129, 130, 131, 132, 133, 134], "summary": {"covered_lines": 6, "num_statements": 6, "percent_covered": 100.0, "percent_covered_display": "100", "missing_lines": 0, "excluded_lines": 0, "percent_statements_covered": 100.0, "percent_statements_covered_display": "100"}, "missing_lines": [], "excluded_lines": [], "start_line": 128}, "BaseInterpreter.parse": {"executed_lines": [], "summary": {"covered_lines": 0, "num_statements": 0, "percent_covered": 100.0, "percent_covered_display": "100", "missing_lines": 0, "excluded_lines": 1, "percent_statements_covered": 100.0, "percent_statements_covered_display": "100"}, "missing_lines": [], "excluded_lines": [139], "start_line": 137}, "BaseInterpreter.execute": {"executed_lines": [], "summary": {"covered_lines": 0, "num_statements": 0, "percent_covered": 100.0, "percent_covered_display": "100", "missing_lines": 0, "excluded_lines": 1, "percent_statements_covered": 100.0, "percent_statements_covered_display": "100"}, "missing_lines": [], "excluded_lines": [144], "start_line": 142}, "BaseInterpreter.run": {"executed_lines": [148, 149, 150, 151, 152], "summary": {"covered_lines": 5, "num_statements": 5, "percent_covered": 100.0, "percent_covered_display": "100", "missing_lines": 0, "excluded_lines": 0, "percent_statements_covered": 100.0, "percent_statements_covered_display": "100"}, "missing_lines": [], "excluded_lines": [], "start_line": 146}, "BaseInterpreter.run_file": {"executed_lines": [], "summary": {"covered_lines": 0, "num_statements": 3, "percent_covered": 0.0, "percent_covered_display": "0", "missing_lines": 3, "excluded_lines": 0, "percent_statements_covered": 0.0, "percent_statements_covered_display": "0"}, "missing_lines": [156, 157, 158], "excluded_lines": [], "start_line": 154}, "BaseInterpreter.strip_comments": {"executed_lines": [], "summary": {"covered_lines": 0, "num_statements": 5, "percent_covered": 0.0, "percent_covered_display": "0", "missing_lines": 5, "excluded_lines": 0, "percent_statements_covered": 0.0, "percent_statements_covered_display": "0"}, "missing_lines": [164, 165, 166, 167, 168], "excluded_lines": [], "start_line": 162}, "EventBridge.__init__": {"executed_lines": [], "summary": {"covered_lines": 0, "num_statements": 3, "percent_covered": 0.0, "percent_covered_display": "0", "missing_lines": 3, "excluded_lines": 0, "percent_statements_covered": 0.0, "percent_statements_covered_display": "0"}, "missing_lines": [180, 181, 182], "excluded_lines": [], "start_line": 179}, "EventBridge.connect": {"executed_lines": [], "summary": {"covered_lines": 0, "num_statements": 8, "percent_covered": 0.0, "percent_covered_display": "0", "missing_lines": 8, "excluded_lines": 0, "percent_statements_covered": 0.0, "percent_statements_covered_display": "0"}, "missing_lines": [185, 186, 187, 188, 189, 190, 191, 192], "excluded_lines": [], "start_line": 184}, "EventBridge.disconnect": {"executed_lines": [], "summary": {"covered_lines": 0, "num_statements": 7, "percent_covered": 0.0, "percent_covered_display": "0", "missing_lines": 7, "excluded_lines": 0, "percent_statements_covered": 0.0, "percent_statements_covered_display": "0"}, "missing_lines": [195, 196, 197, 198, 199, 200, 201], "excluded_lines": [], "start_line": 194}, "EventBridge.send_event": {"executed_lines": [], "summary": {"covered_lines": 0, "num_statements": 8, "percent_covered": 0.0, "percent_covered_display": "0", "missing_lines": 8, "excluded_lines": 0, "percent_statements_covered": 0.0, "percent_statements_covered_display": "0"}, "missing_lines": [204, 205, 206, 207, 214, 215, 216, 217], "excluded_lines": [], "start_line": 203}, "EventBridge.connected": {"executed_lines": [], "summary": {"covered_lines": 0, "num_statements": 1, "percent_covered": 0.0, "percent_covered_display": "0", "missing_lines": 1, "excluded_lines": 0, "percent_statements_covered": 0.0, "percent_statements_covered_display": "0"}, "missing_lines": [221], "excluded_lines": [], "start_line": 220}, "": {"executed_lines": [5, 7, 8, 9, 10, 11, 12, 16, 17, 18, 19, 20, 21, 22, 23, 25, 26, 27, 28, 29, 30, 31, 32, 34, 35, 36, 37, 38, 39, 40, 41, 42, 44, 45, 48, 49, 52, 59, 62, 65, 68, 71, 74, 77, 80, 93, 96, 100, 105, 108, 111, 114, 117, 120, 125, 128, 136, 137, 141, 142, 146, 154, 161, 162, 172, 179, 184, 194, 203, 219, 220], "summary": {"covered_lines": 71, "num_statements": 71, "percent_covered": 100.0, "percent_covered_display": "100", "missing_lines": 0, "excluded_lines": 2, "percent_statements_covered": 100.0, "percent_statements_covered_display": "100"}, "missing_lines": [], "excluded_lines": [140, 145], "start_line": 1}}, "classes": {"StepStatus": {"executed_lines": [], "summary": {"covered_lines": 0, "num_statements": 0, "percent_covered": 100.0, "percent_covered_display": "100", "missing_lines": 0, "excluded_lines": 0, "percent_statements_covered": 100.0, "percent_statements_covered_display": "100"}, "missing_lines": [], "excluded_lines": [], "start_line": 16}, "StepResult": {"executed_lines": [], "summary": {"covered_lines": 0, "num_statements": 0, "percent_covered": 100.0, "percent_covered_display": "100", "missing_lines": 0, "excluded_lines": 0, "percent_statements_covered": 100.0, "percent_statements_covered_display": "100"}, "missing_lines": [], "excluded_lines": [], "start_line": 26}, "ScriptResult": {"executed_lines": [46, 50, 53, 54, 55], "summary": {"covered_lines": 5, "num_statements": 5, "percent_covered": 100.0, "percent_covered_display": "100", "missing_lines": 0, "excluded_lines": 0, "percent_statements_covered": 100.0, "percent_statements_covered_display": "100"}, "missing_lines": [], "excluded_lines": [], "start_line": 35}, "VariableStore": {"executed_lines": [63, 66, 69, 75, 82, 87, 88, 89], "summary": {"covered_lines": 8, "num_statements": 13, "percent_covered": 61.53846153846154, "percent_covered_display": "62", "missing_lines": 5, "excluded_lines": 0, "percent_statements_covered": 61.53846153846154, "percent_statements_covered_display": "62"}, "missing_lines": [72, 78, 83, 84, 85], "excluded_lines": [], "start_line": 59}, "InterpreterOutput": {"executed_lines": [97, 98, 101, 102, 121], "summary": {"covered_lines": 5, "num_statements": 11, "percent_covered": 45.45454545454545, "percent_covered_display": "45", "missing_lines": 6, "excluded_lines": 0, "percent_statements_covered": 45.45454545454545, "percent_statements_covered_display": "45"}, "missing_lines": [103, 106, 109, 112, 115, 118], "excluded_lines": [], "start_line": 93}, "BaseInterpreter": {"executed_lines": [129, 130, 131, 132, 133, 134, 148, 149, 150, 151, 152], "summary": {"covered_lines": 11, "num_statements": 19, "percent_covered": 57.89473684210526, "percent_covered_display": "58", "missing_lines": 8, "excluded_lines": 2, "percent_statements_covered": 57.89473684210526, "percent_statements_covered_display": "58"}, "missing_lines": [156, 157, 158, 164, 165, 166, 167, 168], "excluded_lines": [139, 144], "start_line": 125}, "EventBridge": {"executed_lines": [], "summary": {"covered_lines": 0, "num_statements": 27, "percent_covered": 0.0, "percent_covered_display": "0", "missing_lines": 27, "excluded_lines": 0, "percent_statements_covered": 0.0, "percent_statements_covered_display": "0"}, "missing_lines": [180, 181, 182, 185, 186, 187, 188, 189, 190, 191, 192, 195, 196, 197, 198, 199, 200, 201, 204, 205, 206, 207, 214, 215, 216, 217, 221], "excluded_lines": [], "start_line": 172}, "": {"executed_lines": [5, 7, 8, 9, 10, 11, 12, 16, 17, 18, 19, 20, 21, 22, 23, 25, 26, 27, 28, 29, 30, 31, 32, 34, 35, 36, 37, 38, 39, 40, 41, 42, 44, 45, 48, 49, 52, 59, 62, 65, 68, 71, 74, 77, 80, 93, 96, 100, 105, 108, 111, 114, 117, 120, 125, 128, 136, 137, 141, 142, 146, 154, 161, 162, 172, 179, 184, 194, 203, 219, 220], "summary": {"covered_lines": 71, "num_statements": 71, "percent_covered": 100.0, "percent_covered_display": "100", "missing_lines": 0, "excluded_lines": 2, "percent_statements_covered": 100.0, "percent_statements_covered_display": "100"}, "missing_lines": [], "excluded_lines": [140, 145], "start_line": 1}}}, "testql/base.py": {"executed_lines": [8, 9, 18, 19, 29], "summary": {"covered_lines": 5, "num_statements": 5, "percent_covered": 100.0, "percent_covered_display": "100", "missing_lines": 0, "excluded_lines": 0, "percent_statements_covered": 100.0, "percent_statements_covered_display": "100"}, "missing_lines": [], "excluded_lines": [], "functions": {"": {"executed_lines": [8, 9, 18, 19, 29], "summary": {"covered_lines": 5, "num_statements": 5, "percent_covered": 100.0, "percent_covered_display": "100", "missing_lines": 0, "excluded_lines": 0, "percent_statements_covered": 100.0, "percent_statements_covered_display": "100"}, "missing_lines": [], "excluded_lines": [], "start_line": 1}}, "classes": {"": {"executed_lines": [8, 9, 18, 19, 29], "summary": {"covered_lines": 5, "num_statements": 5, "percent_covered": 100.0, "percent_covered_display": "100", "missing_lines": 0, "excluded_lines": 0, "percent_statements_covered": 100.0, "percent_statements_covered_display": "100"}, "missing_lines": [], "excluded_lines": [], "start_line": 1}}}, "testql/cli.py": {"executed_lines": [3, 5, 7, 8, 9, 10, 11, 14, 15, 16, 18, 21, 22, 23, 24, 25, 26, 27, 28, 29, 30, 31, 32, 33, 35, 40], "summary": {"covered_lines": 26, "num_statements": 28, "percent_covered": 92.85714285714286, "percent_covered_display": "93", "missing_lines": 2, "excluded_lines": 0, "percent_statements_covered": 92.85714285714286, "percent_statements_covered_display": "93"}, "missing_lines": [37, 41], "excluded_lines": [], "functions": {"cli": {"executed_lines": [18], "summary": {"covered_lines": 1, "num_statements": 1, "percent_covered": 100.0, "percent_covered_display": "100", "missing_lines": 0, "excluded_lines": 0, "percent_statements_covered": 100.0, "percent_statements_covered_display": "100"}, "missing_lines": [], "excluded_lines": [], "start_line": 16}, "main": {"executed_lines": [], "summary": {"covered_lines": 0, "num_statements": 1, "percent_covered": 0.0, "percent_covered_display": "0", "missing_lines": 1, "excluded_lines": 0, "percent_statements_covered": 0.0, "percent_statements_covered_display": "0"}, "missing_lines": [37], "excluded_lines": [], "start_line": 35}, "": {"executed_lines": [3, 5, 7, 8, 9, 10, 11, 14, 15, 16, 21, 22, 23, 24, 25, 26, 27, 28, 29, 30, 31, 32, 33, 35, 40], "summary": {"covered_lines": 25, "num_statements": 26, "percent_covered": 96.15384615384616, "percent_covered_display": "96", "missing_lines": 1, "excluded_lines": 0, "percent_statements_covered": 96.15384615384616, "percent_statements_covered_display": "96"}, "missing_lines": [41], "excluded_lines": [], "start_line": 1}}, "classes": {"": {"executed_lines": [3, 5, 7, 8, 9, 10, 11, 14, 15, 16, 18, 21, 22, 23, 24, 25, 26, 27, 28, 29, 30, 31, 32, 33, 35, 40], "summary": {"covered_lines": 26, "num_statements": 28, "percent_covered": 92.85714285714286, "percent_covered_display": "93", "missing_lines": 2, "excluded_lines": 0, "percent_statements_covered": 92.85714285714286, "percent_statements_covered_display": "93"}, "missing_lines": [37, 41], "excluded_lines": [], "start_line": 1}}}, "testql/commands/__init__.py": {"executed_lines": [3, 4, 5, 6, 7, 8, 9, 10, 12], "summary": {"covered_lines": 9, "num_statements": 9, "percent_covered": 100.0, "percent_covered_display": "100", "missing_lines": 0, "excluded_lines": 0, "percent_statements_covered": 100.0, "percent_statements_covered_display": "100"}, "missing_lines": [], "excluded_lines": [], "functions": {"": {"executed_lines": [3, 4, 5, 6, 7, 8, 9, 10, 12], "summary": {"covered_lines": 9, "num_statements": 9, "percent_covered": 100.0, "percent_covered_display": "100", "missing_lines": 0, "excluded_lines": 0, "percent_statements_covered": 100.0, "percent_statements_covered_display": "100"}, "missing_lines": [], "excluded_lines": [], "start_line": 1}}, "classes": {"": {"executed_lines": [3, 4, 5, 6, 7, 8, 9, 10, 12], "summary": {"covered_lines": 9, "num_statements": 9, "percent_covered": 100.0, "percent_covered_display": "100", "missing_lines": 0, "excluded_lines": 0, "percent_statements_covered": 100.0, "percent_statements_covered_display": "100"}, "missing_lines": [], "excluded_lines": [], "start_line": 1}}}, "testql/commands/echo.py": {"executed_lines": [], "summary": {"covered_lines": 0, "num_statements": 3, "percent_covered": 0.0, "percent_covered_display": "0", "missing_lines": 3, "excluded_lines": 0, "percent_statements_covered": 0.0, "percent_statements_covered_display": "0"}, "missing_lines": [7, 10, 18], "excluded_lines": [], "functions": {"": {"executed_lines": [], "summary": {"covered_lines": 0, "num_statements": 3, "percent_covered": 0.0, "percent_covered_display": "0", "missing_lines": 3, "excluded_lines": 0, "percent_statements_covered": 0.0, "percent_statements_covered_display": "0"}, "missing_lines": [7, 10, 18], "excluded_lines": [], "start_line": 1}}, "classes": {"": {"executed_lines": [], "summary": {"covered_lines": 0, "num_statements": 3, "percent_covered": 0.0, "percent_covered_display": "0", "missing_lines": 3, "excluded_lines": 0, "percent_statements_covered": 0.0, "percent_statements_covered_display": "0"}, "missing_lines": [7, 10, 18], "excluded_lines": [], "start_line": 1}}}, "testql/commands/echo/__init__.py": {"executed_lines": [10, 11, 12, 13, 14, 16], "summary": {"covered_lines": 6, "num_statements": 6, "percent_covered": 100.0, "percent_covered_display": "100", "missing_lines": 0, "excluded_lines": 0, "percent_statements_covered": 100.0, "percent_statements_covered_display": "100"}, "missing_lines": [], "excluded_lines": [], "functions": {"": {"executed_lines": [10, 11, 12, 13, 14, 16], "summary": {"covered_lines": 6, "num_statements": 6, "percent_covered": 100.0, "percent_covered_display": "100", "missing_lines": 0, "excluded_lines": 0, "percent_statements_covered": 100.0, "percent_statements_covered_display": "100"}, "missing_lines": [], "excluded_lines": [], "start_line": 1}}, "classes": {"": {"executed_lines": [10, 11, 12, 13, 14, 16], "summary": {"covered_lines": 6, "num_statements": 6, "percent_covered": 100.0, "percent_covered_display": "100", "missing_lines": 0, "excluded_lines": 0, "percent_statements_covered": 100.0, "percent_statements_covered_display": "100"}, "missing_lines": [], "excluded_lines": [], "start_line": 1}}}, "testql/commands/echo/cli.py": {"executed_lines": [3, 5, 6, 8, 10, 11, 14, 15, 16, 17, 18, 19, 20], "summary": {"covered_lines": 13, "num_statements": 22, "percent_covered": 59.09090909090909, "percent_covered_display": "59", "missing_lines": 9, "excluded_lines": 0, "percent_statements_covered": 59.09090909090909, "percent_statements_covered_display": "59"}, "missing_lines": [22, 24, 30, 31, 33, 35, 36, 37, 39], "excluded_lines": [], "functions": {"echo": {"executed_lines": [], "summary": {"covered_lines": 0, "num_statements": 9, "percent_covered": 0.0, "percent_covered_display": "0", "missing_lines": 9, "excluded_lines": 0, "percent_statements_covered": 0.0, "percent_statements_covered_display": "0"}, "missing_lines": [22, 24, 30, 31, 33, 35, 36, 37, 39], "excluded_lines": [], "start_line": 20}, "": {"executed_lines": [3, 5, 6, 8, 10, 11, 14, 15, 16, 17, 18, 19, 20], "summary": {"covered_lines": 13, "num_statements": 13, "percent_covered": 100.0, "percent_covered_display": "100", "missing_lines": 0, "excluded_lines": 0, "percent_statements_covered": 100.0, "percent_statements_covered_display": "100"}, "missing_lines": [], "excluded_lines": [], "start_line": 1}}, "classes": {"": {"executed_lines": [3, 5, 6, 8, 10, 11, 14, 15, 16, 17, 18, 19, 20], "summary": {"covered_lines": 13, "num_statements": 22, "percent_covered": 59.09090909090909, "percent_covered_display": "59", "missing_lines": 9, "excluded_lines": 0, "percent_statements_covered": 59.09090909090909, "percent_statements_covered_display": "59"}, "missing_lines": [22, 24, 30, 31, 33, 35, 36, 37, 39], "excluded_lines": [], "start_line": 1}}}, "testql/commands/echo/context.py": {"executed_lines": [3, 5, 6, 8, 9, 12, 14, 15, 16, 18, 21, 23, 24, 25, 26, 29, 35, 44, 45, 46, 50, 51, 52, 54], "summary": {"covered_lines": 24, "num_statements": 25, "percent_covered": 96.0, "percent_covered_display": "96", "missing_lines": 1, "excluded_lines": 0, "percent_statements_covered": 96.0, "percent_statements_covered_display": "96"}, "missing_lines": [47], "excluded_lines": [], "functions": {"_find_doql_file": {"executed_lines": [14, 15, 16, 18], "summary": {"covered_lines": 4, "num_statements": 4, "percent_covered": 100.0, "percent_covered_display": "100", "missing_lines": 0, "excluded_lines": 0, "percent_statements_covered": 100.0, "percent_statements_covered_display": "100"}, "missing_lines": [], "excluded_lines": [], "start_line": 12}, "_find_toon_path": {"executed_lines": [23, 24, 25, 26], "summary": {"covered_lines": 4, "num_statements": 4, "percent_covered": 100.0, "percent_covered_display": "100", "missing_lines": 0, "excluded_lines": 0, "percent_statements_covered": 100.0, "percent_statements_covered_display": "100"}, "missing_lines": [], "excluded_lines": [], "start_line": 21}, "generate_context": {"executed_lines": [35, 44, 45, 46, 50, 51, 52, 54], "summary": {"covered_lines": 8, "num_statements": 9, "percent_covered": 88.88888888888889, "percent_covered_display": "89", "missing_lines": 1, "excluded_lines": 0, "percent_statements_covered": 88.88888888888889, "percent_statements_covered_display": "89"}, "missing_lines": [47], "excluded_lines": [], "start_line": 29}, "": {"executed_lines": [3, 5, 6, 8, 9, 12, 21, 29], "summary": {"covered_lines": 8, "num_statements": 8, "percent_covered": 100.0, "percent_covered_display": "100", "missing_lines": 0, "excluded_lines": 0, "percent_statements_covered": 100.0, "percent_statements_covered_display": "100"}, "missing_lines": [], "excluded_lines": [], "start_line": 1}}, "classes": {"": {"executed_lines": [3, 5, 6, 8, 9, 12, 14, 15, 16, 18, 21, 23, 24, 25, 26, 29, 35, 44, 45, 46, 50, 51, 52, 54], "summary": {"covered_lines": 24, "num_statements": 25, "percent_covered": 96.0, "percent_covered_display": "96", "missing_lines": 1, "excluded_lines": 0, "percent_statements_covered": 96.0, "percent_statements_covered_display": "96"}, "missing_lines": [47], "excluded_lines": [], "start_line": 1}}}, "testql/commands/echo/formatters/__init__.py": {"executed_lines": [7, 9], "summary": {"covered_lines": 2, "num_statements": 2, "percent_covered": 100.0, "percent_covered_display": "100", "missing_lines": 0, "excluded_lines": 0, "percent_statements_covered": 100.0, "percent_statements_covered_display": "100"}, "missing_lines": [], "excluded_lines": [], "functions": {"": {"executed_lines": [7, 9], "summary": {"covered_lines": 2, "num_statements": 2, "percent_covered": 100.0, "percent_covered_display": "100", "missing_lines": 0, "excluded_lines": 0, "percent_statements_covered": 100.0, "percent_statements_covered_display": "100"}, "missing_lines": [], "excluded_lines": [], "start_line": 1}}, "classes": {"": {"executed_lines": [7, 9], "summary": {"covered_lines": 2, "num_statements": 2, "percent_covered": 100.0, "percent_covered_display": "100", "missing_lines": 0, "excluded_lines": 0, "percent_statements_covered": 100.0, "percent_statements_covered_display": "100"}, "missing_lines": [], "excluded_lines": [], "start_line": 1}}}, "testql/commands/echo/formatters/text.py": {"executed_lines": [3, 5, 8, 10, 11, 12, 13, 14, 15, 16, 17, 20, 22, 23, 24, 25, 26, 27, 28, 29, 30, 33, 35, 36, 37, 38, 39, 40, 41, 42, 43, 44, 45, 46, 49, 51, 52, 53, 54, 55, 56, 57, 59, 60, 63, 65, 66, 67, 68, 70, 72, 74, 77, 79, 80, 81, 82, 85, 87, 95], "summary": {"covered_lines": 60, "num_statements": 64, "percent_covered": 93.75, "percent_covered_display": "94", "missing_lines": 4, "excluded_lines": 0, "percent_statements_covered": 93.75, "percent_statements_covered_display": "94"}, "missing_lines": [58, 69, 71, 73], "excluded_lines": [], "functions": {"_fmt_interfaces": {"executed_lines": [10, 11, 12, 13, 14, 15, 16, 17], "summary": {"covered_lines": 8, "num_statements": 8, "percent_covered": 100.0, "percent_covered_display": "100", "missing_lines": 0, "excluded_lines": 0, "percent_statements_covered": 100.0, "percent_statements_covered_display": "100"}, "missing_lines": [], "excluded_lines": [], "start_line": 8}, "_fmt_workflows": {"executed_lines": [22, 23, 24, 25, 26, 27, 28, 29, 30], "summary": {"covered_lines": 9, "num_statements": 9, "percent_covered": 100.0, "percent_covered_display": "100", "missing_lines": 0, "excluded_lines": 0, "percent_statements_covered": 100.0, "percent_statements_covered_display": "100"}, "missing_lines": [], "excluded_lines": [], "start_line": 20}, "_fmt_contracts": {"executed_lines": [35, 36, 37, 38, 39, 40, 41, 42, 43, 44, 45, 46], "summary": {"covered_lines": 12, "num_statements": 12, "percent_covered": 100.0, "percent_covered_display": "100", "missing_lines": 0, "excluded_lines": 0, "percent_statements_covered": 100.0, "percent_statements_covered_display": "100"}, "missing_lines": [], "excluded_lines": [], "start_line": 33}, "_fmt_entities": {"executed_lines": [51, 52, 53, 54, 55, 56, 57, 59, 60], "summary": {"covered_lines": 9, "num_statements": 10, "percent_covered": 90.0, "percent_covered_display": "90", "missing_lines": 1, "excluded_lines": 0, "percent_statements_covered": 90.0, "percent_statements_covered_display": "90"}, "missing_lines": [58], "excluded_lines": [], "start_line": 49}, "_fmt_suggestions": {"executed_lines": [65, 66, 67, 68, 70, 72, 74], "summary": {"covered_lines": 7, "num_statements": 10, "percent_covered": 70.0, "percent_covered_display": "70", "missing_lines": 3, "excluded_lines": 0, "percent_statements_covered": 70.0, "percent_statements_covered_display": "70"}, "missing_lines": [69, 71, 73], "excluded_lines": [], "start_line": 63}, "_build_header": {"executed_lines": [79, 80, 81, 82], "summary": {"covered_lines": 4, "num_statements": 4, "percent_covered": 100.0, "percent_covered_display": "100", "missing_lines": 0, "excluded_lines": 0, "percent_statements_covered": 100.0, "percent_statements_covered_display": "100"}, "missing_lines": [], "excluded_lines": [], "start_line": 77}, "format_text_output": {"executed_lines": [87, 95], "summary": {"covered_lines": 2, "num_statements": 2, "percent_covered": 100.0, "percent_covered_display": "100", "missing_lines": 0, "excluded_lines": 0, "percent_statements_covered": 100.0, "percent_statements_covered_display": "100"}, "missing_lines": [], "excluded_lines": [], "start_line": 85}, "": {"executed_lines": [3, 5, 8, 20, 33, 49, 63, 77, 85], "summary": {"covered_lines": 9, "num_statements": 9, "percent_covered": 100.0, "percent_covered_display": "100", "missing_lines": 0, "excluded_lines": 0, "percent_statements_covered": 100.0, "percent_statements_covered_display": "100"}, "missing_lines": [], "excluded_lines": [], "start_line": 1}}, "classes": {"": {"executed_lines": [3, 5, 8, 10, 11, 12, 13, 14, 15, 16, 17, 20, 22, 23, 24, 25, 26, 27, 28, 29, 30, 33, 35, 36, 37, 38, 39, 40, 41, 42, 43, 44, 45, 46, 49, 51, 52, 53, 54, 55, 56, 57, 59, 60, 63, 65, 66, 67, 68, 70, 72, 74, 77, 79, 80, 81, 82, 85, 87, 95], "summary": {"covered_lines": 60, "num_statements": 64, "percent_covered": 93.75, "percent_covered_display": "94", "missing_lines": 4, "excluded_lines": 0, "percent_statements_covered": 93.75, "percent_statements_covered_display": "94"}, "missing_lines": [58, 69, 71, 73], "excluded_lines": [], "start_line": 1}}}, "testql/commands/echo/parsers/__init__.py": {"executed_lines": [7, 8, 10], "summary": {"covered_lines": 3, "num_statements": 3, "percent_covered": 100.0, "percent_covered_display": "100", "missing_lines": 0, "excluded_lines": 0, "percent_statements_covered": 100.0, "percent_statements_covered_display": "100"}, "missing_lines": [], "excluded_lines": [], "functions": {"": {"executed_lines": [7, 8, 10], "summary": {"covered_lines": 3, "num_statements": 3, "percent_covered": 100.0, "percent_covered_display": "100", "missing_lines": 0, "excluded_lines": 0, "percent_statements_covered": 100.0, "percent_statements_covered_display": "100"}, "missing_lines": [], "excluded_lines": [], "start_line": 1}}, "classes": {"": {"executed_lines": [7, 8, 10], "summary": {"covered_lines": 3, "num_statements": 3, "percent_covered": 100.0, "percent_covered_display": "100", "missing_lines": 0, "excluded_lines": 0, "percent_statements_covered": 100.0, "percent_statements_covered_display": "100"}, "missing_lines": [], "excluded_lines": [], "start_line": 1}}}, "testql/commands/echo/parsers/doql.py": {"executed_lines": [3, 5, 6, 7, 11, 14, 16, 17, 18, 19, 20, 21, 24, 26, 27, 30, 32, 33, 34, 35, 36, 37, 38, 39, 40, 41, 42, 43, 44, 47, 49, 50, 51, 52, 53, 54, 57, 59, 60, 61, 62, 63, 64, 65, 66, 67, 68, 69, 70, 71, 72, 73, 76, 78, 79, 82, 84, 85, 86, 87, 90, 92, 93, 94, 95, 100, 101, 104, 106, 107], "summary": {"covered_lines": 70, "num_statements": 70, "percent_covered": 100.0, "percent_covered_display": "100", "missing_lines": 0, "excluded_lines": 0, "percent_statements_covered": 100.0, "percent_statements_covered_display": "100"}, "missing_lines": [], "excluded_lines": [], "functions": {"_parse_kv_block": {"executed_lines": [16, 17, 18, 19, 20, 21], "summary": {"covered_lines": 6, "num_statements": 6, "percent_covered": 100.0, "percent_covered_display": "100", "missing_lines": 0, "excluded_lines": 0, "percent_statements_covered": 100.0, "percent_statements_covered_display": "100"}, "missing_lines": [], "excluded_lines": [], "start_line": 14}, "_parse_app_block": {"executed_lines": [26, 27], "summary": {"covered_lines": 2, "num_statements": 2, "percent_covered": 100.0, "percent_covered_display": "100", "missing_lines": 0, "excluded_lines": 0, "percent_statements_covered": 100.0, "percent_statements_covered_display": "100"}, "missing_lines": [], "excluded_lines": [], "start_line": 24}, "_parse_entities": {"executed_lines": [32, 33, 34, 35, 36, 37, 38, 39, 40, 41, 42, 43, 44], "summary": {"covered_lines": 13, "num_statements": 13, "percent_covered": 100.0, "percent_covered_display": "100", "missing_lines": 0, "excluded_lines": 0, "percent_statements_covered": 100.0, "percent_statements_covered_display": "100"}, "missing_lines": [], "excluded_lines": [], "start_line": 30}, "_parse_interfaces": {"executed_lines": [49, 50, 51, 52, 53, 54], "summary": {"covered_lines": 6, "num_statements": 6, "percent_covered": 100.0, "percent_covered_display": "100", "missing_lines": 0, "excluded_lines": 0, "percent_statements_covered": 100.0, "percent_statements_covered_display": "100"}, "missing_lines": [], "excluded_lines": [], "start_line": 47}, "_parse_workflows": {"executed_lines": [59, 60, 61, 62, 63, 64, 65, 66, 67, 68, 69, 70, 71, 72, 73], "summary": {"covered_lines": 15, "num_statements": 15, "percent_covered": 100.0, "percent_covered_display": "100", "missing_lines": 0, "excluded_lines": 0, "percent_statements_covered": 100.0, "percent_statements_covered_display": "100"}, "missing_lines": [], "excluded_lines": [], "start_line": 57}, "_parse_deploy": {"executed_lines": [78, 79], "summary": {"covered_lines": 2, "num_statements": 2, "percent_covered": 100.0, "percent_covered_display": "100", "missing_lines": 0, "excluded_lines": 0, "percent_statements_covered": 100.0, "percent_statements_covered_display": "100"}, "missing_lines": [], "excluded_lines": [], "start_line": 76}, "_parse_environment": {"executed_lines": [84, 85, 86, 87], "summary": {"covered_lines": 4, "num_statements": 4, "percent_covered": 100.0, "percent_covered_display": "100", "missing_lines": 0, "excluded_lines": 0, "percent_statements_covered": 100.0, "percent_statements_covered_display": "100"}, "missing_lines": [], "excluded_lines": [], "start_line": 82}, "_parse_integrations": {"executed_lines": [92, 93, 94, 95, 100, 101], "summary": {"covered_lines": 6, "num_statements": 6, "percent_covered": 100.0, "percent_covered_display": "100", "missing_lines": 0, "excluded_lines": 0, "percent_statements_covered": 100.0, "percent_statements_covered_display": "100"}, "missing_lines": [], "excluded_lines": [], "start_line": 90}, "parse_doql_less": {"executed_lines": [106, 107], "summary": {"covered_lines": 2, "num_statements": 2, "percent_covered": 100.0, "percent_covered_display": "100", "missing_lines": 0, "excluded_lines": 0, "percent_statements_covered": 100.0, "percent_statements_covered_display": "100"}, "missing_lines": [], "excluded_lines": [], "start_line": 104}, "": {"executed_lines": [3, 5, 6, 7, 11, 14, 24, 30, 47, 57, 76, 82, 90, 104], "summary": {"covered_lines": 14, "num_statements": 14, "percent_covered": 100.0, "percent_covered_display": "100", "missing_lines": 0, "excluded_lines": 0, "percent_statements_covered": 100.0, "percent_statements_covered_display": "100"}, "missing_lines": [], "excluded_lines": [], "start_line": 1}}, "classes": {"": {"executed_lines": [3, 5, 6, 7, 11, 14, 16, 17, 18, 19, 20, 21, 24, 26, 27, 30, 32, 33, 34, 35, 36, 37, 38, 39, 40, 41, 42, 43, 44, 47, 49, 50, 51, 52, 53, 54, 57, 59, 60, 61, 62, 63, 64, 65, 66, 67, 68, 69, 70, 71, 72, 73, 76, 78, 79, 82, 84, 85, 86, 87, 90, 92, 93, 94, 95, 100, 101, 104, 106, 107], "summary": {"covered_lines": 70, "num_statements": 70, "percent_covered": 100.0, "percent_covered_display": "100", "missing_lines": 0, "excluded_lines": 0, "percent_statements_covered": 100.0, "percent_statements_covered_display": "100"}, "missing_lines": [], "excluded_lines": [], "start_line": 1}}}, "testql/commands/echo/parsers/toon.py": {"executed_lines": [3, 5, 6, 8, 12, 15, 17, 18, 23, 30, 32, 38, 40, 49, 50, 51, 54, 55, 58, 59, 61, 64, 66, 68, 69, 70, 71, 73, 74, 76], "summary": {"covered_lines": 30, "num_statements": 30, "percent_covered": 100.0, "percent_covered_display": "100", "missing_lines": 0, "excluded_lines": 0, "percent_statements_covered": 100.0, "percent_statements_covered_display": "100"}, "missing_lines": [], "excluded_lines": [], "functions": {"_extract_endpoint": {"executed_lines": [17, 18, 23], "summary": {"covered_lines": 3, "num_statements": 3, "percent_covered": 100.0, "percent_covered_display": "100", "missing_lines": 0, "excluded_lines": 0, "percent_statements_covered": 100.0, "percent_statements_covered_display": "100"}, "missing_lines": [], "excluded_lines": [], "start_line": 15}, "_extract_assert": {"executed_lines": [32], "summary": {"covered_lines": 1, "num_statements": 1, "percent_covered": 100.0, "percent_covered_display": "100", "missing_lines": 0, "excluded_lines": 0, "percent_statements_covered": 100.0, "percent_statements_covered_display": "100"}, "missing_lines": [], "excluded_lines": [], "start_line": 30}, "_parse_scenario": {"executed_lines": [40, 49, 50, 51, 54, 55, 58, 59, 61], "summary": {"covered_lines": 9, "num_statements": 9, "percent_covered": 100.0, "percent_covered_display": "100", "missing_lines": 0, "excluded_lines": 0, "percent_statements_covered": 100.0, "percent_statements_covered_display": "100"}, "missing_lines": [], "excluded_lines": [], "start_line": 38}, "parse_toon_scenarios": {"executed_lines": [66, 68, 69, 70, 71, 73, 74, 76], "summary": {"covered_lines": 8, "num_statements": 8, "percent_covered": 100.0, "percent_covered_display": "100", "missing_lines": 0, "excluded_lines": 0, "percent_statements_covered": 100.0, "percent_statements_covered_display": "100"}, "missing_lines": [], "excluded_lines": [], "start_line": 64}, "": {"executed_lines": [3, 5, 6, 8, 12, 15, 30, 38, 64], "summary": {"covered_lines": 9, "num_statements": 9, "percent_covered": 100.0, "percent_covered_display": "100", "missing_lines": 0, "excluded_lines": 0, "percent_statements_covered": 100.0, "percent_statements_covered_display": "100"}, "missing_lines": [], "excluded_lines": [], "start_line": 1}}, "classes": {"": {"executed_lines": [3, 5, 6, 8, 12, 15, 17, 18, 23, 30, 32, 38, 40, 49, 50, 51, 54, 55, 58, 59, 61, 64, 66, 68, 69, 70, 71, 73, 74, 76], "summary": {"covered_lines": 30, "num_statements": 30, "percent_covered": 100.0, "percent_covered_display": "100", "missing_lines": 0, "excluded_lines": 0, "percent_statements_covered": 100.0, "percent_statements_covered_display": "100"}, "missing_lines": [], "excluded_lines": [], "start_line": 1}}}, "testql/commands/echo_helpers.py": {"executed_lines": [3, 5, 6, 7, 8, 10, 16, 42, 54], "summary": {"covered_lines": 9, "num_statements": 36, "percent_covered": 25.0, "percent_covered_display": "25", "missing_lines": 27, "excluded_lines": 2, "percent_statements_covered": 25.0, "percent_statements_covered_display": "25"}, "missing_lines": [18, 20, 21, 22, 28, 29, 30, 31, 32, 33, 34, 35, 36, 37, 39, 44, 46, 47, 48, 49, 51, 56, 57, 58, 59, 60, 61], "excluded_lines": [12, 13], "functions": {"collect_toon_data": {"executed_lines": [], "summary": {"covered_lines": 0, "num_statements": 15, "percent_covered": 0.0, "percent_covered_display": "0", "missing_lines": 15, "excluded_lines": 0, "percent_statements_covered": 0.0, "percent_statements_covered_display": "0"}, "missing_lines": [18, 20, 21, 22, 28, 29, 30, 31, 32, 33, 34, 35, 36, 37, 39], "excluded_lines": [], "start_line": 16}, "collect_doql_data": {"executed_lines": [], "summary": {"covered_lines": 0, "num_statements": 6, "percent_covered": 0.0, "percent_covered_display": "0", "missing_lines": 6, "excluded_lines": 0, "percent_statements_covered": 0.0, "percent_statements_covered_display": "0"}, "missing_lines": [44, 46, 47, 48, 49, 51], "excluded_lines": [], "start_line": 42}, "render_echo": {"executed_lines": [], "summary": {"covered_lines": 0, "num_statements": 6, "percent_covered": 0.0, "percent_covered_display": "0", "missing_lines": 6, "excluded_lines": 0, "percent_statements_covered": 0.0, "percent_statements_covered_display": "0"}, "missing_lines": [56, 57, 58, 59, 60, 61], "excluded_lines": [], "start_line": 54}, "": {"executed_lines": [3, 5, 6, 7, 8, 10, 16, 42, 54], "summary": {"covered_lines": 9, "num_statements": 9, "percent_covered": 100.0, "percent_covered_display": "100", "missing_lines": 0, "excluded_lines": 2, "percent_statements_covered": 100.0, "percent_statements_covered_display": "100"}, "missing_lines": [], "excluded_lines": [12, 13], "start_line": 1}}, "classes": {"": {"executed_lines": [3, 5, 6, 7, 8, 10, 16, 42, 54], "summary": {"covered_lines": 9, "num_statements": 36, "percent_covered": 25.0, "percent_covered_display": "25", "missing_lines": 27, "excluded_lines": 2, "percent_statements_covered": 25.0, "percent_statements_covered_display": "25"}, "missing_lines": [18, 20, 21, 22, 28, 29, 30, 31, 32, 33, 34, 35, 36, 37, 39, 44, 46, 47, 48, 49, 51, 56, 57, 58, 59, 60, 61], "excluded_lines": [12, 13], "start_line": 1}}}, "testql/commands/encoder_routes.py": {"executed_lines": [3, 5, 6, 7, 8, 9, 10, 12, 13, 18, 19, 20, 21, 23, 24, 25, 26, 28, 29, 31, 32, 34, 38, 39, 40, 42, 44, 45, 46, 48, 49, 52, 57, 58, 61, 62, 63, 64, 65, 67, 70, 71, 72, 73, 74, 75, 76, 78, 79, 80, 81, 82, 85, 86, 87, 92, 103, 123, 139, 153, 172, 195, 226, 227, 250, 251, 267, 268, 298, 299, 304, 305, 401, 402, 415, 416], "summary": {"covered_lines": 76, "num_statements": 256, "percent_covered": 29.6875, "percent_covered_display": "30", "missing_lines": 180, "excluded_lines": 2, "percent_statements_covered": 29.6875, "percent_statements_covered_display": "30"}, "missing_lines": [59, 105, 106, 107, 108, 109, 110, 111, 112, 113, 114, 115, 116, 118, 119, 120, 125, 126, 127, 128, 129, 130, 131, 132, 133, 134, 135, 136, 141, 142, 143, 144, 145, 146, 147, 148, 149, 150, 155, 156, 157, 158, 159, 160, 161, 162, 163, 164, 165, 166, 167, 168, 169, 174, 175, 176, 177, 178, 179, 180, 182, 183, 184, 186, 187, 197, 198, 199, 201, 202, 203, 204, 206, 207, 209, 210, 212, 213, 215, 216, 217, 218, 219, 220, 221, 229, 230, 231, 232, 233, 234, 241, 242, 243, 244, 245, 246, 247, 253, 254, 255, 256, 257, 258, 259, 270, 271, 272, 273, 274, 276, 277, 281, 288, 289, 290, 293, 295, 301, 307, 308, 309, 310, 311, 313, 314, 316, 317, 318, 320, 321, 322, 323, 324, 325, 327, 334, 335, 336, 338, 339, 340, 342, 343, 344, 345, 346, 347, 349, 350, 351, 353, 354, 355, 357, 359, 360, 361, 362, 364, 366, 367, 368, 370, 372, 386, 396, 398, 404, 405, 406, 407, 412, 418, 419, 420, 421, 422, 423, 424], "excluded_lines": [15, 16], "functions": {"_normalize_iql_path": {"executed_lines": [57, 58, 61, 62, 63, 64, 65, 67, 70, 71, 72, 73, 74, 75, 76, 78, 79, 80, 81, 82], "summary": {"covered_lines": 20, "num_statements": 21, "percent_covered": 95.23809523809524, "percent_covered_display": "95", "missing_lines": 1, "excluded_lines": 0, "percent_statements_covered": 95.23809523809524, "percent_statements_covered_display": "95"}, "missing_lines": [59], "excluded_lines": [], "start_line": 52}, "_resolve_iql_path": {"executed_lines": [86, 87], "summary": {"covered_lines": 2, "num_statements": 2, "percent_covered": 100.0, "percent_covered_display": "100", "missing_lines": 0, "excluded_lines": 0, "percent_statements_covered": 100.0, "percent_statements_covered_display": "100"}, "missing_lines": [], "excluded_lines": [], "start_line": 85}, "_evaluate_assertion": {"executed_lines": [], "summary": {"covered_lines": 0, "num_statements": 15, "percent_covered": 0.0, "percent_covered_display": "0", "missing_lines": 15, "excluded_lines": 0, "percent_statements_covered": 0.0, "percent_statements_covered_display": "0"}, "missing_lines": [105, 106, 107, 108, 109, 110, 111, 112, 113, 114, 115, 116, 118, 119, 120], "excluded_lines": [], "start_line": 103}, "_format_log_detail": {"executed_lines": [], "summary": {"covered_lines": 0, "num_statements": 12, "percent_covered": 0.0, "percent_covered_display": "0", "missing_lines": 12, "excluded_lines": 0, "percent_statements_covered": 0.0, "percent_statements_covered_display": "0"}, "missing_lines": [125, 126, 127, 128, 129, 130, 131, 132, 133, 134, 135, 136], "excluded_lines": [], "start_line": 123}, "_exec_encoder_cmd": {"executed_lines": [], "summary": {"covered_lines": 0, "num_statements": 10, "percent_covered": 0.0, "percent_covered_display": "0", "missing_lines": 10, "excluded_lines": 0, "percent_statements_covered": 0.0, "percent_statements_covered_display": "0"}, "missing_lines": [141, 142, 143, 144, 145, 146, 147, 148, 149, 150], "excluded_lines": [], "start_line": 139}, "_exec_browser_cmd": {"executed_lines": [], "summary": {"covered_lines": 0, "num_statements": 15, "percent_covered": 0.0, "percent_covered_display": "0", "missing_lines": 15, "excluded_lines": 0, "percent_statements_covered": 0.0, "percent_statements_covered_display": "0"}, "missing_lines": [155, 156, 157, 158, 159, 160, 161, 162, 163, 164, 165, 166, 167, 168, 169], "excluded_lines": [], "start_line": 153}, "_exec_assert_cmd": {"executed_lines": [], "summary": {"covered_lines": 0, "num_statements": 12, "percent_covered": 0.0, "percent_covered_display": "0", "missing_lines": 12, "excluded_lines": 0, "percent_statements_covered": 0.0, "percent_statements_covered_display": "0"}, "missing_lines": [174, 175, 176, 177, 178, 179, 180, 182, 183, 184, 186, 187], "excluded_lines": [], "start_line": 172}, "_execute_iql_line": {"executed_lines": [], "summary": {"covered_lines": 0, "num_statements": 20, "percent_covered": 0.0, "percent_covered_display": "0", "missing_lines": 20, "excluded_lines": 0, "percent_statements_covered": 0.0, "percent_statements_covered_display": "0"}, "missing_lines": [197, 198, 199, 201, 202, 203, 204, 206, 207, 209, 210, 212, 213, 215, 216, 217, 218, 219, 220, 221], "excluded_lines": [], "start_line": 195}, "iql_list_files": {"executed_lines": [], "summary": {"covered_lines": 0, "num_statements": 13, "percent_covered": 0.0, "percent_covered_display": "0", "missing_lines": 13, "excluded_lines": 0, "percent_statements_covered": 0.0, "percent_statements_covered_display": "0"}, "missing_lines": [229, 230, 231, 232, 233, 234, 241, 242, 243, 244, 245, 246, 247], "excluded_lines": [], "start_line": 227}, "iql_read_file": {"executed_lines": [], "summary": {"covered_lines": 0, "num_statements": 7, "percent_covered": 0.0, "percent_covered_display": "0", "missing_lines": 7, "excluded_lines": 0, "percent_statements_covered": 0.0, "percent_statements_covered_display": "0"}, "missing_lines": [253, 254, 255, 256, 257, 258, 259], "excluded_lines": [], "start_line": 251}, "iql_list_tables": {"executed_lines": [], "summary": {"covered_lines": 0, "num_statements": 13, "percent_covered": 0.0, "percent_covered_display": "0", "missing_lines": 13, "excluded_lines": 0, "percent_statements_covered": 0.0, "percent_statements_covered_display": "0"}, "missing_lines": [270, 271, 272, 273, 274, 276, 277, 281, 288, 289, 290, 293, 295], "excluded_lines": [], "start_line": 268}, "iql_run_line": {"executed_lines": [], "summary": {"covered_lines": 0, "num_statements": 1, "percent_covered": 0.0, "percent_covered_display": "0", "missing_lines": 1, "excluded_lines": 0, "percent_statements_covered": 0.0, "percent_statements_covered_display": "0"}, "missing_lines": [301], "excluded_lines": [], "start_line": 299}, "iql_run_file": {"executed_lines": [], "summary": {"covered_lines": 0, "num_statements": 49, "percent_covered": 0.0, "percent_covered_display": "0", "missing_lines": 49, "excluded_lines": 0, "percent_statements_covered": 0.0, "percent_statements_covered_display": "0"}, "missing_lines": [307, 308, 309, 310, 311, 313, 314, 316, 317, 318, 320, 321, 322, 323, 324, 325, 327, 334, 335, 336, 338, 339, 340, 342, 343, 344, 345, 346, 347, 349, 350, 351, 353, 354, 355, 357, 359, 360, 361, 362, 364, 366, 367, 368, 370, 372, 386, 396, 398], "excluded_lines": [], "start_line": 305}, "iql_list_logs": {"executed_lines": [], "summary": {"covered_lines": 0, "num_statements": 5, "percent_covered": 0.0, "percent_covered_display": "0", "missing_lines": 5, "excluded_lines": 0, "percent_statements_covered": 0.0, "percent_statements_covered_display": "0"}, "missing_lines": [404, 405, 406, 407, 412], "excluded_lines": [], "start_line": 402}, "iql_read_log": {"executed_lines": [], "summary": {"covered_lines": 0, "num_statements": 7, "percent_covered": 0.0, "percent_covered_display": "0", "missing_lines": 7, "excluded_lines": 0, "percent_statements_covered": 0.0, "percent_statements_covered_display": "0"}, "missing_lines": [418, 419, 420, 421, 422, 423, 424], "excluded_lines": [], "start_line": 416}, "": {"executed_lines": [3, 5, 6, 7, 8, 9, 10, 12, 13, 18, 19, 20, 21, 23, 24, 25, 26, 28, 29, 31, 32, 34, 38, 39, 40, 42, 44, 45, 46, 48, 49, 52, 85, 92, 103, 123, 139, 153, 172, 195, 226, 227, 250, 251, 267, 268, 298, 299, 304, 305, 401, 402, 415, 416], "summary": {"covered_lines": 54, "num_statements": 54, "percent_covered": 100.0, "percent_covered_display": "100", "missing_lines": 0, "excluded_lines": 2, "percent_statements_covered": 100.0, "percent_statements_covered_display": "100"}, "missing_lines": [], "excluded_lines": [15, 16], "start_line": 1}}, "classes": {"": {"executed_lines": [3, 5, 6, 7, 8, 9, 10, 12, 13, 18, 19, 20, 21, 23, 24, 25, 26, 28, 29, 31, 32, 34, 38, 39, 40, 42, 44, 45, 46, 48, 49, 52, 57, 58, 61, 62, 63, 64, 65, 67, 70, 71, 72, 73, 74, 75, 76, 78, 79, 80, 81, 82, 85, 86, 87, 92, 103, 123, 139, 153, 172, 195, 226, 227, 250, 251, 267, 268, 298, 299, 304, 305, 401, 402, 415, 416], "summary": {"covered_lines": 76, "num_statements": 256, "percent_covered": 29.6875, "percent_covered_display": "30", "missing_lines": 180, "excluded_lines": 2, "percent_statements_covered": 29.6875, "percent_statements_covered_display": "30"}, "missing_lines": [59, 105, 106, 107, 108, 109, 110, 111, 112, 113, 114, 115, 116, 118, 119, 120, 125, 126, 127, 128, 129, 130, 131, 132, 133, 134, 135, 136, 141, 142, 143, 144, 145, 146, 147, 148, 149, 150, 155, 156, 157, 158, 159, 160, 161, 162, 163, 164, 165, 166, 167, 168, 169, 174, 175, 176, 177, 178, 179, 180, 182, 183, 184, 186, 187, 197, 198, 199, 201, 202, 203, 204, 206, 207, 209, 210, 212, 213, 215, 216, 217, 218, 219, 220, 221, 229, 230, 231, 232, 233, 234, 241, 242, 243, 244, 245, 246, 247, 253, 254, 255, 256, 257, 258, 259, 270, 271, 272, 273, 274, 276, 277, 281, 288, 289, 290, 293, 295, 301, 307, 308, 309, 310, 311, 313, 314, 316, 317, 318, 320, 321, 322, 323, 324, 325, 327, 334, 335, 336, 338, 339, 340, 342, 343, 344, 345, 346, 347, 349, 350, 351, 353, 354, 355, 357, 359, 360, 361, 362, 364, 366, 367, 368, 370, 372, 386, 396, 398, 404, 405, 406, 407, 412, 418, 419, 420, 421, 422, 423, 424], "excluded_lines": [15, 16], "start_line": 1}}}, "testql/commands/endpoints_cmd.py": {"executed_lines": [3, 5, 6, 8, 11, 12, 13, 14, 15, 16, 17, 53, 67, 81, 94, 102, 103, 104, 105, 106, 107, 108, 109], "summary": {"covered_lines": 23, "num_statements": 82, "percent_covered": 28.048780487804876, "percent_covered_display": "28", "missing_lines": 59, "excluded_lines": 0, "percent_statements_covered": 28.048780487804876, "percent_statements_covered_display": "28"}, "missing_lines": [25, 26, 27, 29, 31, 32, 33, 35, 36, 37, 38, 40, 41, 42, 44, 46, 47, 48, 50, 54, 55, 64, 68, 69, 70, 71, 72, 73, 78, 82, 83, 84, 85, 86, 87, 88, 89, 90, 91, 95, 96, 97, 98, 99, 118, 120, 121, 123, 124, 126, 127, 128, 129, 130, 132, 133, 134, 135, 136], "excluded_lines": [], "functions": {"endpoints": {"executed_lines": [], "summary": {"covered_lines": 0, "num_statements": 19, "percent_covered": 0.0, "percent_covered_display": "0", "missing_lines": 19, "excluded_lines": 0, "percent_statements_covered": 0.0, "percent_statements_covered_display": "0"}, "missing_lines": [25, 26, 27, 29, 31, 32, 33, 35, 36, 37, 38, 40, 41, 42, 44, 46, 47, 48, 50], "excluded_lines": [], "start_line": 17}, "_format_endpoints_json": {"executed_lines": [], "summary": {"covered_lines": 0, "num_statements": 3, "percent_covered": 0.0, "percent_covered_display": "0", "missing_lines": 3, "excluded_lines": 0, "percent_statements_covered": 0.0, "percent_statements_covered_display": "0"}, "missing_lines": [54, 55, 64], "excluded_lines": [], "start_line": 53}, "_format_endpoints_csv": {"executed_lines": [], "summary": {"covered_lines": 0, "num_statements": 7, "percent_covered": 0.0, "percent_covered_display": "0", "missing_lines": 7, "excluded_lines": 0, "percent_statements_covered": 0.0, "percent_statements_covered_display": "0"}, "missing_lines": [68, 69, 70, 71, 72, 73, 78], "excluded_lines": [], "start_line": 67}, "_format_endpoints_table": {"executed_lines": [], "summary": {"covered_lines": 0, "num_statements": 10, "percent_covered": 0.0, "percent_covered_display": "0", "missing_lines": 10, "excluded_lines": 0, "percent_statements_covered": 0.0, "percent_statements_covered_display": "0"}, "missing_lines": [82, 83, 84, 85, 86, 87, 88, 89, 90, 91], "excluded_lines": [], "start_line": 81}, "_format_endpoints": {"executed_lines": [], "summary": {"covered_lines": 0, "num_statements": 5, "percent_covered": 0.0, "percent_covered_display": "0", "missing_lines": 5, "excluded_lines": 0, "percent_statements_covered": 0.0, "percent_statements_covered_display": "0"}, "missing_lines": [95, 96, 97, 98, 99], "excluded_lines": [], "start_line": 94}, "openapi": {"executed_lines": [], "summary": {"covered_lines": 0, "num_statements": 15, "percent_covered": 0.0, "percent_covered_display": "0", "missing_lines": 15, "excluded_lines": 0, "percent_statements_covered": 0.0, "percent_statements_covered_display": "0"}, "missing_lines": [118, 120, 121, 123, 124, 126, 127, 128, 129, 130, 132, 133, 134, 135, 136], "excluded_lines": [], "start_line": 109}, "": {"executed_lines": [3, 5, 6, 8, 11, 12, 13, 14, 15, 16, 17, 53, 67, 81, 94, 102, 103, 104, 105, 106, 107, 108, 109], "summary": {"covered_lines": 23, "num_statements": 23, "percent_covered": 100.0, "percent_covered_display": "100", "missing_lines": 0, "excluded_lines": 0, "percent_statements_covered": 100.0, "percent_statements_covered_display": "100"}, "missing_lines": [], "excluded_lines": [], "start_line": 1}}, "classes": {"": {"executed_lines": [3, 5, 6, 8, 11, 12, 13, 14, 15, 16, 17, 53, 67, 81, 94, 102, 103, 104, 105, 106, 107, 108, 109], "summary": {"covered_lines": 23, "num_statements": 82, "percent_covered": 28.048780487804876, "percent_covered_display": "28", "missing_lines": 59, "excluded_lines": 0, "percent_statements_covered": 28.048780487804876, "percent_statements_covered_display": "28"}, "missing_lines": [25, 26, 27, 29, 31, 32, 33, 35, 36, 37, 38, 40, 41, 42, 44, 46, 47, 48, 50, 54, 55, 64, 68, 69, 70, 71, 72, 73, 78, 82, 83, 84, 85, 86, 87, 88, 89, 90, 91, 95, 96, 97, 98, 99, 118, 120, 121, 123, 124, 126, 127, 128, 129, 130, 132, 133, 134, 135, 136], "excluded_lines": [], "start_line": 1}}}, "testql/commands/generate_cmd.py": {"executed_lines": [3, 5, 6, 8, 11, 23, 24, 25, 26, 27, 28, 79, 80, 81, 107, 148], "summary": {"covered_lines": 16, "num_statements": 109, "percent_covered": 14.678899082568808, "percent_covered_display": "15", "missing_lines": 93, "excluded_lines": 0, "percent_statements_covered": 14.678899082568808, "percent_statements_covered_display": "15"}, "missing_lines": [14, 15, 16, 17, 30, 32, 34, 35, 36, 37, 39, 40, 41, 42, 43, 45, 46, 48, 49, 50, 52, 53, 56, 57, 58, 59, 60, 62, 63, 64, 66, 67, 69, 70, 72, 73, 74, 76, 83, 85, 86, 87, 89, 90, 91, 92, 94, 95, 97, 98, 99, 100, 101, 103, 104, 108, 109, 111, 112, 114, 115, 116, 118, 119, 120, 121, 122, 123, 124, 126, 127, 128, 129, 131, 132, 133, 134, 136, 137, 138, 139, 140, 141, 142, 143, 144, 145, 149, 150, 151, 152, 153, 154], "excluded_lines": [], "functions": {"_is_workspace": {"executed_lines": [], "summary": {"covered_lines": 0, "num_statements": 4, "percent_covered": 0.0, "percent_covered_display": "0", "missing_lines": 4, "excluded_lines": 0, "percent_statements_covered": 0.0, "percent_statements_covered_display": "0"}, "missing_lines": [14, 15, 16, 17], "excluded_lines": [], "start_line": 11}, "generate": {"executed_lines": [], "summary": {"covered_lines": 0, "num_statements": 34, "percent_covered": 0.0, "percent_covered_display": "0", "missing_lines": 34, "excluded_lines": 0, "percent_statements_covered": 0.0, "percent_statements_covered_display": "0"}, "missing_lines": [30, 32, 34, 35, 36, 37, 39, 40, 41, 42, 43, 45, 46, 48, 49, 50, 52, 53, 56, 57, 58, 59, 60, 62, 63, 64, 66, 67, 69, 70, 72, 73, 74, 76], "excluded_lines": [], "start_line": 28}, "analyze": {"executed_lines": [], "summary": {"covered_lines": 0, "num_statements": 17, "percent_covered": 0.0, "percent_covered_display": "0", "missing_lines": 17, "excluded_lines": 0, "percent_statements_covered": 0.0, "percent_statements_covered_display": "0"}, "missing_lines": [83, 85, 86, 87, 89, 90, 91, 92, 94, 95, 97, 98, 99, 100, 101, 103, 104], "excluded_lines": [], "start_line": 81}, "_print_routes_section": {"executed_lines": [], "summary": {"covered_lines": 0, "num_statements": 32, "percent_covered": 0.0, "percent_covered_display": "0", "missing_lines": 32, "excluded_lines": 0, "percent_statements_covered": 0.0, "percent_statements_covered_display": "0"}, "missing_lines": [108, 109, 111, 112, 114, 115, 116, 118, 119, 120, 121, 122, 123, 124, 126, 127, 128, 129, 131, 132, 133, 134, 136, 137, 138, 139, 140, 141, 142, 143, 144, 145], "excluded_lines": [], "start_line": 107}, "_print_scenarios_section": {"executed_lines": [], "summary": {"covered_lines": 0, "num_statements": 6, "percent_covered": 0.0, "percent_covered_display": "0", "missing_lines": 6, "excluded_lines": 0, "percent_statements_covered": 0.0, "percent_statements_covered_display": "0"}, "missing_lines": [149, 150, 151, 152, 153, 154], "excluded_lines": [], "start_line": 148}, "": {"executed_lines": [3, 5, 6, 8, 11, 23, 24, 25, 26, 27, 28, 79, 80, 81, 107, 148], "summary": {"covered_lines": 16, "num_statements": 16, "percent_covered": 100.0, "percent_covered_display": "100", "missing_lines": 0, "excluded_lines": 0, "percent_statements_covered": 100.0, "percent_statements_covered_display": "100"}, "missing_lines": [], "excluded_lines": [], "start_line": 1}}, "classes": {"": {"executed_lines": [3, 5, 6, 8, 11, 23, 24, 25, 26, 27, 28, 79, 80, 81, 107, 148], "summary": {"covered_lines": 16, "num_statements": 109, "percent_covered": 14.678899082568808, "percent_covered_display": "15", "missing_lines": 93, "excluded_lines": 0, "percent_statements_covered": 14.678899082568808, "percent_statements_covered_display": "15"}, "missing_lines": [14, 15, 16, 17, 30, 32, 34, 35, 36, 37, 39, 40, 41, 42, 43, 45, 46, 48, 49, 50, 52, 53, 56, 57, 58, 59, 60, 62, 63, 64, 66, 67, 69, 70, 72, 73, 74, 76, 83, 85, 86, 87, 89, 90, 91, 92, 94, 95, 97, 98, 99, 100, 101, 103, 104, 108, 109, 111, 112, 114, 115, 116, 118, 119, 120, 121, 122, 123, 124, 126, 127, 128, 129, 131, 132, 133, 134, 136, 137, 138, 139, 140, 141, 142, 143, 144, 145, 149, 150, 151, 152, 153, 154], "excluded_lines": [], "start_line": 1}}}, "testql/commands/misc_cmds.py": {"executed_lines": [3, 5, 6, 8, 10, 11, 19, 20, 21, 22, 23, 85, 86, 87, 88, 89, 90, 91, 114, 115, 116, 117, 118, 119, 187, 188, 189, 190, 191, 218, 219, 220, 221, 222, 262, 263, 264, 265, 266, 267, 268], "summary": {"covered_lines": 41, "num_statements": 180, "percent_covered": 22.77777777777778, "percent_covered_display": "23", "missing_lines": 139, "excluded_lines": 0, "percent_statements_covered": 22.77777777777778, "percent_statements_covered_display": "23"}, "missing_lines": [25, 26, 28, 29, 31, 32, 33, 54, 56, 58, 59, 60, 61, 62, 64, 65, 66, 67, 68, 70, 71, 72, 73, 74, 76, 77, 78, 79, 80, 81, 82, 93, 94, 96, 97, 98, 99, 100, 102, 103, 104, 106, 107, 108, 109, 110, 111, 121, 123, 124, 125, 126, 127, 128, 130, 131, 132, 133, 135, 137, 138, 140, 141, 142, 143, 144, 145, 146, 147, 149, 150, 152, 153, 154, 155, 160, 164, 165, 167, 168, 169, 170, 171, 173, 174, 175, 177, 178, 179, 180, 181, 182, 184, 193, 195, 196, 198, 199, 201, 202, 203, 204, 206, 208, 209, 210, 211, 213, 214, 215, 224, 226, 228, 230, 231, 246, 247, 248, 249, 250, 251, 253, 254, 255, 257, 258, 259, 276, 278, 279, 281, 282, 284, 285, 287, 289, 290, 291, 293], "excluded_lines": [], "functions": {"init": {"executed_lines": [], "summary": {"covered_lines": 0, "num_statements": 31, "percent_covered": 0.0, "percent_covered_display": "0", "missing_lines": 31, "excluded_lines": 0, "percent_statements_covered": 0.0, "percent_statements_covered_display": "0"}, "missing_lines": [25, 26, 28, 29, 31, 32, 33, 54, 56, 58, 59, 60, 61, 62, 64, 65, 66, 67, 68, 70, 71, 72, 73, 74, 76, 77, 78, 79, 80, 81, 82], "excluded_lines": [], "start_line": 23}, "create": {"executed_lines": [], "summary": {"covered_lines": 0, "num_statements": 16, "percent_covered": 0.0, "percent_covered_display": "0", "missing_lines": 16, "excluded_lines": 0, "percent_statements_covered": 0.0, "percent_statements_covered_display": "0"}, "missing_lines": [93, 94, 96, 97, 98, 99, 100, 102, 103, 104, 106, 107, 108, 109, 110, 111], "excluded_lines": [], "start_line": 91}, "watch": {"executed_lines": [], "summary": {"covered_lines": 0, "num_statements": 24, "percent_covered": 0.0, "percent_covered_display": "0", "missing_lines": 24, "excluded_lines": 0, "percent_statements_covered": 0.0, "percent_statements_covered_display": "0"}, "missing_lines": [121, 123, 124, 125, 126, 127, 128, 130, 131, 132, 133, 135, 137, 138, 173, 174, 175, 177, 178, 179, 180, 181, 182, 184], "excluded_lines": [], "start_line": 119}, "watch.TestHandler.on_modified": {"executed_lines": [], "summary": {"covered_lines": 0, "num_statements": 22, "percent_covered": 0.0, "percent_covered_display": "0", "missing_lines": 22, "excluded_lines": 0, "percent_statements_covered": 0.0, "percent_statements_covered_display": "0"}, "missing_lines": [140, 141, 142, 143, 144, 145, 146, 147, 149, 150, 152, 153, 154, 155, 160, 164, 165, 167, 168, 169, 170, 171], "excluded_lines": [], "start_line": 138}, "from_sumd": {"executed_lines": [], "summary": {"covered_lines": 0, "num_statements": 17, "percent_covered": 0.0, "percent_covered_display": "0", "missing_lines": 17, "excluded_lines": 0, "percent_statements_covered": 0.0, "percent_statements_covered_display": "0"}, "missing_lines": [193, 195, 196, 198, 199, 201, 202, 203, 204, 206, 208, 209, 210, 211, 213, 214, 215], "excluded_lines": [], "start_line": 191}, "report": {"executed_lines": [], "summary": {"covered_lines": 0, "num_statements": 17, "percent_covered": 0.0, "percent_covered_display": "0", "missing_lines": 17, "excluded_lines": 0, "percent_statements_covered": 0.0, "percent_statements_covered_display": "0"}, "missing_lines": [224, 226, 228, 230, 231, 246, 247, 248, 249, 250, 251, 253, 254, 255, 257, 258, 259], "excluded_lines": [], "start_line": 222}, "echo": {"executed_lines": [], "summary": {"covered_lines": 0, "num_statements": 12, "percent_covered": 0.0, "percent_covered_display": "0", "missing_lines": 12, "excluded_lines": 0, "percent_statements_covered": 0.0, "percent_statements_covered_display": "0"}, "missing_lines": [276, 278, 279, 281, 282, 284, 285, 287, 289, 290, 291, 293], "excluded_lines": [], "start_line": 268}, "": {"executed_lines": [3, 5, 6, 8, 10, 11, 19, 20, 21, 22, 23, 85, 86, 87, 88, 89, 90, 91, 114, 115, 116, 117, 118, 119, 187, 188, 189, 190, 191, 218, 219, 220, 221, 222, 262, 263, 264, 265, 266, 267, 268], "summary": {"covered_lines": 41, "num_statements": 41, "percent_covered": 100.0, "percent_covered_display": "100", "missing_lines": 0, "excluded_lines": 0, "percent_statements_covered": 100.0, "percent_statements_covered_display": "100"}, "missing_lines": [], "excluded_lines": [], "start_line": 1}}, "classes": {"watch.TestHandler": {"executed_lines": [], "summary": {"covered_lines": 0, "num_statements": 22, "percent_covered": 0.0, "percent_covered_display": "0", "missing_lines": 22, "excluded_lines": 0, "percent_statements_covered": 0.0, "percent_statements_covered_display": "0"}, "missing_lines": [140, 141, 142, 143, 144, 145, 146, 147, 149, 150, 152, 153, 154, 155, 160, 164, 165, 167, 168, 169, 170, 171], "excluded_lines": [], "start_line": 137}, "": {"executed_lines": [3, 5, 6, 8, 10, 11, 19, 20, 21, 22, 23, 85, 86, 87, 88, 89, 90, 91, 114, 115, 116, 117, 118, 119, 187, 188, 189, 190, 191, 218, 219, 220, 221, 222, 262, 263, 264, 265, 266, 267, 268], "summary": {"covered_lines": 41, "num_statements": 158, "percent_covered": 25.949367088607595, "percent_covered_display": "26", "missing_lines": 117, "excluded_lines": 0, "percent_statements_covered": 25.949367088607595, "percent_statements_covered_display": "26"}, "missing_lines": [25, 26, 28, 29, 31, 32, 33, 54, 56, 58, 59, 60, 61, 62, 64, 65, 66, 67, 68, 70, 71, 72, 73, 74, 76, 77, 78, 79, 80, 81, 82, 93, 94, 96, 97, 98, 99, 100, 102, 103, 104, 106, 107, 108, 109, 110, 111, 121, 123, 124, 125, 126, 127, 128, 130, 131, 132, 133, 135, 137, 138, 173, 174, 175, 177, 178, 179, 180, 181, 182, 184, 193, 195, 196, 198, 199, 201, 202, 203, 204, 206, 208, 209, 210, 211, 213, 214, 215, 224, 226, 228, 230, 231, 246, 247, 248, 249, 250, 251, 253, 254, 255, 257, 258, 259, 276, 278, 279, 281, 282, 284, 285, 287, 289, 290, 291, 293], "excluded_lines": [], "start_line": 1}}}, "testql/commands/run_cmd.py": {"executed_lines": [3, 5, 6, 8, 11, 12, 13, 14, 15, 21, 22], "summary": {"covered_lines": 11, "num_statements": 20, "percent_covered": 55.0, "percent_covered_display": "55", "missing_lines": 9, "excluded_lines": 0, "percent_statements_covered": 55.0, "percent_statements_covered_display": "55"}, "missing_lines": [24, 26, 27, 29, 35, 37, 38, 40, 56], "excluded_lines": [], "functions": {"run": {"executed_lines": [], "summary": {"covered_lines": 0, "num_statements": 9, "percent_covered": 0.0, "percent_covered_display": "0", "missing_lines": 9, "excluded_lines": 0, "percent_statements_covered": 0.0, "percent_statements_covered_display": "0"}, "missing_lines": [24, 26, 27, 29, 35, 37, 38, 40, 56], "excluded_lines": [], "start_line": 22}, "": {"executed_lines": [3, 5, 6, 8, 11, 12, 13, 14, 15, 21, 22], "summary": {"covered_lines": 11, "num_statements": 11, "percent_covered": 100.0, "percent_covered_display": "100", "missing_lines": 0, "excluded_lines": 0, "percent_statements_covered": 100.0, "percent_statements_covered_display": "100"}, "missing_lines": [], "excluded_lines": [], "start_line": 1}}, "classes": {"": {"executed_lines": [3, 5, 6, 8, 11, 12, 13, 14, 15, 21, 22], "summary": {"covered_lines": 11, "num_statements": 20, "percent_covered": 55.0, "percent_covered_display": "55", "missing_lines": 9, "excluded_lines": 0, "percent_statements_covered": 55.0, "percent_statements_covered_display": "55"}, "missing_lines": [24, 26, 27, 29, 35, 37, 38, 40, 56], "excluded_lines": [], "start_line": 1}}}, "testql/commands/suite/__init__.py": {"executed_lines": [6, 8], "summary": {"covered_lines": 2, "num_statements": 2, "percent_covered": 100.0, "percent_covered_display": "100", "missing_lines": 0, "excluded_lines": 0, "percent_statements_covered": 100.0, "percent_statements_covered_display": "100"}, "missing_lines": [], "excluded_lines": [], "functions": {"": {"executed_lines": [6, 8], "summary": {"covered_lines": 2, "num_statements": 2, "percent_covered": 100.0, "percent_covered_display": "100", "missing_lines": 0, "excluded_lines": 0, "percent_statements_covered": 100.0, "percent_statements_covered_display": "100"}, "missing_lines": [], "excluded_lines": [], "start_line": 1}}, "classes": {"": {"executed_lines": [6, 8], "summary": {"covered_lines": 2, "num_statements": 2, "percent_covered": 100.0, "percent_covered_display": "100", "missing_lines": 0, "excluded_lines": 0, "percent_statements_covered": 100.0, "percent_statements_covered_display": "100"}, "missing_lines": [], "excluded_lines": [], "start_line": 1}}}, "testql/commands/suite/cli.py": {"executed_lines": [3, 5, 6, 8, 9, 11, 12, 13, 14, 17, 18, 19, 20, 21, 22, 23, 24, 25, 26, 27, 28, 41, 44, 49, 50, 54, 55, 56, 57, 83, 84, 85, 86, 87, 88, 90, 93, 94, 96, 97, 98, 100], "summary": {"covered_lines": 42, "num_statements": 54, "percent_covered": 77.77777777777777, "percent_covered_display": "78", "missing_lines": 12, "excluded_lines": 0, "percent_statements_covered": 77.77777777777777, "percent_statements_covered_display": "78"}, "missing_lines": [51, 59, 62, 67, 68, 69, 72, 75, 76, 77, 78, 80], "excluded_lines": [], "functions": {"suite": {"executed_lines": [41, 44, 49, 50, 54, 55, 56, 57], "summary": {"covered_lines": 8, "num_statements": 20, "percent_covered": 40.0, "percent_covered_display": "40", "missing_lines": 12, "excluded_lines": 0, "percent_statements_covered": 40.0, "percent_statements_covered_display": "40"}, "missing_lines": [51, 59, 62, 67, 68, 69, 72, 75, 76, 77, 78, 80], "excluded_lines": [], "start_line": 28}, "list_tests": {"executed_lines": [90, 93, 94, 96, 97, 98, 100], "summary": {"covered_lines": 7, "num_statements": 7, "percent_covered": 100.0, "percent_covered_display": "100", "missing_lines": 0, "excluded_lines": 0, "percent_statements_covered": 100.0, "percent_statements_covered_display": "100"}, "missing_lines": [], "excluded_lines": [], "start_line": 88}, "": {"executed_lines": [3, 5, 6, 8, 9, 11, 12, 13, 14, 17, 18, 19, 20, 21, 22, 23, 24, 25, 26, 27, 28, 83, 84, 85, 86, 87, 88], "summary": {"covered_lines": 27, "num_statements": 27, "percent_covered": 100.0, "percent_covered_display": "100", "missing_lines": 0, "excluded_lines": 0, "percent_statements_covered": 100.0, "percent_statements_covered_display": "100"}, "missing_lines": [], "excluded_lines": [], "start_line": 1}}, "classes": {"": {"executed_lines": [3, 5, 6, 8, 9, 11, 12, 13, 14, 17, 18, 19, 20, 21, 22, 23, 24, 25, 26, 27, 28, 41, 44, 49, 50, 54, 55, 56, 57, 83, 84, 85, 86, 87, 88, 90, 93, 94, 96, 97, 98, 100], "summary": {"covered_lines": 42, "num_statements": 54, "percent_covered": 77.77777777777777, "percent_covered_display": "78", "missing_lines": 12, "excluded_lines": 0, "percent_statements_covered": 77.77777777777777, "percent_statements_covered_display": "78"}, "missing_lines": [51, 59, 62, 67, 68, 69, 72, 75, 76, 77, 78, 80], "excluded_lines": [], "start_line": 1}}}, "testql/commands/suite/collection.py": {"executed_lines": [3, 5, 6, 7, 11, 14, 17, 19, 20, 21, 24, 25, 26, 27, 28, 29, 31, 32, 34, 35, 37, 38, 39, 40, 41, 44, 46, 47, 48, 50, 51, 53, 54, 55, 58, 60, 61, 64, 66, 67, 68, 69, 70, 71, 72, 75, 77, 78, 79, 84, 87, 95, 97, 99, 102, 104, 108, 109, 112, 114, 115, 116, 117, 118, 119, 120], "summary": {"covered_lines": 66, "num_statements": 73, "percent_covered": 90.41095890410959, "percent_covered_display": "90", "missing_lines": 7, "excluded_lines": 0, "percent_statements_covered": 90.41095890410959, "percent_statements_covered_display": "90"}, "missing_lines": [80, 81, 82, 83, 96, 98, 100], "excluded_lines": [], "functions": {"_find_files": {"executed_lines": [19, 20, 21, 24, 25, 26, 27, 28, 29, 31, 32, 34, 35, 37, 38, 39, 40, 41], "summary": {"covered_lines": 18, "num_statements": 18, "percent_covered": 100.0, "percent_covered_display": "100", "missing_lines": 0, "excluded_lines": 0, "percent_statements_covered": 100.0, "percent_statements_covered_display": "100"}, "missing_lines": [], "excluded_lines": [], "start_line": 17}, "_collect_from_suite": {"executed_lines": [46, 47, 48, 50, 51, 53, 54, 55], "summary": {"covered_lines": 8, "num_statements": 8, "percent_covered": 100.0, "percent_covered_display": "100", "missing_lines": 0, "excluded_lines": 0, "percent_statements_covered": 100.0, "percent_statements_covered_display": "100"}, "missing_lines": [], "excluded_lines": [], "start_line": 44}, "_collect_by_pattern": {"executed_lines": [60, 61], "summary": {"covered_lines": 2, "num_statements": 2, "percent_covered": 100.0, "percent_covered_display": "100", "missing_lines": 0, "excluded_lines": 0, "percent_statements_covered": 100.0, "percent_statements_covered_display": "100"}, "missing_lines": [], "excluded_lines": [], "start_line": 58}, "_collect_recursive": {"executed_lines": [66, 67, 68, 69, 70, 71, 72], "summary": {"covered_lines": 7, "num_statements": 7, "percent_covered": 100.0, "percent_covered_display": "100", "missing_lines": 0, "excluded_lines": 0, "percent_statements_covered": 100.0, "percent_statements_covered_display": "100"}, "missing_lines": [], "excluded_lines": [], "start_line": 64}, "_deduplicate_files": {"executed_lines": [77, 78, 79, 84], "summary": {"covered_lines": 4, "num_statements": 8, "percent_covered": 50.0, "percent_covered_display": "50", "missing_lines": 4, "excluded_lines": 0, "percent_statements_covered": 50.0, "percent_statements_covered_display": "50"}, "missing_lines": [80, 81, 82, 83], "excluded_lines": [], "start_line": 75}, "collect_test_files": {"executed_lines": [95, 97, 99, 102, 104], "summary": {"covered_lines": 5, "num_statements": 8, "percent_covered": 62.5, "percent_covered_display": "62", "missing_lines": 3, "excluded_lines": 0, "percent_statements_covered": 62.5, "percent_statements_covered_display": "62"}, "missing_lines": [96, 98, 100], "excluded_lines": [], "start_line": 87}, "collect_list_files": {"executed_lines": [114, 115, 116, 117, 118, 119, 120], "summary": {"covered_lines": 7, "num_statements": 7, "percent_covered": 100.0, "percent_covered_display": "100", "missing_lines": 0, "excluded_lines": 0, "percent_statements_covered": 100.0, "percent_statements_covered_display": "100"}, "missing_lines": [], "excluded_lines": [], "start_line": 112}, "": {"executed_lines": [3, 5, 6, 7, 11, 14, 17, 44, 58, 64, 75, 87, 108, 109, 112], "summary": {"covered_lines": 15, "num_statements": 15, "percent_covered": 100.0, "percent_covered_display": "100", "missing_lines": 0, "excluded_lines": 0, "percent_statements_covered": 100.0, "percent_statements_covered_display": "100"}, "missing_lines": [], "excluded_lines": [], "start_line": 1}}, "classes": {"": {"executed_lines": [3, 5, 6, 7, 11, 14, 17, 19, 20, 21, 24, 25, 26, 27, 28, 29, 31, 32, 34, 35, 37, 38, 39, 40, 41, 44, 46, 47, 48, 50, 51, 53, 54, 55, 58, 60, 61, 64, 66, 67, 68, 69, 70, 71, 72, 75, 77, 78, 79, 84, 87, 95, 97, 99, 102, 104, 108, 109, 112, 114, 115, 116, 117, 118, 119, 120], "summary": {"covered_lines": 66, "num_statements": 73, "percent_covered": 90.41095890410959, "percent_covered_display": "90", "missing_lines": 7, "excluded_lines": 0, "percent_statements_covered": 90.41095890410959, "percent_statements_covered_display": "90"}, "missing_lines": [80, 81, 82, 83, 96, 98, 100], "excluded_lines": [], "start_line": 1}}}, "testql/commands/suite/execution.py": {"executed_lines": [3, 5, 6, 8, 14, 42], "summary": {"covered_lines": 6, "num_statements": 28, "percent_covered": 21.428571428571427, "percent_covered_display": "21", "missing_lines": 22, "excluded_lines": 2, "percent_statements_covered": 21.428571428571427, "percent_statements_covered_display": "21"}, "missing_lines": [16, 17, 18, 19, 23, 32, 33, 34, 50, 52, 53, 55, 56, 58, 64, 65, 67, 68, 69, 70, 71, 73], "excluded_lines": [10, 11], "functions": {"run_single_file": {"executed_lines": [], "summary": {"covered_lines": 0, "num_statements": 8, "percent_covered": 0.0, "percent_covered_display": "0", "missing_lines": 8, "excluded_lines": 0, "percent_statements_covered": 0.0, "percent_statements_covered_display": "0"}, "missing_lines": [16, 17, 18, 19, 23, 32, 33, 34], "excluded_lines": [], "start_line": 14}, "run_suite_files": {"executed_lines": [], "summary": {"covered_lines": 0, "num_statements": 14, "percent_covered": 0.0, "percent_covered_display": "0", "missing_lines": 14, "excluded_lines": 0, "percent_statements_covered": 0.0, "percent_statements_covered_display": "0"}, "missing_lines": [50, 52, 53, 55, 56, 58, 64, 65, 67, 68, 69, 70, 71, 73], "excluded_lines": [], "start_line": 42}, "": {"executed_lines": [3, 5, 6, 8, 14, 42], "summary": {"covered_lines": 6, "num_statements": 6, "percent_covered": 100.0, "percent_covered_display": "100", "missing_lines": 0, "excluded_lines": 2, "percent_statements_covered": 100.0, "percent_statements_covered_display": "100"}, "missing_lines": [], "excluded_lines": [10, 11], "start_line": 1}}, "classes": {"": {"executed_lines": [3, 5, 6, 8, 14, 42], "summary": {"covered_lines": 6, "num_statements": 28, "percent_covered": 21.428571428571427, "percent_covered_display": "21", "missing_lines": 22, "excluded_lines": 2, "percent_statements_covered": 21.428571428571427, "percent_statements_covered_display": "21"}, "missing_lines": [16, 17, 18, 19, 23, 32, 33, 34, 50, 52, 53, 55, 56, 58, 64, 65, 67, 68, 69, 70, 71, 73], "excluded_lines": [10, 11], "start_line
[...]
d": 100.0, "percent_covered_display": "100", "missing_lines": 0, "excluded_lines": 0, "percent_statements_covered": 100.0, "percent_statements_covered_display": "100"}, "missing_lines": [], "excluded_lines": [], "start_line": 1}}, "classes": {"": {"executed_lines": [], "summary": {"covered_lines": 0, "num_statements": 0, "percent_covered": 100.0, "percent_covered_display": "100", "missing_lines": 0, "excluded_lines": 0, "percent_statements_covered": 100.0, "percent_statements_covered_display": "100"}, "missing_lines": [], "excluded_lines": [], "start_line": 1}}}, "testql/sumd_generator.py": {"executed_lines": [3, 5, 6, 8, 11, 21, 22, 24, 35, 36, 37, 38, 41, 42, 50, 51, 61, 62, 72, 73, 74, 75, 77, 87, 88, 89, 90, 91, 93, 94, 95, 96, 97, 98, 100, 101, 104, 105, 106, 127, 128, 129, 130, 132, 133, 134, 135, 137, 138, 139, 142, 143, 151, 153, 154, 157, 158, 159, 161, 162, 163, 164, 165, 167, 181, 184, 185, 186, 188, 191], "summary": {"covered_lines": 70, "num_statements": 94, "percent_covered": 74.46808510638297, "percent_covered_display": "74", "missing_lines": 24, "excluded_lines": 0, "percent_statements_covered": 74.46808510638297, "percent_statements_covered_display": "74"}, "missing_lines": [108, 109, 110, 111, 113, 114, 115, 116, 117, 118, 119, 120, 121, 122, 123, 124, 136, 152, 187, 202, 204, 205, 207, 208], "excluded_lines": [], "functions": {"generate_sumd": {"executed_lines": [21, 22, 24, 35, 36, 37, 38], "summary": {"covered_lines": 7, "num_statements": 7, "percent_covered": 100.0, "percent_covered_display": "100", "missing_lines": 0, "excluded_lines": 0, "percent_statements_covered": 100.0, "percent_statements_covered_display": "100"}, "missing_lines": [], "excluded_lines": [], "start_line": 11}, "_header_section": {"executed_lines": [42], "summary": {"covered_lines": 1, "num_statements": 1, "percent_covered": 100.0, "percent_covered_display": "100", "missing_lines": 0, "excluded_lines": 0, "percent_statements_covered": 100.0, "percent_statements_covered_display": "100"}, "missing_lines": [], "excluded_lines": [], "start_line": 41}, "_metadata_section": {"executed_lines": [51], "summary": {"covered_lines": 1, "num_statements": 1, "percent_covered": 100.0, "percent_covered_display": "100", "missing_lines": 0, "excluded_lines": 0, "percent_statements_covered": 100.0, "percent_statements_covered_display": "100"}, "missing_lines": [], "excluded_lines": [], "start_line": 50}, "_architecture_section": {"executed_lines": [62], "summary": {"covered_lines": 1, "num_statements": 1, "percent_covered": 100.0, "percent_covered_display": "100", "missing_lines": 0, "excluded_lines": 0, "percent_statements_covered": 100.0, "percent_statements_covered_display": "100"}, "missing_lines": [], "excluded_lines": [], "start_line": 61}, "_doql_declaration_section": {"executed_lines": [73, 74, 75, 77, 87, 88, 89, 90, 91, 93, 94, 95, 96, 97, 98, 100, 101], "summary": {"covered_lines": 17, "num_statements": 17, "percent_covered": 100.0, "percent_covered_display": "100", "missing_lines": 0, "excluded_lines": 0, "percent_statements_covered": 100.0, "percent_statements_covered_display": "100"}, "missing_lines": [], "excluded_lines": [], "start_line": 72}, "_api_contract_section": {"executed_lines": [105, 106], "summary": {"covered_lines": 2, "num_statements": 18, "percent_covered": 11.11111111111111, "percent_covered_display": "11", "missing_lines": 16, "excluded_lines": 0, "percent_statements_covered": 11.11111111111111, "percent_statements_covered_display": "11"}, "missing_lines": [108, 109, 110, 111, 113, 114, 115, 116, 117, 118, 119, 120, 121, 122, 123, 124], "excluded_lines": [], "start_line": 104}, "_workflows_table_section": {"executed_lines": [128, 129, 130, 132, 133, 134, 135, 137, 138, 139], "summary": {"covered_lines": 10, "num_statements": 11, "percent_covered": 90.9090909090909, "percent_covered_display": "91", "missing_lines": 1, "excluded_lines": 0, "percent_statements_covered": 90.9090909090909, "percent_statements_covered_display": "91"}, "missing_lines": [136], "excluded_lines": [], "start_line": 127}, "_configuration_section": {"executed_lines": [143, 151, 153, 154], "summary": {"covered_lines": 4, "num_statements": 5, "percent_covered": 80.0, "percent_covered_display": "80", "missing_lines": 1, "excluded_lines": 0, "percent_statements_covered": 80.0, "percent_statements_covered_display": "80"}, "missing_lines": [152], "excluded_lines": [], "start_line": 142}, "_llm_suggestions_section": {"executed_lines": [158, 159, 161, 162, 163, 164, 165, 167, 181], "summary": {"covered_lines": 9, "num_statements": 9, "percent_covered": 100.0, "percent_covered_display": "100", "missing_lines": 0, "excluded_lines": 0, "percent_statements_covered": 100.0, "percent_statements_covered_display": "100"}, "missing_lines": [], "excluded_lines": [], "start_line": 157}, "_workflow_snippet": {"executed_lines": [185, 186, 188], "summary": {"covered_lines": 3, "num_statements": 4, "percent_covered": 75.0, "percent_covered_display": "75", "missing_lines": 1, "excluded_lines": 0, "percent_statements_covered": 75.0, "percent_statements_covered_display": "75"}, "missing_lines": [187], "excluded_lines": [], "start_line": 184}, "save_sumd": {"executed_lines": [], "summary": {"covered_lines": 0, "num_statements": 5, "percent_covered": 0.0, "percent_covered_display": "0", "missing_lines": 5, "excluded_lines": 0, "percent_statements_covered": 0.0, "percent_statements_covered_display": "0"}, "missing_lines": [202, 204, 205, 207, 208], "excluded_lines": [], "start_line": 191}, "": {"executed_lines": [3, 5, 6, 8, 11, 41, 50, 61, 72, 104, 127, 142, 157, 184, 191], "summary": {"covered_lines": 15, "num_statements": 15, "percent_covered": 100.0, "percent_covered_display": "100", "missing_lines": 0, "excluded_lines": 0, "percent_statements_covered": 100.0, "percent_statements_covered_display": "100"}, "missing_lines": [], "excluded_lines": [], "start_line": 1}}, "classes": {"": {"executed_lines": [3, 5, 6, 8, 11, 21, 22, 24, 35, 36, 37, 38, 41, 42, 50, 51, 61, 62, 72, 73, 74, 75, 77, 87, 88, 89, 90, 91, 93, 94, 95, 96, 97, 98, 100, 101, 104, 105, 106, 127, 128, 129, 130, 132, 133, 134, 135, 137, 138, 139, 142, 143, 151, 153, 154, 157, 158, 159, 161, 162, 163, 164, 165, 167, 181, 184, 185, 186, 188, 191], "summary": {"covered_lines": 70, "num_statements": 94, "percent_covered": 74.46808510638297, "percent_covered_display": "74", "missing_lines": 24, "excluded_lines": 0, "percent_statements_covered": 74.46808510638297, "percent_statements_covered_display": "74"}, "missing_lines": [108, 109, 110, 111, 113, 114, 115, 116, 117, 118, 119, 120, 121, 122, 123, 124, 136, 152, 187, 202, 204, 205, 207, 208], "excluded_lines": [], "start_line": 1}}}, "testql/sumd_parser.py": {"executed_lines": [3, 5, 6, 7, 8, 11, 12, 14, 15, 16, 17, 18, 21, 22, 24, 25, 26, 29, 30, 32, 33, 34, 37, 38, 40, 41, 42, 43, 44, 47, 50, 52, 53, 55, 57, 60, 63, 66, 69, 72, 74, 76, 78, 81, 82, 84, 85, 86, 89, 90, 91, 94, 95, 96, 99, 100, 101, 104, 105, 106, 107, 109, 111, 113, 116, 117, 118, 119, 122, 123, 124, 126, 129, 130, 131, 132, 133, 135, 138, 139, 140, 143, 144, 145, 146, 147, 153, 154, 156, 158, 160, 163, 164, 165, 166, 169, 170, 171, 174, 175, 176, 178, 180, 182, 184, 187, 188, 189, 190, 192, 199, 200, 201, 202, 203, 205, 206, 207, 208, 209, 216, 217, 218, 220, 221, 223, 225, 228, 229, 231, 232, 233, 234, 236, 238, 239, 240, 241, 242, 244, 246, 248, 249, 250, 251, 254, 255, 256, 259, 260, 261, 263, 264, 266, 267, 268, 269, 270, 271, 272, 273, 276, 277, 278, 279, 281, 284, 286, 287], "summary": {"covered_lines": 169, "num_statements": 171, "percent_covered": 98.83040935672514, "percent_covered_display": "99", "missing_lines": 2, "excluded_lines": 0, "percent_statements_covered": 98.83040935672514, "percent_statements_covered_display": "99"}, "missing_lines": [141, 204], "excluded_lines": [], "functions": {"SumdParser.parse_file": {"executed_lines": [52, 53], "summary": {"covered_lines": 2, "num_statements": 2, "percent_covered": 100.0, "percent_covered_display": "100", "missing_lines": 0, "excluded_lines": 0, "percent_statements_covered": 100.0, "percent_statements_covered_display": "100"}, "missing_lines": [], "excluded_lines": [], "start_line": 50}, "SumdParser.parse": {"executed_lines": [57, 60, 63, 66, 69, 72, 74], "summary": {"covered_lines": 7, "num_statements": 7, "percent_covered": 100.0, "percent_covered_display": "100", "missing_lines": 0, "excluded_lines": 0, "percent_statements_covered": 100.0, "percent_statements_covered_display": "100"}, "missing_lines": [], "excluded_lines": [], "start_line": 55}, "SumdParser._parse_metadata": {"executed_lines": [78, 81, 82, 84, 85, 86, 89, 90, 91, 94, 95, 96, 99, 100, 101, 104, 105, 106, 107, 109], "summary": {"covered_lines": 20, "num_statements": 20, "percent_covered": 100.0, "percent_covered_display": "100", "missing_lines": 0, "excluded_lines": 0, "percent_statements_covered": 100.0, "percent_statements_covered_display": "100"}, "missing_lines": [], "excluded_lines": [], "start_line": 76}, "SumdParser._parse_interfaces": {"executed_lines": [113, 116, 117, 118, 119, 122, 123, 124, 126, 129, 130, 131, 132, 133, 135, 138, 139, 140, 143, 144, 145, 146, 147, 153, 154, 156], "summary": {"covered_lines": 26, "num_statements": 27, "percent_covered": 96.29629629629629, "percent_covered_display": "96", "missing_lines": 1, "excluded_lines": 0, "percent_statements_covered": 96.29629629629629, "percent_statements_covered_display": "96"}, "missing_lines": [141], "excluded_lines": [], "start_line": 111}, "SumdParser._parse_workflows": {"executed_lines": [160, 163, 164, 165, 166, 169, 170, 171, 174, 175, 176, 178, 180], "summary": {"covered_lines": 13, "num_statements": 13, "percent_covered": 100.0, "percent_covered_display": "100", "missing_lines": 0, "excluded_lines": 0, "percent_statements_covered": 100.0, "percent_statements_covered_display": "100"}, "missing_lines": [], "excluded_lines": [], "start_line": 158}, "SumdParser._parse_testql_scenarios": {"executed_lines": [184, 187, 188, 189, 190, 192, 199, 200, 201, 202, 203, 205, 206, 207, 208, 209, 216, 217, 218, 220, 221, 223], "summary": {"covered_lines": 22, "num_statements": 23, "percent_covered": 95.65217391304348, "percent_covered_display": "96", "missing_lines": 1, "excluded_lines": 0, "percent_statements_covered": 95.65217391304348, "percent_statements_covered_display": "96"}, "missing_lines": [204], "excluded_lines": [], "start_line": 182}, "SumdParser._parse_architecture": {"executed_lines": [228, 229, 231, 232, 233, 234], "summary": {"covered_lines": 6, "num_statements": 6, "percent_covered": 100.0, "percent_covered_display": "100", "missing_lines": 0, "excluded_lines": 0, "percent_statements_covered": 100.0, "percent_statements_covered_display": "100"}, "missing_lines": [], "excluded_lines": [], "start_line": 225}, "SumdParser._extract_section": {"executed_lines": [238, 239, 240, 241, 242], "summary": {"covered_lines": 5, "num_statements": 5, "percent_covered": 100.0, "percent_covered_display": "100", "missing_lines": 0, "excluded_lines": 0, "percent_statements_covered": 100.0, "percent_statements_covered_display": "100"}, "missing_lines": [], "excluded_lines": [], "start_line": 236}, "SumdParser.generate_testql_scenarios": {"executed_lines": [246, 248, 249, 250, 251, 254, 255, 256, 259, 260, 261, 263, 264, 266, 267, 268, 269, 270, 271, 272, 273, 276, 277, 278, 279, 281], "summary": {"covered_lines": 26, "num_statements": 26, "percent_covered": 100.0, "percent_covered_display": "100", "missing_lines": 0, "excluded_lines": 0, "percent_statements_covered": 100.0, "percent_statements_covered_display": "100"}, "missing_lines": [], "excluded_lines": [], "start_line": 244}, "parse_sumd_file": {"executed_lines": [286, 287], "summary": {"covered_lines": 2, "num_statements": 2, "percent_covered": 100.0, "percent_covered_display": "100", "missing_lines": 0, "excluded_lines": 0, "percent_statements_covered": 100.0, "percent_statements_covered_display": "100"}, "missing_lines": [], "excluded_lines": [], "start_line": 284}, "": {"executed_lines": [3, 5, 6, 7, 8, 11, 12, 14, 15, 16, 17, 18, 21, 22, 24, 25, 26, 29, 30, 32, 33, 34, 37, 38, 40, 41, 42, 43, 44, 47, 50, 55, 76, 111, 158, 182, 225, 236, 244, 284], "summary": {"covered_lines": 40, "num_statements": 40, "percent_covered": 100.0, "percent_covered_display": "100", "missing_lines": 0, "excluded_lines": 0, "percent_statements_covered": 100.0, "percent_statements_covered_display": "100"}, "missing_lines": [], "excluded_lines": [], "start_line": 1}}, "classes": {"SumdMetadata": {"executed_lines": [], "summary": {"covered_lines": 0, "num_statements": 0, "percent_covered": 100.0, "percent_covered_display": "100", "missing_lines": 0, "excluded_lines": 0, "percent_statements_covered": 100.0, "percent_statements_covered_display": "100"}, "missing_lines": [], "excluded_lines": [], "start_line": 12}, "SumdInterface": {"executed_lines": [], "summary": {"covered_lines": 0, "num_statements": 0, "percent_covered": 100.0, "percent_covered_display": "100", "missing_lines": 0, "excluded_lines": 0, "percent_statements_covered": 100.0, "percent_statements_covered_display": "100"}, "missing_lines": [], "excluded_lines": [], "start_line": 22}, "SumdWorkflow": {"executed_lines": [], "summary": {"covered_lines": 0, "num_statements": 0, "percent_covered": 100.0, "percent_covered_display": "100", "missing_lines": 0, "excluded_lines": 0, "percent_statements_covered": 100.0, "percent_statements_covered_display": "100"}, "missing_lines": [], "excluded_lines": [], "start_line": 30}, "SumdDocument": {"executed_lines": [], "summary": {"covered_lines": 0, "num_statements": 0, "percent_covered": 100.0, "percent_covered_display": "100", "missing_lines": 0, "excluded_lines": 0, "percent_statements_covered": 100.0, "percent_statements_covered_display": "100"}, "missing_lines": [], "excluded_lines": [], "start_line": 38}, "SumdParser": {"executed_lines": [52, 53, 57, 60, 63, 66, 69, 72, 74, 78, 81, 82, 84, 85, 86, 89, 90, 91, 94, 95, 96, 99, 100, 101, 104, 105, 106, 107, 109, 113, 116, 117, 118, 119, 122, 123, 124, 126, 129, 130, 131, 132, 133, 135, 138, 139, 140, 143, 144, 145, 146, 147, 153, 154, 156, 160, 163, 164, 165, 166, 169, 170, 171, 174, 175, 176, 178, 180, 184, 187, 188, 189, 190, 192, 199, 200, 201, 202, 203, 205, 206, 207, 208, 209, 216, 217, 218, 220, 221, 223, 228, 229, 231, 232, 233, 234, 238, 239, 240, 241, 242, 246, 248, 249, 250, 251, 254, 255, 256, 259, 260, 261, 263, 264, 266, 267, 268, 269, 270, 271, 272, 273, 276, 277, 278, 279, 281], "summary": {"covered_lines": 127, "num_statements": 129, "percent_covered": 98.44961240310077, "percent_covered_display": "98", "missing_lines": 2, "excluded_lines": 0, "percent_statements_covered": 98.44961240310077, "percent_statements_covered_display": "98"}, "missing_lines": [141, 204], "excluded_lines": [], "start_line": 47}, "": {"executed_lines": [3, 5, 6, 7, 8, 11, 12, 14, 15, 16, 17, 18, 21, 22, 24, 25, 26, 29, 30, 32, 33, 34, 37, 38, 40, 41, 42, 43, 44, 47, 50, 55, 76, 111, 158, 182, 225, 236, 244, 284, 286, 287], "summary": {"covered_lines": 42, "num_statements": 42, "percent_covered": 100.0, "percent_covered_display": "100", "missing_lines": 0, "excluded_lines": 0, "percent_statements_covered": 100.0, "percent_statements_covered_display": "100"}, "missing_lines": [], "excluded_lines": [], "start_line": 1}}}, "testql/toon_parser.py": {"executed_lines": [3, 4, 5, 7, 10, 13, 14, 16, 25, 26, 28, 37, 40, 41, 42, 43, 46, 47, 48, 49, 52, 53, 54, 55, 57, 59, 62, 63, 64, 65, 68, 69, 71, 77, 80, 81, 82, 83, 84, 86, 92, 95, 96, 97, 100, 109, 110], "summary": {"covered_lines": 47, "num_statements": 47, "percent_covered": 100.0, "percent_covered_display": "100", "missing_lines": 0, "excluded_lines": 0, "percent_statements_covered": 100.0, "percent_statements_covered_display": "100"}, "missing_lines": [], "excluded_lines": [], "functions": {"ToonParser.__init__": {"executed_lines": [14], "summary": {"covered_lines": 1, "num_statements": 1, "percent_covered": 100.0, "percent_covered_display": "100", "missing_lines": 0, "excluded_lines": 0, "percent_statements_covered": 100.0, "percent_statements_covered_display": "100"}, "missing_lines": [], "excluded_lines": [], "start_line": 13}, "ToonParser.parse_file": {"executed_lines": [25, 26], "summary": {"covered_lines": 2, "num_statements": 2, "percent_covered": 100.0, "percent_covered_display": "100", "missing_lines": 0, "excluded_lines": 0, "percent_statements_covered": 100.0, "percent_statements_covered_display": "100"}, "missing_lines": [], "excluded_lines": [], "start_line": 16}, "ToonParser.parse": {"executed_lines": [37, 40, 41, 42, 43, 46, 47, 48, 49, 52, 53, 54, 55, 57], "summary": {"covered_lines": 14, "num_statements": 14, "percent_covered": 100.0, "percent_covered_display": "100", "missing_lines": 0, "excluded_lines": 0, "percent_statements_covered": 100.0, "percent_statements_covered_display": "100"}, "missing_lines": [], "excluded_lines": [], "start_line": 28}, "ToonParser._parse_api_block": {"executed_lines": [62, 63, 64, 65, 68, 69, 71], "summary": {"covered_lines": 7, "num_statements": 7, "percent_covered": 100.0, "percent_covered_display": "100", "missing_lines": 0, "excluded_lines": 0, "percent_statements_covered": 100.0, "percent_statements_covered_display": "100"}, "missing_lines": [], "excluded_lines": [], "start_line": 59}, "ToonParser._parse_assert_block": {"executed_lines": [80, 81, 82, 83, 84, 86], "summary": {"covered_lines": 6, "num_statements": 6, "percent_covered": 100.0, "percent_covered_display": "100", "missing_lines": 0, "excluded_lines": 0, "percent_statements_covered": 100.0, "percent_statements_covered_display": "100"}, "missing_lines": [], "excluded_lines": [], "start_line": 77}, "ToonParser._parse_log_block": {"executed_lines": [95, 96, 97], "summary": {"covered_lines": 3, "num_statements": 3, "percent_covered": 100.0, "percent_covered_display": "100", "missing_lines": 0, "excluded_lines": 0, "percent_statements_covered": 100.0, "percent_statements_covered_display": "100"}, "missing_lines": [], "excluded_lines": [], "start_line": 92}, "parse_toon_file": {"executed_lines": [109, 110], "summary": {"covered_lines": 2, "num_statements": 2, "percent_covered": 100.0, "percent_covered_display": "100", "missing_lines": 0, "excluded_lines": 0, "percent_statements_covered": 100.0, "percent_statements_covered_display": "100"}, "missing_lines": [], "excluded_lines": [], "start_line": 100}, "": {"executed_lines": [3, 4, 5, 7, 10, 13, 16, 28, 59, 77, 92, 100], "summary": {"covered_lines": 12, "num_statements": 12, "percent_covered": 100.0, "percent_covered_display": "100", "missing_lines": 0, "excluded_lines": 0, "percent_statements_covered": 100.0, "percent_statements_covered_display": "100"}, "missing_lines": [], "excluded_lines": [], "start_line": 1}}, "classes": {"ToonParser": {"executed_lines": [14, 25, 26, 37, 40, 41, 42, 43, 46, 47, 48, 49, 52, 53, 54, 55, 57, 62, 63, 64, 65, 68, 69, 71, 80, 81, 82, 83, 84, 86, 95, 96, 97], "summary": {"covered_lines": 33, "num_statements": 33, "percent_covered": 100.0, "percent_covered_display": "100", "missing_lines": 0, "excluded_lines": 0, "percent_statements_covered": 100.0, "percent_statements_covered_display": "100"}, "missing_lines": [], "excluded_lines": [], "start_line": 10}, "": {"executed_lines": [3, 4, 5, 7, 10, 13, 16, 28, 59, 77, 92, 100, 109, 110], "summary": {"covered_lines": 14, "num_statements": 14, "percent_covered": 100.0, "percent_covered_display": "100", "missing_lines": 0, "excluded_lines": 0, "percent_statements_covered": 100.0, "percent_statements_covered_display": "100"}, "missing_lines": [], "excluded_lines": [], "start_line": 1}}}}, "totals": {"covered_lines": 2458, "num_statements": 4574, "percent_covered": 53.73852208132925, "percent_covered_display": "54", "missing_lines": 2116, "excluded_lines": 16, "percent_statements_covered": 53.73852208132925, "percent_statements_covered_display": "54"}}